[0.006s] Invoking command in '/home/bhadwabhindi/panda_ws/build/panda_moveit': CMAKE_PREFIX_PATH=/home/bhadwabhindi/panda_ws/install/panda_description:/home/bhadwabhindi/panda_ws/install/panda_controller:/home/bhadwabhindi/ros2_ws/install/my_robot_bringup:/home/bhadwabhindi/ros2_ws/install/surgiarm_description:/home/bhadwabhindi/ros2_ws/install/my_robot_controller:/opt/ros/humble /usr/bin/cmake /home/bhadwabhindi/panda_ws/src/panda_moveit -DCMAKE_INSTALL_PREFIX=/home/bhadwabhindi/panda_ws/install/panda_moveit
[0.049s] -- The C compiler identification is GNU 11.4.0
[0.086s] -- The CXX compiler identification is GNU 11.4.0
[0.091s] -- Detecting C compiler ABI info
[0.136s] -- Detecting C compiler ABI info - done
[0.140s] -- Check for working C compiler: /usr/bin/cc - skipped
[0.140s] -- Detecting C compile features
[0.140s] -- Detecting C compile features - done
[0.143s] -- Detecting CXX compiler ABI info
[0.196s] -- Detecting CXX compiler ABI info - done
[0.204s] -- Check for working CXX compiler: /usr/bin/c++ - skipped
[0.204s] -- Detecting CXX compile features
[0.204s] -- Detecting CXX compile features - done
[0.207s] -- Found ament_cmake: 1.3.12 (/opt/ros/humble/share/ament_cmake/cmake)
[0.623s] -- Found Python3: /usr/bin/python3 (found version "3.10.12") found components: Interpreter 
[0.683s] -- Found ament_lint_auto: 0.12.14 (/opt/ros/humble/share/ament_lint_auto/cmake)
[0.734s] -- Added test 'flake8' to check Python code syntax and style conventions
[0.734s] -- Added test 'lint_cmake' to check CMake code style
[0.734s] -- Added test 'pep257' to check Python code against some of the docstring style conventions in PEP 257
[0.735s] -- Added test 'xmllint' to check XML markup files
[0.736s] -- Configuring done
[0.737s] -- Generating done
[0.738s] -- Build files have been written to: /home/bhadwabhindi/panda_ws/build/panda_moveit
[0.740s] Invoked command in '/home/bhadwabhindi/panda_ws/build/panda_moveit' returned '0': CMAKE_PREFIX_PATH=/home/bhadwabhindi/panda_ws/install/panda_description:/home/bhadwabhindi/panda_ws/install/panda_controller:/home/bhadwabhindi/ros2_ws/install/my_robot_bringup:/home/bhadwabhindi/ros2_ws/install/surgiarm_description:/home/bhadwabhindi/ros2_ws/install/my_robot_controller:/opt/ros/humble /usr/bin/cmake /home/bhadwabhindi/panda_ws/src/panda_moveit -DCMAKE_INSTALL_PREFIX=/home/bhadwabhindi/panda_ws/install/panda_moveit
[0.741s] Invoking command in '/home/bhadwabhindi/panda_ws/build/panda_moveit': CMAKE_PREFIX_PATH=/home/bhadwabhindi/panda_ws/install/panda_description:/home/bhadwabhindi/panda_ws/install/panda_controller:/home/bhadwabhindi/ros2_ws/install/my_robot_bringup:/home/bhadwabhindi/ros2_ws/install/surgiarm_description:/home/bhadwabhindi/ros2_ws/install/my_robot_controller:/opt/ros/humble /usr/bin/cmake --build /home/bhadwabhindi/panda_ws/build/panda_moveit -- -j12 -l12
[0.769s] Invoked command in '/home/bhadwabhindi/panda_ws/build/panda_moveit' returned '0': CMAKE_PREFIX_PATH=/home/bhadwabhindi/panda_ws/install/panda_description:/home/bhadwabhindi/panda_ws/install/panda_controller:/home/bhadwabhindi/ros2_ws/install/my_robot_bringup:/home/bhadwabhindi/ros2_ws/install/surgiarm_description:/home/bhadwabhindi/ros2_ws/install/my_robot_controller:/opt/ros/humble /usr/bin/cmake --build /home/bhadwabhindi/panda_ws/build/panda_moveit -- -j12 -l12
[0.770s] Invoking command in '/home/bhadwabhindi/panda_ws/build/panda_moveit': CMAKE_PREFIX_PATH=/home/bhadwabhindi/panda_ws/install/panda_description:/home/bhadwabhindi/panda_ws/install/panda_controller:/home/bhadwabhindi/ros2_ws/install/my_robot_bringup:/home/bhadwabhindi/ros2_ws/install/surgiarm_description:/home/bhadwabhindi/ros2_ws/install/my_robot_controller:/opt/ros/humble /usr/bin/cmake --install /home/bhadwabhindi/panda_ws/build/panda_moveit
[0.776s] -- Install configuration: ""
[0.776s] -- Installing: /home/bhadwabhindi/panda_ws/install/panda_moveit/share/panda_moveit/launch
[0.776s] -- Installing: /home/bhadwabhindi/panda_ws/install/panda_moveit/share/panda_moveit/launch/moveit.launch.py
[0.776s] -- Installing: /home/bhadwabhindi/panda_ws/install/panda_moveit/share/panda_moveit/config
[0.776s] -- Installing: /home/bhadwabhindi/panda_ws/install/panda_moveit/share/panda_moveit/config/kinematics.yaml
[0.777s] -- Installing: /home/bhadwabhindi/panda_ws/install/panda_moveit/share/panda_moveit/config/moveit_controllers.yaml
[0.777s] -- Installing: /home/bhadwabhindi/panda_ws/install/panda_moveit/share/panda_moveit/config/initial_positions.yaml
[0.777s] -- Installing: /home/bhadwabhindi/panda_ws/install/panda_moveit/share/panda_moveit/config/panda.srdf
[0.777s] -- Installing: /home/bhadwabhindi/panda_ws/install/panda_moveit/share/panda_moveit/config/planning_python_api.yaml
[0.777s] -- Installing: /home/bhadwabhindi/panda_ws/install/panda_moveit/share/panda_moveit/config/pilz_cartesian_limits.yaml
[0.777s] -- Installing: /home/bhadwabhindi/panda_ws/install/panda_moveit/share/panda_moveit/config/joint_limits.yaml
[0.777s] -- Installing: /home/bhadwabhindi/panda_ws/install/panda_moveit/share/panda_moveit/rviz
[0.777s] -- Installing: /home/bhadwabhindi/panda_ws/install/panda_moveit/share/panda_moveit/rviz/moveit.rviz
[0.777s] -- Installing: /home/bhadwabhindi/panda_ws/install/panda_moveit/share/ament_index/resource_index/package_run_dependencies/panda_moveit
[0.777s] -- Installing: /home/bhadwabhindi/panda_ws/install/panda_moveit/share/ament_index/resource_index/parent_prefix_path/panda_moveit
[0.777s] -- Installing: /home/bhadwabhindi/panda_ws/install/panda_moveit/share/panda_moveit/environment/ament_prefix_path.sh
[0.777s] -- Installing: /home/bhadwabhindi/panda_ws/install/panda_moveit/share/panda_moveit/environment/ament_prefix_path.dsv
[0.777s] -- Installing: /home/bhadwabhindi/panda_ws/install/panda_moveit/share/panda_moveit/environment/path.sh
[0.777s] -- Installing: /home/bhadwabhindi/panda_ws/install/panda_moveit/share/panda_moveit/environment/path.dsv
[0.777s] -- Installing: /home/bhadwabhindi/panda_ws/install/panda_moveit/share/panda_moveit/local_setup.bash
[0.777s] -- Installing: /home/bhadwabhindi/panda_ws/install/panda_moveit/share/panda_moveit/local_setup.sh
[0.777s] -- Installing: /home/bhadwabhindi/panda_ws/install/panda_moveit/share/panda_moveit/local_setup.zsh
[0.778s] -- Installing: /home/bhadwabhindi/panda_ws/install/panda_moveit/share/panda_moveit/local_setup.dsv
[0.778s] -- Installing: /home/bhadwabhindi/panda_ws/install/panda_moveit/share/panda_moveit/package.dsv
[0.778s] -- Installing: /home/bhadwabhindi/panda_ws/install/panda_moveit/share/ament_index/resource_index/packages/panda_moveit
[0.778s] -- Installing: /home/bhadwabhindi/panda_ws/install/panda_moveit/share/panda_moveit/cmake/panda_moveitConfig.cmake
[0.778s] -- Installing: /home/bhadwabhindi/panda_ws/install/panda_moveit/share/panda_moveit/cmake/panda_moveitConfig-version.cmake
[0.778s] -- Installing: /home/bhadwabhindi/panda_ws/install/panda_moveit/share/panda_moveit/package.xml
[0.778s] Invoked command in '/home/bhadwabhindi/panda_ws/build/panda_moveit' returned '0': CMAKE_PREFIX_PATH=/home/bhadwabhindi/panda_ws/install/panda_description:/home/bhadwabhindi/panda_ws/install/panda_controller:/home/bhadwabhindi/ros2_ws/install/my_robot_bringup:/home/bhadwabhindi/ros2_ws/install/surgiarm_description:/home/bhadwabhindi/ros2_ws/install/my_robot_controller:/opt/ros/humble /usr/bin/cmake --install /home/bhadwabhindi/panda_ws/build/panda_moveit
