-- The C compiler identification is GNU 11.4.0
-- The CXX compiler identification is GNU 11.4.0
-- Detecting C compiler ABI info
-- Detecting C compiler ABI info - done
-- Check for working C compiler: /usr/bin/cc - skipped
-- Detecting C compile features
-- Detecting C compile features - done
-- Detecting CXX compiler ABI info
-- Detecting CXX compiler ABI info - done
-- Check for working CXX compiler: /usr/bin/c++ - skipped
-- Detecting CXX compile features
-- Detecting CXX compile features - done
-- Found ament_cmake: 1.3.12 (/opt/ros/humble/share/ament_cmake/cmake)
-- Found Python3: /usr/bin/python3 (found version "3.10.12") found components: Interpreter 
-- Found rclpy: 3.3.19 (/opt/ros/humble/share/rclpy/cmake)
-- Found sensor_msgs: 4.9.0 (/opt/ros/humble/share/sensor_msgs/cmake)
-- Found rosidl_generator_c: 3.1.8 (/opt/ros/humble/share/rosidl_generator_c/cmake)
-- Found rosidl_adapter: 3.1.8 (/opt/ros/humble/share/rosidl_adapter/cmake)
-- Found rosidl_generator_cpp: 3.1.8 (/opt/ros/humble/share/rosidl_generator_cpp/cmake)
-- Using all available rosidl_typesupport_c: rosidl_typesupport_fastrtps_c;rosidl_typesupport_introspection_c
-- Using all available rosidl_typesupport_cpp: rosidl_typesupport_fastrtps_cpp;rosidl_typesupport_introspection_cpp
-- Found trajectory_msgs: 4.9.0 (/opt/ros/humble/share/trajectory_msgs/cmake)
-- Found control_msgs: 4.8.0 (/opt/ros/humble/share/control_msgs/cmake)
-- Found controller_manager: 2.53.0 (/opt/ros/humble/share/controller_manager/cmake)
-- Found rmw_implementation_cmake: 6.1.2 (/opt/ros/humble/share/rmw_implementation_cmake/cmake)
-- Found rmw_fastrtps_cpp: 6.2.9 (/opt/ros/humble/share/rmw_fastrtps_cpp/cmake)
-- Found TinyXML2 via Config file: TinyXML2_DIR-NOTFOUND
-- Found OpenSSL: /usr/lib/x86_64-linux-gnu/libcrypto.so (found version "3.0.2")  
-- Found TinyXML2 via Config file: TinyXML2_DIR-NOTFOUND
-- Found FastRTPS: /opt/ros/humble/include  
-- Found TinyXML2 via Config file: TinyXML2_DIR-NOTFOUND
-- Found TinyXML2 via Config file: TinyXML2_DIR-NOTFOUND
-- Using RMW implementation 'rmw_fastrtps_cpp' as default
-- Looking for pthread.h
-- Looking for pthread.h - found
-- Performing Test CMAKE_HAVE_LIBC_PTHREAD
-- Performing Test CMAKE_HAVE_LIBC_PTHREAD - Success
-- Found Threads: TRUE  
-- Found joint_trajectory_controller: 2.52.0 (/opt/ros/humble/share/joint_trajectory_controller/cmake)
-- Found joint_state_broadcaster: 2.52.0 (/opt/ros/humble/share/joint_state_broadcaster/cmake)
-- Found ament_lint_auto: 0.12.14 (/opt/ros/humble/share/ament_lint_auto/cmake)
-- Added test 'flake8' to check Python code syntax and style conventions
-- Added test 'lint_cmake' to check CMake code style
-- Added test 'pep257' to check Python code against some of the docstring style conventions in PEP 257
-- Added test 'xmllint' to check XML markup files
-- Configuring done
-- Generating done
-- Build files have been written to: /home/bhadwabhindi/panda_ws/build/panda_controller
Built target ament_cmake_python_copy_panda_controller
running egg_info
creating panda_controller.egg-info
writing panda_controller.egg-info/PKG-INFO
writing dependency_links to panda_controller.egg-info/dependency_links.txt
writing top-level names to panda_controller.egg-info/top_level.txt
writing manifest file 'panda_controller.egg-info/SOURCES.txt'
reading manifest file 'panda_controller.egg-info/SOURCES.txt'
writing manifest file 'panda_controller.egg-info/SOURCES.txt'
Built target ament_cmake_python_build_panda_controller_egg
-- Install configuration: ""
-- Installing: /home/bhadwabhindi/panda_ws/install/panda_controller/share/panda_controller//launch
-- Installing: /home/bhadwabhindi/panda_ws/install/panda_controller/share/panda_controller//launch/panda_controller.launch.py
-- Installing: /home/bhadwabhindi/panda_ws/install/panda_controller/share/panda_controller//config
-- Installing: /home/bhadwabhindi/panda_ws/install/panda_controller/share/panda_controller//config/panda_controllers.yaml
-- Installing: /home/bhadwabhindi/panda_ws/install/panda_controller/share/panda_controller/environment/pythonpath.sh
-- Installing: /home/bhadwabhindi/panda_ws/install/panda_controller/share/panda_controller/environment/pythonpath.dsv
-- Installing: /home/bhadwabhindi/panda_ws/install/panda_controller/local/lib/python3.10/dist-packages/panda_controller-0.0.0-py3.10.egg-info
-- Installing: /home/bhadwabhindi/panda_ws/install/panda_controller/local/lib/python3.10/dist-packages/panda_controller-0.0.0-py3.10.egg-info/dependency_links.txt
-- Installing: /home/bhadwabhindi/panda_ws/install/panda_controller/local/lib/python3.10/dist-packages/panda_controller-0.0.0-py3.10.egg-info/top_level.txt
-- Installing: /home/bhadwabhindi/panda_ws/install/panda_controller/local/lib/python3.10/dist-packages/panda_controller-0.0.0-py3.10.egg-info/SOURCES.txt
-- Installing: /home/bhadwabhindi/panda_ws/install/panda_controller/local/lib/python3.10/dist-packages/panda_controller-0.0.0-py3.10.egg-info/PKG-INFO
-- Installing: /home/bhadwabhindi/panda_ws/install/panda_controller/local/lib/python3.10/dist-packages/panda_controller
-- Installing: /home/bhadwabhindi/panda_ws/install/panda_controller/local/lib/python3.10/dist-packages/panda_controller/__init__.py
-- Installing: /home/bhadwabhindi/panda_ws/install/panda_controller/local/lib/python3.10/dist-packages/panda_controller/silder_controller.py
Listing '/home/bhadwabhindi/panda_ws/install/panda_controller/local/lib/python3.10/dist-packages/panda_controller'...
Compiling '/home/bhadwabhindi/panda_ws/install/panda_controller/local/lib/python3.10/dist-packages/panda_controller/__init__.py'...
Compiling '/home/bhadwabhindi/panda_ws/install/panda_controller/local/lib/python3.10/dist-packages/panda_controller/silder_controller.py'...
