[0.005s] Invoking command in '/home/bhadwabhindi/panda_ws/build/panda_controller': AMENT_PREFIX_PATH=/home/bhadwabhindi/panda_ws/install/panda_description:${AMENT_PREFIX_PATH} CMAKE_PREFIX_PATH=/home/bhadwabhindi/panda_ws/install/panda_description:/home/bhadwabhindi/ros2_ws/install/my_robot_bringup:/home/bhadwabhindi/ros2_ws/install/surgiarm_description:/home/bhadwabhindi/ros2_ws/install/my_robot_controller:/opt/ros/humble /usr/bin/cmake /home/bhadwabhindi/panda_ws/src/panda_controller -DCMAKE_INSTALL_PREFIX=/home/bhadwabhindi/panda_ws/install/panda_controller
[0.103s] -- The C compiler identification is GNU 11.4.0
[0.164s] -- The CXX compiler identification is GNU 11.4.0
[0.173s] -- Detecting C compiler ABI info
[0.224s] -- Detecting C compiler ABI info - done
[0.229s] -- Check for working C compiler: /usr/bin/cc - skipped
[0.229s] -- Detecting C compile features
[0.230s] -- Detecting C compile features - done
[0.232s] -- Detecting CXX compiler ABI info
[0.285s] -- Detecting CXX compiler ABI info - done
[0.292s] -- Check for working CXX compiler: /usr/bin/c++ - skipped
[0.293s] -- Detecting CXX compile features
[0.293s] -- Detecting CXX compile features - done
[0.296s] -- Found ament_cmake: 1.3.12 (/opt/ros/humble/share/ament_cmake/cmake)
[0.708s] -- Found Python3: /usr/bin/python3 (found version "3.10.12") found components: Interpreter 
[0.782s] -- Found rclpy: 3.3.19 (/opt/ros/humble/share/rclpy/cmake)
[0.783s] -- Found sensor_msgs: 4.9.0 (/opt/ros/humble/share/sensor_msgs/cmake)
[0.814s] -- Found rosidl_generator_c: 3.1.8 (/opt/ros/humble/share/rosidl_generator_c/cmake)
[0.818s] -- Found rosidl_adapter: 3.1.8 (/opt/ros/humble/share/rosidl_adapter/cmake)
[0.825s] -- Found rosidl_generator_cpp: 3.1.8 (/opt/ros/humble/share/rosidl_generator_cpp/cmake)
[0.837s] -- Using all available rosidl_typesupport_c: rosidl_typesupport_fastrtps_c;rosidl_typesupport_introspection_c
[0.850s] -- Using all available rosidl_typesupport_cpp: rosidl_typesupport_fastrtps_cpp;rosidl_typesupport_introspection_cpp
[0.894s] -- Found trajectory_msgs: 4.9.0 (/opt/ros/humble/share/trajectory_msgs/cmake)
[0.906s] -- Found control_msgs: 4.8.0 (/opt/ros/humble/share/control_msgs/cmake)
[0.945s] -- Found controller_manager: 2.53.0 (/opt/ros/humble/share/controller_manager/cmake)
[1.020s] -- Found rmw_implementation_cmake: 6.1.2 (/opt/ros/humble/share/rmw_implementation_cmake/cmake)
[1.022s] -- Found rmw_fastrtps_cpp: 6.2.9 (/opt/ros/humble/share/rmw_fastrtps_cpp/cmake)
[1.051s] -- Found TinyXML2 via Config file: TinyXML2_DIR-NOTFOUND
[1.103s] -- Found OpenSSL: /usr/lib/x86_64-linux-gnu/libcrypto.so (found version "3.0.2")  
[1.106s] -- Found TinyXML2 via Config file: TinyXML2_DIR-NOTFOUND
[1.117s] -- Found FastRTPS: /opt/ros/humble/include  
[1.119s] -- Found TinyXML2 via Config file: TinyXML2_DIR-NOTFOUND
[1.124s] -- Found TinyXML2 via Config file: TinyXML2_DIR-NOTFOUND
[1.133s] -- Using RMW implementation 'rmw_fastrtps_cpp' as default
[1.142s] -- Looking for pthread.h
[1.195s] -- Looking for pthread.h - found
[1.196s] -- Performing Test CMAKE_HAVE_LIBC_PTHREAD
[1.266s] -- Performing Test CMAKE_HAVE_LIBC_PTHREAD - Success
[1.267s] -- Found Threads: TRUE  
[1.331s] -- Found joint_trajectory_controller: 2.52.0 (/opt/ros/humble/share/joint_trajectory_controller/cmake)
[1.378s] -- Found joint_state_broadcaster: 2.52.0 (/opt/ros/humble/share/joint_state_broadcaster/cmake)
[1.439s] -- Found ament_lint_auto: 0.12.14 (/opt/ros/humble/share/ament_lint_auto/cmake)
[1.491s] -- Added test 'flake8' to check Python code syntax and style conventions
[1.491s] -- Added test 'lint_cmake' to check CMake code style
[1.492s] -- Added test 'pep257' to check Python code against some of the docstring style conventions in PEP 257
[1.492s] -- Added test 'xmllint' to check XML markup files
[1.493s] -- Configuring done
[1.496s] -- Generating done
[1.497s] -- Build files have been written to: /home/bhadwabhindi/panda_ws/build/panda_controller
[1.504s] Invoked command in '/home/bhadwabhindi/panda_ws/build/panda_controller' returned '0': AMENT_PREFIX_PATH=/home/bhadwabhindi/panda_ws/install/panda_description:${AMENT_PREFIX_PATH} CMAKE_PREFIX_PATH=/home/bhadwabhindi/panda_ws/install/panda_description:/home/bhadwabhindi/ros2_ws/install/my_robot_bringup:/home/bhadwabhindi/ros2_ws/install/surgiarm_description:/home/bhadwabhindi/ros2_ws/install/my_robot_controller:/opt/ros/humble /usr/bin/cmake /home/bhadwabhindi/panda_ws/src/panda_controller -DCMAKE_INSTALL_PREFIX=/home/bhadwabhindi/panda_ws/install/panda_controller
[1.505s] Invoking command in '/home/bhadwabhindi/panda_ws/build/panda_controller': AMENT_PREFIX_PATH=/home/bhadwabhindi/panda_ws/install/panda_description:${AMENT_PREFIX_PATH} CMAKE_PREFIX_PATH=/home/bhadwabhindi/panda_ws/install/panda_description:/home/bhadwabhindi/ros2_ws/install/my_robot_bringup:/home/bhadwabhindi/ros2_ws/install/surgiarm_description:/home/bhadwabhindi/ros2_ws/install/my_robot_controller:/opt/ros/humble /usr/bin/cmake --build /home/bhadwabhindi/panda_ws/build/panda_controller -- -j12 -l12
[1.546s] Built target ament_cmake_python_copy_panda_controller
[1.760s] running egg_info
[1.761s] creating panda_controller.egg-info
[1.769s] writing panda_controller.egg-info/PKG-INFO
[1.769s] writing dependency_links to panda_controller.egg-info/dependency_links.txt
[1.769s] writing top-level names to panda_controller.egg-info/top_level.txt
[1.769s] writing manifest file 'panda_controller.egg-info/SOURCES.txt'
[1.799s] reading manifest file 'panda_controller.egg-info/SOURCES.txt'
[1.799s] writing manifest file 'panda_controller.egg-info/SOURCES.txt'
[1.824s] Built target ament_cmake_python_build_panda_controller_egg
[1.832s] Invoked command in '/home/bhadwabhindi/panda_ws/build/panda_controller' returned '0': AMENT_PREFIX_PATH=/home/bhadwabhindi/panda_ws/install/panda_description:${AMENT_PREFIX_PATH} CMAKE_PREFIX_PATH=/home/bhadwabhindi/panda_ws/install/panda_description:/home/bhadwabhindi/ros2_ws/install/my_robot_bringup:/home/bhadwabhindi/ros2_ws/install/surgiarm_description:/home/bhadwabhindi/ros2_ws/install/my_robot_controller:/opt/ros/humble /usr/bin/cmake --build /home/bhadwabhindi/panda_ws/build/panda_controller -- -j12 -l12
[1.834s] Invoking command in '/home/bhadwabhindi/panda_ws/build/panda_controller': AMENT_PREFIX_PATH=/home/bhadwabhindi/panda_ws/install/panda_description:${AMENT_PREFIX_PATH} CMAKE_PREFIX_PATH=/home/bhadwabhindi/panda_ws/install/panda_description:/home/bhadwabhindi/ros2_ws/install/my_robot_bringup:/home/bhadwabhindi/ros2_ws/install/surgiarm_description:/home/bhadwabhindi/ros2_ws/install/my_robot_controller:/opt/ros/humble /usr/bin/cmake --install /home/bhadwabhindi/panda_ws/build/panda_controller
[1.840s] -- Install configuration: ""
[1.840s] -- Installing: /home/bhadwabhindi/panda_ws/install/panda_controller/share/panda_controller//launch
[1.840s] -- Installing: /home/bhadwabhindi/panda_ws/install/panda_controller/share/panda_controller//launch/panda_controller.launch.py
[1.840s] -- Installing: /home/bhadwabhindi/panda_ws/install/panda_controller/share/panda_controller//config
[1.841s] -- Installing: /home/bhadwabhindi/panda_ws/install/panda_controller/share/panda_controller//config/panda_controllers.yaml
[1.841s] -- Installing: /home/bhadwabhindi/panda_ws/install/panda_controller/share/panda_controller/environment/pythonpath.sh
[1.841s] -- Installing: /home/bhadwabhindi/panda_ws/install/panda_controller/share/panda_controller/environment/pythonpath.dsv
[1.841s] -- Installing: /home/bhadwabhindi/panda_ws/install/panda_controller/local/lib/python3.10/dist-packages/panda_controller-0.0.0-py3.10.egg-info
[1.841s] -- Installing: /home/bhadwabhindi/panda_ws/install/panda_controller/local/lib/python3.10/dist-packages/panda_controller-0.0.0-py3.10.egg-info/dependency_links.txt
[1.841s] -- Installing: /home/bhadwabhindi/panda_ws/install/panda_controller/local/lib/python3.10/dist-packages/panda_controller-0.0.0-py3.10.egg-info/top_level.txt
[1.841s] -- Installing: /home/bhadwabhindi/panda_ws/install/panda_controller/local/lib/python3.10/dist-packages/panda_controller-0.0.0-py3.10.egg-info/SOURCES.txt
[1.841s] -- Installing: /home/bhadwabhindi/panda_ws/install/panda_controller/local/lib/python3.10/dist-packages/panda_controller-0.0.0-py3.10.egg-info/PKG-INFO
[1.841s] -- Installing: /home/bhadwabhindi/panda_ws/install/panda_controller/local/lib/python3.10/dist-packages/panda_controller
[1.841s] -- Installing: /home/bhadwabhindi/panda_ws/install/panda_controller/local/lib/python3.10/dist-packages/panda_controller/__init__.py
[1.841s] -- Installing: /home/bhadwabhindi/panda_ws/install/panda_controller/local/lib/python3.10/dist-packages/panda_controller/silder_controller.py
[1.865s] Listing '/home/bhadwabhindi/panda_ws/install/panda_controller/local/lib/python3.10/dist-packages/panda_controller'...
[1.865s] Compiling '/home/bhadwabhindi/panda_ws/install/panda_controller/local/lib/python3.10/dist-packages/panda_controller/__init__.py'...
[1.865s] Compiling '/home/bhadwabhindi/panda_ws/install/panda_controller/local/lib/python3.10/dist-packages/panda_controller/silder_controller.py'...
[1.868s] [31mCMake Error at cmake_install.cmake:78 (file):
[1.868s]   file INSTALL cannot find
[1.868s]   "/home/bhadwabhindi/panda_ws/src/panda_controller/panda_controller/slider_controller.py":
[1.868s]   No such file or directory.
[1.868s] 
[1.868s] [0m
[1.869s] Invoked command in '/home/bhadwabhindi/panda_ws/build/panda_controller' returned '1': AMENT_PREFIX_PATH=/home/bhadwabhindi/panda_ws/install/panda_description:${AMENT_PREFIX_PATH} CMAKE_PREFIX_PATH=/home/bhadwabhindi/panda_ws/install/panda_description:/home/bhadwabhindi/ros2_ws/install/my_robot_bringup:/home/bhadwabhindi/ros2_ws/install/surgiarm_description:/home/bhadwabhindi/ros2_ws/install/my_robot_controller:/opt/ros/humble /usr/bin/cmake --install /home/bhadwabhindi/panda_ws/build/panda_controller
