[0.008s] Invoking command in '/home/bhadwabhindi/panda_ws/build/panda_bringup': AMENT_PREFIX_PATH=/home/bhadwabhindi/panda_ws/install/pymoveit2:${AMENT_PREFIX_PATH} CMAKE_PREFIX_PATH=/home/bhadwabhindi/panda_ws/install/panda_moveit:/home/bhadwabhindi/panda_ws/install/panda_controller:/home/bhadwabhindi/panda_ws/install/pymoveit2:/home/bhadwabhindi/panda_ws/install/panda_description:/home/bhadwabhindi/ros2_ws/install/my_robot_bringup:/home/bhadwabhindi/panda_ws/install/panda_vision:/home/bhadwabhindi/ros2_ws/install/surgiarm_description:/home/bhadwabhindi/ros2_ws/install/my_robot_controller:/opt/ros/humble PYTHONPATH=/home/bhadwabhindi/panda_ws/install/pymoveit2/local/lib/python3.10/dist-packages:${PYTHONPATH} /usr/bin/cmake /home/bhadwabhindi/panda_ws/src/panda_bringup -DCMAKE_INSTALL_PREFIX=/home/bhadwabhindi/panda_ws/install/panda_bringup
[0.016s] -- Found ament_cmake: 1.3.12 (/opt/ros/humble/share/ament_cmake/cmake)
[0.138s] -- Configuring done
[0.140s] -- Generating done
[0.140s] -- Build files have been written to: /home/bhadwabhindi/panda_ws/build/panda_bringup
[0.142s] Invoked command in '/home/bhadwabhindi/panda_ws/build/panda_bringup' returned '0': AMENT_PREFIX_PATH=/home/bhadwabhindi/panda_ws/install/pymoveit2:${AMENT_PREFIX_PATH} CMAKE_PREFIX_PATH=/home/bhadwabhindi/panda_ws/install/panda_moveit:/home/bhadwabhindi/panda_ws/install/panda_controller:/home/bhadwabhindi/panda_ws/install/pymoveit2:/home/bhadwabhindi/panda_ws/install/panda_description:/home/bhadwabhindi/ros2_ws/install/my_robot_bringup:/home/bhadwabhindi/panda_ws/install/panda_vision:/home/bhadwabhindi/ros2_ws/install/surgiarm_description:/home/bhadwabhindi/ros2_ws/install/my_robot_controller:/opt/ros/humble PYTHONPATH=/home/bhadwabhindi/panda_ws/install/pymoveit2/local/lib/python3.10/dist-packages:${PYTHONPATH} /usr/bin/cmake /home/bhadwabhindi/panda_ws/src/panda_bringup -DCMAKE_INSTALL_PREFIX=/home/bhadwabhindi/panda_ws/install/panda_bringup
[0.143s] Invoking command in '/home/bhadwabhindi/panda_ws/build/panda_bringup': AMENT_PREFIX_PATH=/home/bhadwabhindi/panda_ws/install/pymoveit2:${AMENT_PREFIX_PATH} CMAKE_PREFIX_PATH=/home/bhadwabhindi/panda_ws/install/panda_moveit:/home/bhadwabhindi/panda_ws/install/panda_controller:/home/bhadwabhindi/panda_ws/install/pymoveit2:/home/bhadwabhindi/panda_ws/install/panda_description:/home/bhadwabhindi/ros2_ws/install/my_robot_bringup:/home/bhadwabhindi/panda_ws/install/panda_vision:/home/bhadwabhindi/ros2_ws/install/surgiarm_description:/home/bhadwabhindi/ros2_ws/install/my_robot_controller:/opt/ros/humble PYTHONPATH=/home/bhadwabhindi/panda_ws/install/pymoveit2/local/lib/python3.10/dist-packages:${PYTHONPATH} /usr/bin/cmake --build /home/bhadwabhindi/panda_ws/build/panda_bringup -- -j12 -l12
[0.172s] Invoked command in '/home/bhadwabhindi/panda_ws/build/panda_bringup' returned '0': AMENT_PREFIX_PATH=/home/bhadwabhindi/panda_ws/install/pymoveit2:${AMENT_PREFIX_PATH} CMAKE_PREFIX_PATH=/home/bhadwabhindi/panda_ws/install/panda_moveit:/home/bhadwabhindi/panda_ws/install/panda_controller:/home/bhadwabhindi/panda_ws/install/pymoveit2:/home/bhadwabhindi/panda_ws/install/panda_description:/home/bhadwabhindi/ros2_ws/install/my_robot_bringup:/home/bhadwabhindi/panda_ws/install/panda_vision:/home/bhadwabhindi/ros2_ws/install/surgiarm_description:/home/bhadwabhindi/ros2_ws/install/my_robot_controller:/opt/ros/humble PYTHONPATH=/home/bhadwabhindi/panda_ws/install/pymoveit2/local/lib/python3.10/dist-packages:${PYTHONPATH} /usr/bin/cmake --build /home/bhadwabhindi/panda_ws/build/panda_bringup -- -j12 -l12
[0.173s] Invoking command in '/home/bhadwabhindi/panda_ws/build/panda_bringup': AMENT_PREFIX_PATH=/home/bhadwabhindi/panda_ws/install/pymoveit2:${AMENT_PREFIX_PATH} CMAKE_PREFIX_PATH=/home/bhadwabhindi/panda_ws/install/panda_moveit:/home/bhadwabhindi/panda_ws/install/panda_controller:/home/bhadwabhindi/panda_ws/install/pymoveit2:/home/bhadwabhindi/panda_ws/install/panda_description:/home/bhadwabhindi/ros2_ws/install/my_robot_bringup:/home/bhadwabhindi/panda_ws/install/panda_vision:/home/bhadwabhindi/ros2_ws/install/surgiarm_description:/home/bhadwabhindi/ros2_ws/install/my_robot_controller:/opt/ros/humble PYTHONPATH=/home/bhadwabhindi/panda_ws/install/pymoveit2/local/lib/python3.10/dist-packages:${PYTHONPATH} /usr/bin/cmake --install /home/bhadwabhindi/panda_ws/build/panda_bringup
[0.178s] -- Install configuration: ""
[0.178s] -- Installing: /home/bhadwabhindi/panda_ws/install/panda_bringup/share/panda_bringup/launch
[0.178s] -- Installing: /home/bhadwabhindi/panda_ws/install/panda_bringup/share/panda_bringup/launch/pick_and_place.launch.py
[0.178s] -- Installing: /home/bhadwabhindi/panda_ws/install/panda_bringup/share/ament_index/resource_index/package_run_dependencies/panda_bringup
[0.178s] -- Installing: /home/bhadwabhindi/panda_ws/install/panda_bringup/share/ament_index/resource_index/parent_prefix_path/panda_bringup
[0.178s] -- Installing: /home/bhadwabhindi/panda_ws/install/panda_bringup/share/panda_bringup/environment/ament_prefix_path.sh
[0.178s] -- Installing: /home/bhadwabhindi/panda_ws/install/panda_bringup/share/panda_bringup/environment/ament_prefix_path.dsv
[0.178s] -- Installing: /home/bhadwabhindi/panda_ws/install/panda_bringup/share/panda_bringup/environment/path.sh
[0.178s] -- Installing: /home/bhadwabhindi/panda_ws/install/panda_bringup/share/panda_bringup/environment/path.dsv
[0.179s] -- Installing: /home/bhadwabhindi/panda_ws/install/panda_bringup/share/panda_bringup/local_setup.bash
[0.179s] -- Installing: /home/bhadwabhindi/panda_ws/install/panda_bringup/share/panda_bringup/local_setup.sh
[0.179s] -- Installing: /home/bhadwabhindi/panda_ws/install/panda_bringup/share/panda_bringup/local_setup.zsh
[0.179s] -- Installing: /home/bhadwabhindi/panda_ws/install/panda_bringup/share/panda_bringup/local_setup.dsv
[0.179s] -- Installing: /home/bhadwabhindi/panda_ws/install/panda_bringup/share/panda_bringup/package.dsv
[0.179s] -- Installing: /home/bhadwabhindi/panda_ws/install/panda_bringup/share/ament_index/resource_index/packages/panda_bringup
[0.179s] -- Installing: /home/bhadwabhindi/panda_ws/install/panda_bringup/share/panda_bringup/cmake/panda_bringupConfig.cmake
[0.179s] -- Installing: /home/bhadwabhindi/panda_ws/install/panda_bringup/share/panda_bringup/cmake/panda_bringupConfig-version.cmake
[0.179s] -- Installing: /home/bhadwabhindi/panda_ws/install/panda_bringup/share/panda_bringup/package.xml
[0.181s] Invoked command in '/home/bhadwabhindi/panda_ws/build/panda_bringup' returned '0': AMENT_PREFIX_PATH=/home/bhadwabhindi/panda_ws/install/pymoveit2:${AMENT_PREFIX_PATH} CMAKE_PREFIX_PATH=/home/bhadwabhindi/panda_ws/install/panda_moveit:/home/bhadwabhindi/panda_ws/install/panda_controller:/home/bhadwabhindi/panda_ws/install/pymoveit2:/home/bhadwabhindi/panda_ws/install/panda_description:/home/bhadwabhindi/ros2_ws/install/my_robot_bringup:/home/bhadwabhindi/panda_ws/install/panda_vision:/home/bhadwabhindi/ros2_ws/install/surgiarm_description:/home/bhadwabhindi/ros2_ws/install/my_robot_controller:/opt/ros/humble PYTHONPATH=/home/bhadwabhindi/panda_ws/install/pymoveit2/local/lib/python3.10/dist-packages:${PYTHONPATH} /usr/bin/cmake --install /home/bhadwabhindi/panda_ws/build/panda_bringup
