Built target ament_cmake_python_copy_panda_controller
running egg_info
writing panda_controller.egg-info/PKG-INFO
writing dependency_links to panda_controller.egg-info/dependency_links.txt
writing top-level names to panda_controller.egg-info/top_level.txt
reading manifest file 'panda_controller.egg-info/SOURCES.txt'
writing manifest file 'panda_controller.egg-info/SOURCES.txt'
Built target ament_cmake_python_build_panda_controller_egg
-- Install configuration: ""
-- Up-to-date: /home/bhadwabhindi/panda_ws/install/panda_controller/share/panda_controller//launch
-- Up-to-date: /home/bhadwabhindi/panda_ws/install/panda_controller/share/panda_controller//launch/panda_controller.launch.py
-- Up-to-date: /home/bhadwabhindi/panda_ws/install/panda_controller/share/panda_controller//config
-- Installing: /home/bhadwabhindi/panda_ws/install/panda_controller/share/panda_controller//config/panda_controllers.yaml
-- Up-to-date: /home/bhadwabhindi/panda_ws/install/panda_controller/share/panda_controller/environment/pythonpath.sh
-- Up-to-date: /home/bhadwabhindi/panda_ws/install/panda_controller/share/panda_controller/environment/pythonpath.dsv
-- Up-to-date: /home/bhadwabhindi/panda_ws/install/panda_controller/local/lib/python3.10/dist-packages/panda_controller-0.0.0-py3.10.egg-info
-- Installing: /home/bhadwabhindi/panda_ws/install/panda_controller/local/lib/python3.10/dist-packages/panda_controller-0.0.0-py3.10.egg-info/dependency_links.txt
-- Installing: /home/bhadwabhindi/panda_ws/install/panda_controller/local/lib/python3.10/dist-packages/panda_controller-0.0.0-py3.10.egg-info/top_level.txt
-- Installing: /home/bhadwabhindi/panda_ws/install/panda_controller/local/lib/python3.10/dist-packages/panda_controller-0.0.0-py3.10.egg-info/SOURCES.txt
-- Installing: /home/bhadwabhindi/panda_ws/install/panda_controller/local/lib/python3.10/dist-packages/panda_controller-0.0.0-py3.10.egg-info/PKG-INFO
-- Up-to-date: /home/bhadwabhindi/panda_ws/install/panda_controller/local/lib/python3.10/dist-packages/panda_controller
-- Up-to-date: /home/bhadwabhindi/panda_ws/install/panda_controller/local/lib/python3.10/dist-packages/panda_controller/__init__.py
-- Installing: /home/bhadwabhindi/panda_ws/install/panda_controller/local/lib/python3.10/dist-packages/panda_controller/slider_controller.py
Listing '/home/bhadwabhindi/panda_ws/install/panda_controller/local/lib/python3.10/dist-packages/panda_controller'...
Compiling '/home/bhadwabhindi/panda_ws/install/panda_controller/local/lib/python3.10/dist-packages/panda_controller/slider_controller.py'...
-- Installing: /home/bhadwabhindi/panda_ws/install/panda_controller/lib/panda_controller/slider_controller.py
-- Installing: /home/bhadwabhindi/panda_ws/install/panda_controller/share/ament_index/resource_index/package_run_dependencies/panda_controller
-- Installing: /home/bhadwabhindi/panda_ws/install/panda_controller/share/ament_index/resource_index/parent_prefix_path/panda_controller
-- Installing: /home/bhadwabhindi/panda_ws/install/panda_controller/share/panda_controller/environment/ament_prefix_path.sh
-- Installing: /home/bhadwabhindi/panda_ws/install/panda_controller/share/panda_controller/environment/ament_prefix_path.dsv
-- Installing: /home/bhadwabhindi/panda_ws/install/panda_controller/share/panda_controller/environment/path.sh
-- Installing: /home/bhadwabhindi/panda_ws/install/panda_controller/share/panda_controller/environment/path.dsv
-- Installing: /home/bhadwabhindi/panda_ws/install/panda_controller/share/panda_controller/local_setup.bash
-- Installing: /home/bhadwabhindi/panda_ws/install/panda_controller/share/panda_controller/local_setup.sh
-- Installing: /home/bhadwabhindi/panda_ws/install/panda_controller/share/panda_controller/local_setup.zsh
-- Installing: /home/bhadwabhindi/panda_ws/install/panda_controller/share/panda_controller/local_setup.dsv
-- Up-to-date: /home/bhadwabhindi/panda_ws/install/panda_controller/share/panda_controller/package.dsv
-- Installing: /home/bhadwabhindi/panda_ws/install/panda_controller/share/ament_index/resource_index/packages/panda_controller
-- Installing: /home/bhadwabhindi/panda_ws/install/panda_controller/share/panda_controller/cmake/panda_controllerConfig.cmake
-- Installing: /home/bhadwabhindi/panda_ws/install/panda_controller/share/panda_controller/cmake/panda_controllerConfig-version.cmake
-- Installing: /home/bhadwabhindi/panda_ws/install/panda_controller/share/panda_controller/package.xml
