[0.005s] Invoking command in '/home/bhadwabhindi/panda_ws/build/panda_controller': AMENT_PREFIX_PATH=/home/bhadwabhindi/panda_ws/install/panda_description:${AMENT_PREFIX_PATH} CMAKE_PREFIX_PATH=/home/bhadwabhindi/panda_ws/install/panda_description:/home/bhadwabhindi/ros2_ws/install/my_robot_bringup:/home/bhadwabhindi/ros2_ws/install/surgiarm_description:/home/bhadwabhindi/ros2_ws/install/my_robot_controller:/opt/ros/humble /usr/bin/cmake --build /home/bhadwabhindi/panda_ws/build/panda_controller -- -j12 -l12
[0.051s] Built target ament_cmake_python_copy_panda_controller
[0.262s] running egg_info
[0.270s] writing panda_controller.egg-info/PKG-INFO
[0.270s] writing dependency_links to panda_controller.egg-info/dependency_links.txt
[0.271s] writing top-level names to panda_controller.egg-info/top_level.txt
[0.300s] reading manifest file 'panda_controller.egg-info/SOURCES.txt'
[0.301s] writing manifest file 'panda_controller.egg-info/SOURCES.txt'
[0.327s] Built target ament_cmake_python_build_panda_controller_egg
[0.336s] Invoked command in '/home/bhadwabhindi/panda_ws/build/panda_controller' returned '0': AMENT_PREFIX_PATH=/home/bhadwabhindi/panda_ws/install/panda_description:${AMENT_PREFIX_PATH} CMAKE_PREFIX_PATH=/home/bhadwabhindi/panda_ws/install/panda_description:/home/bhadwabhindi/ros2_ws/install/my_robot_bringup:/home/bhadwabhindi/ros2_ws/install/surgiarm_description:/home/bhadwabhindi/ros2_ws/install/my_robot_controller:/opt/ros/humble /usr/bin/cmake --build /home/bhadwabhindi/panda_ws/build/panda_controller -- -j12 -l12
[0.337s] Invoking command in '/home/bhadwabhindi/panda_ws/build/panda_controller': AMENT_PREFIX_PATH=/home/bhadwabhindi/panda_ws/install/panda_description:${AMENT_PREFIX_PATH} CMAKE_PREFIX_PATH=/home/bhadwabhindi/panda_ws/install/panda_description:/home/bhadwabhindi/ros2_ws/install/my_robot_bringup:/home/bhadwabhindi/ros2_ws/install/surgiarm_description:/home/bhadwabhindi/ros2_ws/install/my_robot_controller:/opt/ros/humble /usr/bin/cmake --install /home/bhadwabhindi/panda_ws/build/panda_controller
[0.342s] -- Install configuration: ""
[0.342s] -- Up-to-date: /home/bhadwabhindi/panda_ws/install/panda_controller/share/panda_controller//launch
[0.342s] -- Up-to-date: /home/bhadwabhindi/panda_ws/install/panda_controller/share/panda_controller//launch/panda_controller.launch.py
[0.342s] -- Up-to-date: /home/bhadwabhindi/panda_ws/install/panda_controller/share/panda_controller//config
[0.342s] -- Installing: /home/bhadwabhindi/panda_ws/install/panda_controller/share/panda_controller//config/panda_controllers.yaml
[0.342s] -- Up-to-date: /home/bhadwabhindi/panda_ws/install/panda_controller/share/panda_controller/environment/pythonpath.sh
[0.342s] -- Up-to-date: /home/bhadwabhindi/panda_ws/install/panda_controller/share/panda_controller/environment/pythonpath.dsv
[0.342s] -- Up-to-date: /home/bhadwabhindi/panda_ws/install/panda_controller/local/lib/python3.10/dist-packages/panda_controller-0.0.0-py3.10.egg-info
[0.342s] -- Installing: /home/bhadwabhindi/panda_ws/install/panda_controller/local/lib/python3.10/dist-packages/panda_controller-0.0.0-py3.10.egg-info/dependency_links.txt
[0.342s] -- Installing: /home/bhadwabhindi/panda_ws/install/panda_controller/local/lib/python3.10/dist-packages/panda_controller-0.0.0-py3.10.egg-info/top_level.txt
[0.342s] -- Installing: /home/bhadwabhindi/panda_ws/install/panda_controller/local/lib/python3.10/dist-packages/panda_controller-0.0.0-py3.10.egg-info/SOURCES.txt
[0.343s] -- Installing: /home/bhadwabhindi/panda_ws/install/panda_controller/local/lib/python3.10/dist-packages/panda_controller-0.0.0-py3.10.egg-info/PKG-INFO
[0.343s] -- Up-to-date: /home/bhadwabhindi/panda_ws/install/panda_controller/local/lib/python3.10/dist-packages/panda_controller
[0.343s] -- Up-to-date: /home/bhadwabhindi/panda_ws/install/panda_controller/local/lib/python3.10/dist-packages/panda_controller/__init__.py
[0.343s] -- Installing: /home/bhadwabhindi/panda_ws/install/panda_controller/local/lib/python3.10/dist-packages/panda_controller/slider_controller.py
[0.365s] Listing '/home/bhadwabhindi/panda_ws/install/panda_controller/local/lib/python3.10/dist-packages/panda_controller'...
[0.365s] Compiling '/home/bhadwabhindi/panda_ws/install/panda_controller/local/lib/python3.10/dist-packages/panda_controller/slider_controller.py'...
[0.368s] -- Installing: /home/bhadwabhindi/panda_ws/install/panda_controller/lib/panda_controller/slider_controller.py
[0.368s] -- Installing: /home/bhadwabhindi/panda_ws/install/panda_controller/share/ament_index/resource_index/package_run_dependencies/panda_controller
[0.368s] -- Installing: /home/bhadwabhindi/panda_ws/install/panda_controller/share/ament_index/resource_index/parent_prefix_path/panda_controller
[0.369s] -- Installing: /home/bhadwabhindi/panda_ws/install/panda_controller/share/panda_controller/environment/ament_prefix_path.sh
[0.369s] -- Installing: /home/bhadwabhindi/panda_ws/install/panda_controller/share/panda_controller/environment/ament_prefix_path.dsv
[0.369s] -- Installing: /home/bhadwabhindi/panda_ws/install/panda_controller/share/panda_controller/environment/path.sh
[0.369s] -- Installing: /home/bhadwabhindi/panda_ws/install/panda_controller/share/panda_controller/environment/path.dsv
[0.369s] -- Installing: /home/bhadwabhindi/panda_ws/install/panda_controller/share/panda_controller/local_setup.bash
[0.369s] -- Installing: /home/bhadwabhindi/panda_ws/install/panda_controller/share/panda_controller/local_setup.sh
[0.369s] -- Installing: /home/bhadwabhindi/panda_ws/install/panda_controller/share/panda_controller/local_setup.zsh
[0.369s] -- Installing: /home/bhadwabhindi/panda_ws/install/panda_controller/share/panda_controller/local_setup.dsv
[0.369s] -- Up-to-date: /home/bhadwabhindi/panda_ws/install/panda_controller/share/panda_controller/package.dsv
[0.369s] -- Installing: /home/bhadwabhindi/panda_ws/install/panda_controller/share/ament_index/resource_index/packages/panda_controller
[0.369s] -- Installing: /home/bhadwabhindi/panda_ws/install/panda_controller/share/panda_controller/cmake/panda_controllerConfig.cmake
[0.369s] -- Installing: /home/bhadwabhindi/panda_ws/install/panda_controller/share/panda_controller/cmake/panda_controllerConfig-version.cmake
[0.370s] -- Installing: /home/bhadwabhindi/panda_ws/install/panda_controller/share/panda_controller/package.xml
[0.371s] Invoked command in '/home/bhadwabhindi/panda_ws/build/panda_controller' returned '0': AMENT_PREFIX_PATH=/home/bhadwabhindi/panda_ws/install/panda_description:${AMENT_PREFIX_PATH} CMAKE_PREFIX_PATH=/home/bhadwabhindi/panda_ws/install/panda_description:/home/bhadwabhindi/ros2_ws/install/my_robot_bringup:/home/bhadwabhindi/ros2_ws/install/surgiarm_description:/home/bhadwabhindi/ros2_ws/install/my_robot_controller:/opt/ros/humble /usr/bin/cmake --install /home/bhadwabhindi/panda_ws/build/panda_controller
