[0.007s] Invoking command in '/home/bhadwabhindi/panda_ws/build/panda_moveit': CMAKE_PREFIX_PATH=/home/bhadwabhindi/panda_ws/install/panda_description:/home/bhadwabhindi/panda_ws/install/panda_bringup:/home/bhadwabhindi/panda_ws/install/pymoveit2:/home/bhadwabhindi/panda_ws/install/panda_moveit:/home/bhadwabhindi/panda_ws/install/panda_controller:/home/bhadwabhindi/ros2_ws/install/my_robot_bringup:/home/bhadwabhindi/panda_ws/install/panda_vision:/home/bhadwabhindi/ros2_ws/install/surgiarm_description:/home/bhadwabhindi/ros2_ws/install/my_robot_controller:/opt/ros/humble /usr/bin/cmake --build /home/bhadwabhindi/panda_ws/build/panda_moveit -- -j12 -l12
[0.036s] Invoked command in '/home/bhadwabhindi/panda_ws/build/panda_moveit' returned '0': CMAKE_PREFIX_PATH=/home/bhadwabhindi/panda_ws/install/panda_description:/home/bhadwabhindi/panda_ws/install/panda_bringup:/home/bhadwabhindi/panda_ws/install/pymoveit2:/home/bhadwabhindi/panda_ws/install/panda_moveit:/home/bhadwabhindi/panda_ws/install/panda_controller:/home/bhadwabhindi/ros2_ws/install/my_robot_bringup:/home/bhadwabhindi/panda_ws/install/panda_vision:/home/bhadwabhindi/ros2_ws/install/surgiarm_description:/home/bhadwabhindi/ros2_ws/install/my_robot_controller:/opt/ros/humble /usr/bin/cmake --build /home/bhadwabhindi/panda_ws/build/panda_moveit -- -j12 -l12
[0.036s] Invoking command in '/home/bhadwabhindi/panda_ws/build/panda_moveit': CMAKE_PREFIX_PATH=/home/bhadwabhindi/panda_ws/install/panda_description:/home/bhadwabhindi/panda_ws/install/panda_bringup:/home/bhadwabhindi/panda_ws/install/pymoveit2:/home/bhadwabhindi/panda_ws/install/panda_moveit:/home/bhadwabhindi/panda_ws/install/panda_controller:/home/bhadwabhindi/ros2_ws/install/my_robot_bringup:/home/bhadwabhindi/panda_ws/install/panda_vision:/home/bhadwabhindi/ros2_ws/install/surgiarm_description:/home/bhadwabhindi/ros2_ws/install/my_robot_controller:/opt/ros/humble /usr/bin/cmake --install /home/bhadwabhindi/panda_ws/build/panda_moveit
[0.041s] -- Install configuration: ""
[0.041s] -- Up-to-date: /home/bhadwabhindi/panda_ws/install/panda_moveit/share/panda_moveit/launch
[0.041s] -- Up-to-date: /home/bhadwabhindi/panda_ws/install/panda_moveit/share/panda_moveit/launch/moveit.launch.py
[0.041s] -- Up-to-date: /home/bhadwabhindi/panda_ws/install/panda_moveit/share/panda_moveit/config
[0.042s] -- Up-to-date: /home/bhadwabhindi/panda_ws/install/panda_moveit/share/panda_moveit/config/kinematics.yaml
[0.042s] -- Up-to-date: /home/bhadwabhindi/panda_ws/install/panda_moveit/share/panda_moveit/config/moveit_controllers.yaml
[0.042s] -- Up-to-date: /home/bhadwabhindi/panda_ws/install/panda_moveit/share/panda_moveit/config/initial_positions.yaml
[0.042s] -- Up-to-date: /home/bhadwabhindi/panda_ws/install/panda_moveit/share/panda_moveit/config/panda.srdf
[0.042s] -- Up-to-date: /home/bhadwabhindi/panda_ws/install/panda_moveit/share/panda_moveit/config/planning_python_api.yaml
[0.042s] -- Up-to-date: /home/bhadwabhindi/panda_ws/install/panda_moveit/share/panda_moveit/config/pilz_cartesian_limits.yaml
[0.042s] -- Up-to-date: /home/bhadwabhindi/panda_ws/install/panda_moveit/share/panda_moveit/config/joint_limits.yaml
[0.042s] -- Up-to-date: /home/bhadwabhindi/panda_ws/install/panda_moveit/share/panda_moveit/rviz
[0.042s] -- Up-to-date: /home/bhadwabhindi/panda_ws/install/panda_moveit/share/panda_moveit/rviz/moveit.rviz
[0.042s] -- Up-to-date: /home/bhadwabhindi/panda_ws/install/panda_moveit/share/ament_index/resource_index/package_run_dependencies/panda_moveit
[0.042s] -- Up-to-date: /home/bhadwabhindi/panda_ws/install/panda_moveit/share/ament_index/resource_index/parent_prefix_path/panda_moveit
[0.042s] -- Up-to-date: /home/bhadwabhindi/panda_ws/install/panda_moveit/share/panda_moveit/environment/ament_prefix_path.sh
[0.042s] -- Up-to-date: /home/bhadwabhindi/panda_ws/install/panda_moveit/share/panda_moveit/environment/ament_prefix_path.dsv
[0.042s] -- Up-to-date: /home/bhadwabhindi/panda_ws/install/panda_moveit/share/panda_moveit/environment/path.sh
[0.042s] -- Up-to-date: /home/bhadwabhindi/panda_ws/install/panda_moveit/share/panda_moveit/environment/path.dsv
[0.042s] -- Up-to-date: /home/bhadwabhindi/panda_ws/install/panda_moveit/share/panda_moveit/local_setup.bash
[0.042s] -- Up-to-date: /home/bhadwabhindi/panda_ws/install/panda_moveit/share/panda_moveit/local_setup.sh
[0.042s] -- Up-to-date: /home/bhadwabhindi/panda_ws/install/panda_moveit/share/panda_moveit/local_setup.zsh
[0.042s] -- Up-to-date: /home/bhadwabhindi/panda_ws/install/panda_moveit/share/panda_moveit/local_setup.dsv
[0.042s] -- Installing: /home/bhadwabhindi/panda_ws/install/panda_moveit/share/panda_moveit/package.dsv
[0.042s] -- Up-to-date: /home/bhadwabhindi/panda_ws/install/panda_moveit/share/ament_index/resource_index/packages/panda_moveit
[0.042s] -- Up-to-date: /home/bhadwabhindi/panda_ws/install/panda_moveit/share/panda_moveit/cmake/panda_moveitConfig.cmake
[0.042s] -- Up-to-date: /home/bhadwabhindi/panda_ws/install/panda_moveit/share/panda_moveit/cmake/panda_moveitConfig-version.cmake
[0.042s] -- Up-to-date: /home/bhadwabhindi/panda_ws/install/panda_moveit/share/panda_moveit/package.xml
[0.043s] Invoked command in '/home/bhadwabhindi/panda_ws/build/panda_moveit' returned '0': CMAKE_PREFIX_PATH=/home/bhadwabhindi/panda_ws/install/panda_description:/home/bhadwabhindi/panda_ws/install/panda_bringup:/home/bhadwabhindi/panda_ws/install/pymoveit2:/home/bhadwabhindi/panda_ws/install/panda_moveit:/home/bhadwabhindi/panda_ws/install/panda_controller:/home/bhadwabhindi/ros2_ws/install/my_robot_bringup:/home/bhadwabhindi/panda_ws/install/panda_vision:/home/bhadwabhindi/ros2_ws/install/surgiarm_description:/home/bhadwabhindi/ros2_ws/install/my_robot_controller:/opt/ros/humble /usr/bin/cmake --install /home/bhadwabhindi/panda_ws/build/panda_moveit
