[0.068s] DEBUG:colcon:Command line arguments: ['/usr/bin/colcon', 'build']
[0.068s] DEBUG:colcon:Parsed command line arguments: Namespace(log_base=None, log_level=None, verb_name='build', build_base='build', install_base='install', merge_install=False, symlink_install=False, test_result_base=None, continue_on_error=False, executor='parallel', parallel_workers=12, event_handlers=None, ignore_user_meta=False, metas=['./colcon.meta'], base_paths=['.'], packages_ignore=None, packages_ignore_regex=None, paths=None, packages_up_to=None, packages_up_to_regex=None, packages_above=None, packages_above_and_dependencies=None, packages_above_depth=None, packages_select_by_dep=None, packages_skip_by_dep=None, packages_skip_up_to=None, packages_select_build_failed=False, packages_skip_build_finished=False, packages_select_test_failures=False, packages_skip_test_passed=False, packages_select=None, packages_skip=None, packages_select_regex=None, packages_skip_regex=None, packages_start=None, packages_end=None, allow_overriding=[], cmake_args=None, cmake_target=None, cmake_target_skip_unavailable=False, cmake_clean_cache=False, cmake_clean_first=False, cmake_force_configure=False, ament_cmake_args=None, catkin_cmake_args=None, catkin_skip_building_tests=False, mixin_files=None, mixin=None, verb_parser=<colcon_mixin.mixin.mixin_argument.MixinArgumentDecorator object at 0x79a05ca57e20>, verb_extension=<colcon_core.verb.build.BuildVerb object at 0x79a05ca18b50>, main=<bound method BuildVerb.main of <colcon_core.verb.build.BuildVerb object at 0x79a05ca18b50>>, mixin_verb=('build',))
[0.222s] Level 1:colcon.colcon_core.package_discovery:discover_packages(colcon_meta) check parameters
[0.222s] Level 1:colcon.colcon_core.package_discovery:discover_packages(recursive) check parameters
[0.222s] Level 1:colcon.colcon_core.package_discovery:discover_packages(ignore) check parameters
[0.222s] Level 1:colcon.colcon_core.package_discovery:discover_packages(path) check parameters
[0.222s] Level 1:colcon.colcon_core.package_discovery:discover_packages(colcon_meta) discover
[0.222s] Level 1:colcon.colcon_core.package_discovery:discover_packages(recursive) discover
[0.222s] INFO:colcon.colcon_core.package_discovery:Crawling recursively for packages in '/home/bhadwabhindi/panda_ws'
[0.222s] Level 1:colcon.colcon_core.package_identification:_identify(.) by extensions ['ignore', 'ignore_ament_install']
[0.222s] Level 1:colcon.colcon_core.package_identification:_identify(.) by extension 'ignore'
[0.222s] Level 1:colcon.colcon_core.package_identification:_identify(.) by extension 'ignore_ament_install'
[0.222s] Level 1:colcon.colcon_core.package_identification:_identify(.) by extensions ['colcon_pkg']
[0.222s] Level 1:colcon.colcon_core.package_identification:_identify(.) by extension 'colcon_pkg'
[0.222s] Level 1:colcon.colcon_core.package_identification:_identify(.) by extensions ['colcon_meta']
[0.222s] Level 1:colcon.colcon_core.package_identification:_identify(.) by extension 'colcon_meta'
[0.222s] Level 1:colcon.colcon_core.package_identification:_identify(.) by extensions ['ros']
[0.222s] Level 1:colcon.colcon_core.package_identification:_identify(.) by extension 'ros'
[0.231s] Level 1:colcon.colcon_core.package_identification:_identify(.) by extensions ['cmake', 'python']
[0.231s] Level 1:colcon.colcon_core.package_identification:_identify(.) by extension 'cmake'
[0.231s] Level 1:colcon.colcon_core.package_identification:_identify(.) by extension 'python'
[0.231s] Level 1:colcon.colcon_core.package_identification:_identify(.) by extensions ['python_setup_py']
[0.231s] Level 1:colcon.colcon_core.package_identification:_identify(.) by extension 'python_setup_py'
[0.232s] Level 1:colcon.colcon_core.package_identification:_identify(build) by extensions ['ignore', 'ignore_ament_install']
[0.232s] Level 1:colcon.colcon_core.package_identification:_identify(build) by extension 'ignore'
[0.232s] Level 1:colcon.colcon_core.package_identification:_identify(build) ignored
[0.232s] Level 1:colcon.colcon_core.package_identification:_identify(install) by extensions ['ignore', 'ignore_ament_install']
[0.232s] Level 1:colcon.colcon_core.package_identification:_identify(install) by extension 'ignore'
[0.232s] Level 1:colcon.colcon_core.package_identification:_identify(install) ignored
[0.232s] Level 1:colcon.colcon_core.package_identification:_identify(log) by extensions ['ignore', 'ignore_ament_install']
[0.232s] Level 1:colcon.colcon_core.package_identification:_identify(log) by extension 'ignore'
[0.232s] Level 1:colcon.colcon_core.package_identification:_identify(log) ignored
[0.232s] Level 1:colcon.colcon_core.package_identification:_identify(src) by extensions ['ignore', 'ignore_ament_install']
[0.232s] Level 1:colcon.colcon_core.package_identification:_identify(src) by extension 'ignore'
[0.232s] Level 1:colcon.colcon_core.package_identification:_identify(src) by extension 'ignore_ament_install'
[0.232s] Level 1:colcon.colcon_core.package_identification:_identify(src) by extensions ['colcon_pkg']
[0.232s] Level 1:colcon.colcon_core.package_identification:_identify(src) by extension 'colcon_pkg'
[0.232s] Level 1:colcon.colcon_core.package_identification:_identify(src) by extensions ['colcon_meta']
[0.232s] Level 1:colcon.colcon_core.package_identification:_identify(src) by extension 'colcon_meta'
[0.232s] Level 1:colcon.colcon_core.package_identification:_identify(src) by extensions ['ros']
[0.232s] Level 1:colcon.colcon_core.package_identification:_identify(src) by extension 'ros'
[0.232s] Level 1:colcon.colcon_core.package_identification:_identify(src) by extensions ['cmake', 'python']
[0.232s] Level 1:colcon.colcon_core.package_identification:_identify(src) by extension 'cmake'
[0.232s] Level 1:colcon.colcon_core.package_identification:_identify(src) by extension 'python'
[0.232s] Level 1:colcon.colcon_core.package_identification:_identify(src) by extensions ['python_setup_py']
[0.232s] Level 1:colcon.colcon_core.package_identification:_identify(src) by extension 'python_setup_py'
[0.232s] Level 1:colcon.colcon_core.package_identification:_identify(src/panda_controller) by extensions ['ignore', 'ignore_ament_install']
[0.232s] Level 1:colcon.colcon_core.package_identification:_identify(src/panda_controller) by extension 'ignore'
[0.232s] Level 1:colcon.colcon_core.package_identification:_identify(src/panda_controller) by extension 'ignore_ament_install'
[0.232s] Level 1:colcon.colcon_core.package_identification:_identify(src/panda_controller) by extensions ['colcon_pkg']
[0.232s] Level 1:colcon.colcon_core.package_identification:_identify(src/panda_controller) by extension 'colcon_pkg'
[0.232s] Level 1:colcon.colcon_core.package_identification:_identify(src/panda_controller) by extensions ['colcon_meta']
[0.232s] Level 1:colcon.colcon_core.package_identification:_identify(src/panda_controller) by extension 'colcon_meta'
[0.232s] Level 1:colcon.colcon_core.package_identification:_identify(src/panda_controller) by extensions ['ros']
[0.232s] Level 1:colcon.colcon_core.package_identification:_identify(src/panda_controller) by extension 'ros'
[0.234s] DEBUG:colcon.colcon_core.package_identification:Package 'src/panda_controller' with type 'ros.ament_cmake' and name 'panda_controller'
[0.234s] Level 1:colcon.colcon_core.package_identification:_identify(src/panda_description) by extensions ['ignore', 'ignore_ament_install']
[0.234s] Level 1:colcon.colcon_core.package_identification:_identify(src/panda_description) by extension 'ignore'
[0.234s] Level 1:colcon.colcon_core.package_identification:_identify(src/panda_description) by extension 'ignore_ament_install'
[0.234s] Level 1:colcon.colcon_core.package_identification:_identify(src/panda_description) by extensions ['colcon_pkg']
[0.234s] Level 1:colcon.colcon_core.package_identification:_identify(src/panda_description) by extension 'colcon_pkg'
[0.234s] Level 1:colcon.colcon_core.package_identification:_identify(src/panda_description) by extensions ['colcon_meta']
[0.234s] Level 1:colcon.colcon_core.package_identification:_identify(src/panda_description) by extension 'colcon_meta'
[0.234s] Level 1:colcon.colcon_core.package_identification:_identify(src/panda_description) by extensions ['ros']
[0.234s] Level 1:colcon.colcon_core.package_identification:_identify(src/panda_description) by extension 'ros'
[0.236s] DEBUG:colcon.colcon_core.package_identification:Package 'src/panda_description' with type 'ros.ament_cmake' and name 'panda_description'
[0.236s] Level 1:colcon.colcon_core.package_identification:_identify(src/panda_moveit) by extensions ['ignore', 'ignore_ament_install']
[0.236s] Level 1:colcon.colcon_core.package_identification:_identify(src/panda_moveit) by extension 'ignore'
[0.236s] Level 1:colcon.colcon_core.package_identification:_identify(src/panda_moveit) by extension 'ignore_ament_install'
[0.236s] Level 1:colcon.colcon_core.package_identification:_identify(src/panda_moveit) by extensions ['colcon_pkg']
[0.236s] Level 1:colcon.colcon_core.package_identification:_identify(src/panda_moveit) by extension 'colcon_pkg'
[0.236s] Level 1:colcon.colcon_core.package_identification:_identify(src/panda_moveit) by extensions ['colcon_meta']
[0.236s] Level 1:colcon.colcon_core.package_identification:_identify(src/panda_moveit) by extension 'colcon_meta'
[0.236s] Level 1:colcon.colcon_core.package_identification:_identify(src/panda_moveit) by extensions ['ros']
[0.236s] Level 1:colcon.colcon_core.package_identification:_identify(src/panda_moveit) by extension 'ros'
[0.236s] DEBUG:colcon.colcon_core.package_identification:Package 'src/panda_moveit' with type 'ros.ament_cmake' and name 'panda_moveit'
[0.236s] Level 1:colcon.colcon_core.package_discovery:discover_packages(recursive) using defaults
[0.236s] Level 1:colcon.colcon_core.package_discovery:discover_packages(ignore) discover
[0.236s] Level 1:colcon.colcon_core.package_discovery:discover_packages(ignore) using defaults
[0.236s] Level 1:colcon.colcon_core.package_discovery:discover_packages(path) discover
[0.236s] Level 1:colcon.colcon_core.package_discovery:discover_packages(path) using defaults
[0.248s] Level 1:colcon.colcon_core.package_discovery:discover_packages(prefix_path) check parameters
[0.248s] Level 1:colcon.colcon_core.package_discovery:discover_packages(prefix_path) discover
[0.249s] DEBUG:colcon.colcon_installed_package_information.package_discovery:Found 2 installed packages in /home/bhadwabhindi/panda_ws/install
[0.249s] DEBUG:colcon.colcon_installed_package_information.package_discovery:Found 3 installed packages in /home/bhadwabhindi/ros2_ws/install
[0.250s] DEBUG:colcon.colcon_installed_package_information.package_discovery:Found 438 installed packages in /opt/ros/humble
[0.252s] Level 1:colcon.colcon_core.package_discovery:discover_packages(prefix_path) using defaults
[0.278s] Level 5:colcon.colcon_core.verb:set package 'panda_description' build argument 'cmake_args' from command line to 'None'
[0.278s] Level 5:colcon.colcon_core.verb:set package 'panda_description' build argument 'cmake_target' from command line to 'None'
[0.278s] Level 5:colcon.colcon_core.verb:set package 'panda_description' build argument 'cmake_target_skip_unavailable' from command line to 'False'
[0.278s] Level 5:colcon.colcon_core.verb:set package 'panda_description' build argument 'cmake_clean_cache' from command line to 'False'
[0.278s] Level 5:colcon.colcon_core.verb:set package 'panda_description' build argument 'cmake_clean_first' from command line to 'False'
[0.278s] Level 5:colcon.colcon_core.verb:set package 'panda_description' build argument 'cmake_force_configure' from command line to 'False'
[0.278s] Level 5:colcon.colcon_core.verb:set package 'panda_description' build argument 'ament_cmake_args' from command line to 'None'
[0.278s] Level 5:colcon.colcon_core.verb:set package 'panda_description' build argument 'catkin_cmake_args' from command line to 'None'
[0.278s] Level 5:colcon.colcon_core.verb:set package 'panda_description' build argument 'catkin_skip_building_tests' from command line to 'False'
[0.278s] DEBUG:colcon.colcon_core.verb:Building package 'panda_description' with the following arguments: {'ament_cmake_args': None, 'build_base': '/home/bhadwabhindi/panda_ws/build/panda_description', 'catkin_cmake_args': None, 'catkin_skip_building_tests': False, 'cmake_args': None, 'cmake_clean_cache': False, 'cmake_clean_first': False, 'cmake_force_configure': False, 'cmake_target': None, 'cmake_target_skip_unavailable': False, 'install_base': '/home/bhadwabhindi/panda_ws/install/panda_description', 'merge_install': False, 'path': '/home/bhadwabhindi/panda_ws/src/panda_description', 'symlink_install': False, 'test_result_base': None}
[0.278s] Level 5:colcon.colcon_core.verb:set package 'panda_controller' build argument 'cmake_args' from command line to 'None'
[0.278s] Level 5:colcon.colcon_core.verb:set package 'panda_controller' build argument 'cmake_target' from command line to 'None'
[0.278s] Level 5:colcon.colcon_core.verb:set package 'panda_controller' build argument 'cmake_target_skip_unavailable' from command line to 'False'
[0.278s] Level 5:colcon.colcon_core.verb:set package 'panda_controller' build argument 'cmake_clean_cache' from command line to 'False'
[0.278s] Level 5:colcon.colcon_core.verb:set package 'panda_controller' build argument 'cmake_clean_first' from command line to 'False'
[0.278s] Level 5:colcon.colcon_core.verb:set package 'panda_controller' build argument 'cmake_force_configure' from command line to 'False'
[0.278s] Level 5:colcon.colcon_core.verb:set package 'panda_controller' build argument 'ament_cmake_args' from command line to 'None'
[0.278s] Level 5:colcon.colcon_core.verb:set package 'panda_controller' build argument 'catkin_cmake_args' from command line to 'None'
[0.278s] Level 5:colcon.colcon_core.verb:set package 'panda_controller' build argument 'catkin_skip_building_tests' from command line to 'False'
[0.278s] DEBUG:colcon.colcon_core.verb:Building package 'panda_controller' with the following arguments: {'ament_cmake_args': None, 'build_base': '/home/bhadwabhindi/panda_ws/build/panda_controller', 'catkin_cmake_args': None, 'catkin_skip_building_tests': False, 'cmake_args': None, 'cmake_clean_cache': False, 'cmake_clean_first': False, 'cmake_force_configure': False, 'cmake_target': None, 'cmake_target_skip_unavailable': False, 'install_base': '/home/bhadwabhindi/panda_ws/install/panda_controller', 'merge_install': False, 'path': '/home/bhadwabhindi/panda_ws/src/panda_controller', 'symlink_install': False, 'test_result_base': None}
[0.278s] Level 5:colcon.colcon_core.verb:set package 'panda_moveit' build argument 'cmake_args' from command line to 'None'
[0.278s] Level 5:colcon.colcon_core.verb:set package 'panda_moveit' build argument 'cmake_target' from command line to 'None'
[0.278s] Level 5:colcon.colcon_core.verb:set package 'panda_moveit' build argument 'cmake_target_skip_unavailable' from command line to 'False'
[0.278s] Level 5:colcon.colcon_core.verb:set package 'panda_moveit' build argument 'cmake_clean_cache' from command line to 'False'
[0.278s] Level 5:colcon.colcon_core.verb:set package 'panda_moveit' build argument 'cmake_clean_first' from command line to 'False'
[0.278s] Level 5:colcon.colcon_core.verb:set package 'panda_moveit' build argument 'cmake_force_configure' from command line to 'False'
[0.278s] Level 5:colcon.colcon_core.verb:set package 'panda_moveit' build argument 'ament_cmake_args' from command line to 'None'
[0.278s] Level 5:colcon.colcon_core.verb:set package 'panda_moveit' build argument 'catkin_cmake_args' from command line to 'None'
[0.278s] Level 5:colcon.colcon_core.verb:set package 'panda_moveit' build argument 'catkin_skip_building_tests' from command line to 'False'
[0.278s] DEBUG:colcon.colcon_core.verb:Building package 'panda_moveit' with the following arguments: {'ament_cmake_args': None, 'build_base': '/home/bhadwabhindi/panda_ws/build/panda_moveit', 'catkin_cmake_args': None, 'catkin_skip_building_tests': False, 'cmake_args': None, 'cmake_clean_cache': False, 'cmake_clean_first': False, 'cmake_force_configure': False, 'cmake_target': None, 'cmake_target_skip_unavailable': False, 'install_base': '/home/bhadwabhindi/panda_ws/install/panda_moveit', 'merge_install': False, 'path': '/home/bhadwabhindi/panda_ws/src/panda_moveit', 'symlink_install': False, 'test_result_base': None}
[0.278s] INFO:colcon.colcon_core.executor:Executing jobs using 'parallel' executor
[0.279s] DEBUG:colcon.colcon_parallel_executor.executor.parallel:run_until_complete
[0.280s] INFO:colcon.colcon_ros.task.ament_cmake.build:Building ROS package in '/home/bhadwabhindi/panda_ws/src/panda_description' with build type 'ament_cmake'
[0.280s] INFO:colcon.colcon_cmake.task.cmake.build:Building CMake package in '/home/bhadwabhindi/panda_ws/src/panda_description'
[0.281s] INFO:colcon.colcon_core.plugin_system:Skipping extension 'colcon_core.shell.bat': Not used on non-Windows systems
[0.281s] INFO:colcon.colcon_core.shell:Skip shell extension 'powershell' for command environment: Not usable outside of PowerShell
[0.281s] DEBUG:colcon.colcon_core.shell:Skip shell extension 'dsv' for command environment
[0.286s] DEBUG:colcon.colcon_core.event_handler.log_command:Invoking command in '/home/bhadwabhindi/panda_ws/build/panda_description': CMAKE_PREFIX_PATH=${CMAKE_PREFIX_PATH}:/home/bhadwabhindi/ros2_ws/install/surgiarm_description:/home/bhadwabhindi/ros2_ws/install/my_robot_controller:/opt/ros/humble /usr/bin/cmake --build /home/bhadwabhindi/panda_ws/build/panda_description -- -j12 -l12
[0.313s] DEBUG:colcon.colcon_core.event_handler.log_command:Invoked command in '/home/bhadwabhindi/panda_ws/build/panda_description' returned '0': CMAKE_PREFIX_PATH=${CMAKE_PREFIX_PATH}:/home/bhadwabhindi/ros2_ws/install/surgiarm_description:/home/bhadwabhindi/ros2_ws/install/my_robot_controller:/opt/ros/humble /usr/bin/cmake --build /home/bhadwabhindi/panda_ws/build/panda_description -- -j12 -l12
[0.319s] DEBUG:colcon.colcon_core.event_handler.log_command:Invoking command in '/home/bhadwabhindi/panda_ws/build/panda_description': CMAKE_PREFIX_PATH=${CMAKE_PREFIX_PATH}:/home/bhadwabhindi/ros2_ws/install/surgiarm_description:/home/bhadwabhindi/ros2_ws/install/my_robot_controller:/opt/ros/humble /usr/bin/cmake --install /home/bhadwabhindi/panda_ws/build/panda_description
[0.329s] Level 1:colcon.colcon_core.environment:create_environment_scripts_only(panda_description)
[0.329s] DEBUG:colcon.colcon_core.event_handler.log_command:Invoked command in '/home/bhadwabhindi/panda_ws/build/panda_description' returned '0': CMAKE_PREFIX_PATH=${CMAKE_PREFIX_PATH}:/home/bhadwabhindi/ros2_ws/install/surgiarm_description:/home/bhadwabhindi/ros2_ws/install/my_robot_controller:/opt/ros/humble /usr/bin/cmake --install /home/bhadwabhindi/panda_ws/build/panda_description
[0.332s] Level 1:colcon.colcon_core.environment:checking '/home/bhadwabhindi/panda_ws/install/panda_description' for CMake module files
[0.333s] Level 1:colcon.colcon_core.environment:checking '/home/bhadwabhindi/panda_ws/install/panda_description' for CMake config files
[0.333s] Level 1:colcon.colcon_core.shell:create_environment_hook('panda_description', 'cmake_prefix_path')
[0.333s] INFO:colcon.colcon_core.shell:Creating environment hook '/home/bhadwabhindi/panda_ws/install/panda_description/share/panda_description/hook/cmake_prefix_path.ps1'
[0.334s] INFO:colcon.colcon_core.shell:Creating environment descriptor '/home/bhadwabhindi/panda_ws/install/panda_description/share/panda_description/hook/cmake_prefix_path.dsv'
[0.334s] INFO:colcon.colcon_core.shell:Creating environment hook '/home/bhadwabhindi/panda_ws/install/panda_description/share/panda_description/hook/cmake_prefix_path.sh'
[0.334s] Level 1:colcon.colcon_core.environment:checking '/home/bhadwabhindi/panda_ws/install/panda_description/bin'
[0.335s] Level 1:colcon.colcon_core.environment:checking '/home/bhadwabhindi/panda_ws/install/panda_description/lib/pkgconfig/panda_description.pc'
[0.335s] Level 1:colcon.colcon_core.environment:checking '/home/bhadwabhindi/panda_ws/install/panda_description/lib/python3.10/site-packages'
[0.335s] Level 1:colcon.colcon_core.environment:checking '/home/bhadwabhindi/panda_ws/install/panda_description/bin'
[0.335s] INFO:colcon.colcon_core.shell:Creating package script '/home/bhadwabhindi/panda_ws/install/panda_description/share/panda_description/package.ps1'
[0.336s] INFO:colcon.colcon_core.shell:Creating package descriptor '/home/bhadwabhindi/panda_ws/install/panda_description/share/panda_description/package.dsv'
[0.336s] INFO:colcon.colcon_core.shell:Creating package script '/home/bhadwabhindi/panda_ws/install/panda_description/share/panda_description/package.sh'
[0.336s] INFO:colcon.colcon_core.shell:Creating package script '/home/bhadwabhindi/panda_ws/install/panda_description/share/panda_description/package.bash'
[0.337s] INFO:colcon.colcon_core.shell:Creating package script '/home/bhadwabhindi/panda_ws/install/panda_description/share/panda_description/package.zsh'
[0.337s] Level 1:colcon.colcon_core.environment:create_file_with_runtime_dependencies(/home/bhadwabhindi/panda_ws/install/panda_description/share/colcon-core/packages/panda_description)
[0.337s] Level 1:colcon.colcon_core.environment:create_environment_scripts_only(panda_description)
[0.337s] Level 1:colcon.colcon_core.environment:checking '/home/bhadwabhindi/panda_ws/install/panda_description' for CMake module files
[0.338s] Level 1:colcon.colcon_core.environment:checking '/home/bhadwabhindi/panda_ws/install/panda_description' for CMake config files
[0.338s] Level 1:colcon.colcon_core.shell:create_environment_hook('panda_description', 'cmake_prefix_path')
[0.338s] INFO:colcon.colcon_core.shell:Creating environment hook '/home/bhadwabhindi/panda_ws/install/panda_description/share/panda_description/hook/cmake_prefix_path.ps1'
[0.338s] INFO:colcon.colcon_core.shell:Creating environment descriptor '/home/bhadwabhindi/panda_ws/install/panda_description/share/panda_description/hook/cmake_prefix_path.dsv'
[0.338s] INFO:colcon.colcon_core.shell:Creating environment hook '/home/bhadwabhindi/panda_ws/install/panda_description/share/panda_description/hook/cmake_prefix_path.sh'
[0.338s] Level 1:colcon.colcon_core.environment:checking '/home/bhadwabhindi/panda_ws/install/panda_description/bin'
[0.339s] Level 1:colcon.colcon_core.environment:checking '/home/bhadwabhindi/panda_ws/install/panda_description/lib/pkgconfig/panda_description.pc'
[0.339s] Level 1:colcon.colcon_core.environment:checking '/home/bhadwabhindi/panda_ws/install/panda_description/lib/python3.10/site-packages'
[0.339s] Level 1:colcon.colcon_core.environment:checking '/home/bhadwabhindi/panda_ws/install/panda_description/bin'
[0.339s] INFO:colcon.colcon_core.shell:Creating package script '/home/bhadwabhindi/panda_ws/install/panda_description/share/panda_description/package.ps1'
[0.339s] INFO:colcon.colcon_core.shell:Creating package descriptor '/home/bhadwabhindi/panda_ws/install/panda_description/share/panda_description/package.dsv'
[0.339s] INFO:colcon.colcon_core.shell:Creating package script '/home/bhadwabhindi/panda_ws/install/panda_description/share/panda_description/package.sh'
[0.340s] INFO:colcon.colcon_core.shell:Creating package script '/home/bhadwabhindi/panda_ws/install/panda_description/share/panda_description/package.bash'
[0.340s] INFO:colcon.colcon_core.shell:Creating package script '/home/bhadwabhindi/panda_ws/install/panda_description/share/panda_description/package.zsh'
[0.340s] Level 1:colcon.colcon_core.environment:create_file_with_runtime_dependencies(/home/bhadwabhindi/panda_ws/install/panda_description/share/colcon-core/packages/panda_description)
[0.340s] INFO:colcon.colcon_ros.task.ament_cmake.build:Building ROS package in '/home/bhadwabhindi/panda_ws/src/panda_controller' with build type 'ament_cmake'
[0.340s] INFO:colcon.colcon_cmake.task.cmake.build:Building CMake package in '/home/bhadwabhindi/panda_ws/src/panda_controller'
[0.340s] INFO:colcon.colcon_core.shell:Skip shell extension 'powershell' for command environment: Not usable outside of PowerShell
[0.340s] DEBUG:colcon.colcon_core.shell:Skip shell extension 'dsv' for command environment
[0.343s] INFO:colcon.colcon_ros.task.ament_cmake.build:Building ROS package in '/home/bhadwabhindi/panda_ws/src/panda_moveit' with build type 'ament_cmake'
[0.343s] INFO:colcon.colcon_cmake.task.cmake.build:Building CMake package in '/home/bhadwabhindi/panda_ws/src/panda_moveit'
[0.343s] INFO:colcon.colcon_core.shell:Skip shell extension 'powershell' for command environment: Not usable outside of PowerShell
[0.343s] DEBUG:colcon.colcon_core.shell:Skip shell extension 'dsv' for command environment
[0.346s] DEBUG:colcon.colcon_core.event_handler.log_command:Invoking command in '/home/bhadwabhindi/panda_ws/build/panda_controller': CMAKE_PREFIX_PATH=/home/bhadwabhindi/panda_ws/install/panda_description:/home/bhadwabhindi/panda_ws/install/panda_controller:/home/bhadwabhindi/ros2_ws/install/my_robot_bringup:/home/bhadwabhindi/ros2_ws/install/surgiarm_description:/home/bhadwabhindi/ros2_ws/install/my_robot_controller:/opt/ros/humble /usr/bin/cmake --build /home/bhadwabhindi/panda_ws/build/panda_controller -- -j12 -l12
[0.349s] DEBUG:colcon.colcon_core.event_handler.log_command:Invoking command in '/home/bhadwabhindi/panda_ws/build/panda_moveit': CMAKE_PREFIX_PATH=/home/bhadwabhindi/panda_ws/install/panda_description:/home/bhadwabhindi/panda_ws/install/panda_controller:/home/bhadwabhindi/ros2_ws/install/my_robot_bringup:/home/bhadwabhindi/ros2_ws/install/surgiarm_description:/home/bhadwabhindi/ros2_ws/install/my_robot_controller:/opt/ros/humble /usr/bin/cmake /home/bhadwabhindi/panda_ws/src/panda_moveit -DCMAKE_INSTALL_PREFIX=/home/bhadwabhindi/panda_ws/install/panda_moveit
[0.678s] DEBUG:colcon.colcon_core.event_handler.log_command:Invoked command in '/home/bhadwabhindi/panda_ws/build/panda_controller' returned '0': CMAKE_PREFIX_PATH=/home/bhadwabhindi/panda_ws/install/panda_description:/home/bhadwabhindi/panda_ws/install/panda_controller:/home/bhadwabhindi/ros2_ws/install/my_robot_bringup:/home/bhadwabhindi/ros2_ws/install/surgiarm_description:/home/bhadwabhindi/ros2_ws/install/my_robot_controller:/opt/ros/humble /usr/bin/cmake --build /home/bhadwabhindi/panda_ws/build/panda_controller -- -j12 -l12
[0.679s] DEBUG:colcon.colcon_core.event_handler.log_command:Invoking command in '/home/bhadwabhindi/panda_ws/build/panda_controller': CMAKE_PREFIX_PATH=/home/bhadwabhindi/panda_ws/install/panda_description:/home/bhadwabhindi/panda_ws/install/panda_controller:/home/bhadwabhindi/ros2_ws/install/my_robot_bringup:/home/bhadwabhindi/ros2_ws/install/surgiarm_description:/home/bhadwabhindi/ros2_ws/install/my_robot_controller:/opt/ros/humble /usr/bin/cmake --install /home/bhadwabhindi/panda_ws/build/panda_controller
[0.711s] Level 1:colcon.colcon_core.environment:create_environment_scripts_only(panda_controller)
[0.711s] DEBUG:colcon.colcon_core.event_handler.log_command:Invoked command in '/home/bhadwabhindi/panda_ws/build/panda_controller' returned '0': CMAKE_PREFIX_PATH=/home/bhadwabhindi/panda_ws/install/panda_description:/home/bhadwabhindi/panda_ws/install/panda_controller:/home/bhadwabhindi/ros2_ws/install/my_robot_bringup:/home/bhadwabhindi/ros2_ws/install/surgiarm_description:/home/bhadwabhindi/ros2_ws/install/my_robot_controller:/opt/ros/humble /usr/bin/cmake --install /home/bhadwabhindi/panda_ws/build/panda_controller
[0.712s] Level 1:colcon.colcon_core.environment:checking '/home/bhadwabhindi/panda_ws/install/panda_controller' for CMake module files
[0.712s] Level 1:colcon.colcon_core.environment:checking '/home/bhadwabhindi/panda_ws/install/panda_controller' for CMake config files
[0.713s] Level 1:colcon.colcon_core.shell:create_environment_hook('panda_controller', 'cmake_prefix_path')
[0.713s] INFO:colcon.colcon_core.shell:Creating environment hook '/home/bhadwabhindi/panda_ws/install/panda_controller/share/panda_controller/hook/cmake_prefix_path.ps1'
[0.713s] INFO:colcon.colcon_core.shell:Creating environment descriptor '/home/bhadwabhindi/panda_ws/install/panda_controller/share/panda_controller/hook/cmake_prefix_path.dsv'
[0.713s] INFO:colcon.colcon_core.shell:Creating environment hook '/home/bhadwabhindi/panda_ws/install/panda_controller/share/panda_controller/hook/cmake_prefix_path.sh'
[0.714s] Level 1:colcon.colcon_core.environment:checking '/home/bhadwabhindi/panda_ws/install/panda_controller/lib'
[0.714s] Level 1:colcon.colcon_core.environment:checking '/home/bhadwabhindi/panda_ws/install/panda_controller/bin'
[0.714s] Level 1:colcon.colcon_core.environment:checking '/home/bhadwabhindi/panda_ws/install/panda_controller/lib/pkgconfig/panda_controller.pc'
[0.714s] Level 1:colcon.colcon_core.environment:checking '/home/bhadwabhindi/panda_ws/install/panda_controller/lib/python3.10/site-packages'
[0.715s] Level 1:colcon.colcon_core.environment:checking '/home/bhadwabhindi/panda_ws/install/panda_controller/bin'
[0.715s] INFO:colcon.colcon_core.shell:Creating package script '/home/bhadwabhindi/panda_ws/install/panda_controller/share/panda_controller/package.ps1'
[0.715s] INFO:colcon.colcon_core.shell:Creating package descriptor '/home/bhadwabhindi/panda_ws/install/panda_controller/share/panda_controller/package.dsv'
[0.716s] INFO:colcon.colcon_core.shell:Creating package script '/home/bhadwabhindi/panda_ws/install/panda_controller/share/panda_controller/package.sh'
[0.716s] INFO:colcon.colcon_core.shell:Creating package script '/home/bhadwabhindi/panda_ws/install/panda_controller/share/panda_controller/package.bash'
[0.717s] INFO:colcon.colcon_core.shell:Creating package script '/home/bhadwabhindi/panda_ws/install/panda_controller/share/panda_controller/package.zsh'
[0.717s] Level 1:colcon.colcon_core.environment:create_file_with_runtime_dependencies(/home/bhadwabhindi/panda_ws/install/panda_controller/share/colcon-core/packages/panda_controller)
[0.717s] Level 1:colcon.colcon_core.environment:create_environment_scripts_only(panda_controller)
[0.718s] Level 1:colcon.colcon_core.environment:checking '/home/bhadwabhindi/panda_ws/install/panda_controller' for CMake module files
[0.718s] Level 1:colcon.colcon_core.environment:checking '/home/bhadwabhindi/panda_ws/install/panda_controller' for CMake config files
[0.718s] Level 1:colcon.colcon_core.shell:create_environment_hook('panda_controller', 'cmake_prefix_path')
[0.718s] INFO:colcon.colcon_core.shell:Creating environment hook '/home/bhadwabhindi/panda_ws/install/panda_controller/share/panda_controller/hook/cmake_prefix_path.ps1'
[0.719s] INFO:colcon.colcon_core.shell:Creating environment descriptor '/home/bhadwabhindi/panda_ws/install/panda_controller/share/panda_controller/hook/cmake_prefix_path.dsv'
[0.719s] INFO:colcon.colcon_core.shell:Creating environment hook '/home/bhadwabhindi/panda_ws/install/panda_controller/share/panda_controller/hook/cmake_prefix_path.sh'
[0.719s] Level 1:colcon.colcon_core.environment:checking '/home/bhadwabhindi/panda_ws/install/panda_controller/lib'
[0.720s] Level 1:colcon.colcon_core.environment:checking '/home/bhadwabhindi/panda_ws/install/panda_controller/bin'
[0.720s] Level 1:colcon.colcon_core.environment:checking '/home/bhadwabhindi/panda_ws/install/panda_controller/lib/pkgconfig/panda_controller.pc'
[0.720s] Level 1:colcon.colcon_core.environment:checking '/home/bhadwabhindi/panda_ws/install/panda_controller/lib/python3.10/site-packages'
[0.720s] Level 1:colcon.colcon_core.environment:checking '/home/bhadwabhindi/panda_ws/install/panda_controller/bin'
[0.720s] INFO:colcon.colcon_core.shell:Creating package script '/home/bhadwabhindi/panda_ws/install/panda_controller/share/panda_controller/package.ps1'
[0.721s] INFO:colcon.colcon_core.shell:Creating package descriptor '/home/bhadwabhindi/panda_ws/install/panda_controller/share/panda_controller/package.dsv'
[0.721s] INFO:colcon.colcon_core.shell:Creating package script '/home/bhadwabhindi/panda_ws/install/panda_controller/share/panda_controller/package.sh'
[0.722s] INFO:colcon.colcon_core.shell:Creating package script '/home/bhadwabhindi/panda_ws/install/panda_controller/share/panda_controller/package.bash'
[0.722s] INFO:colcon.colcon_core.shell:Creating package script '/home/bhadwabhindi/panda_ws/install/panda_controller/share/panda_controller/package.zsh'
[0.722s] Level 1:colcon.colcon_core.environment:create_file_with_runtime_dependencies(/home/bhadwabhindi/panda_ws/install/panda_controller/share/colcon-core/packages/panda_controller)
[1.083s] DEBUG:colcon.colcon_core.event_handler.log_command:Invoked command in '/home/bhadwabhindi/panda_ws/build/panda_moveit' returned '0': CMAKE_PREFIX_PATH=/home/bhadwabhindi/panda_ws/install/panda_description:/home/bhadwabhindi/panda_ws/install/panda_controller:/home/bhadwabhindi/ros2_ws/install/my_robot_bringup:/home/bhadwabhindi/ros2_ws/install/surgiarm_description:/home/bhadwabhindi/ros2_ws/install/my_robot_controller:/opt/ros/humble /usr/bin/cmake /home/bhadwabhindi/panda_ws/src/panda_moveit -DCMAKE_INSTALL_PREFIX=/home/bhadwabhindi/panda_ws/install/panda_moveit
[1.084s] DEBUG:colcon.colcon_core.event_handler.log_command:Invoking command in '/home/bhadwabhindi/panda_ws/build/panda_moveit': CMAKE_PREFIX_PATH=/home/bhadwabhindi/panda_ws/install/panda_description:/home/bhadwabhindi/panda_ws/install/panda_controller:/home/bhadwabhindi/ros2_ws/install/my_robot_bringup:/home/bhadwabhindi/ros2_ws/install/surgiarm_description:/home/bhadwabhindi/ros2_ws/install/my_robot_controller:/opt/ros/humble /usr/bin/cmake --build /home/bhadwabhindi/panda_ws/build/panda_moveit -- -j12 -l12
[1.112s] DEBUG:colcon.colcon_core.event_handler.log_command:Invoked command in '/home/bhadwabhindi/panda_ws/build/panda_moveit' returned '0': CMAKE_PREFIX_PATH=/home/bhadwabhindi/panda_ws/install/panda_description:/home/bhadwabhindi/panda_ws/install/panda_controller:/home/bhadwabhindi/ros2_ws/install/my_robot_bringup:/home/bhadwabhindi/ros2_ws/install/surgiarm_description:/home/bhadwabhindi/ros2_ws/install/my_robot_controller:/opt/ros/humble /usr/bin/cmake --build /home/bhadwabhindi/panda_ws/build/panda_moveit -- -j12 -l12
[1.113s] DEBUG:colcon.colcon_core.event_handler.log_command:Invoking command in '/home/bhadwabhindi/panda_ws/build/panda_moveit': CMAKE_PREFIX_PATH=/home/bhadwabhindi/panda_ws/install/panda_description:/home/bhadwabhindi/panda_ws/install/panda_controller:/home/bhadwabhindi/ros2_ws/install/my_robot_bringup:/home/bhadwabhindi/ros2_ws/install/surgiarm_description:/home/bhadwabhindi/ros2_ws/install/my_robot_controller:/opt/ros/humble /usr/bin/cmake --install /home/bhadwabhindi/panda_ws/build/panda_moveit
[1.121s] Level 1:colcon.colcon_core.environment:create_environment_scripts_only(panda_moveit)
[1.121s] DEBUG:colcon.colcon_core.event_handler.log_command:Invoked command in '/home/bhadwabhindi/panda_ws/build/panda_moveit' returned '0': CMAKE_PREFIX_PATH=/home/bhadwabhindi/panda_ws/install/panda_description:/home/bhadwabhindi/panda_ws/install/panda_controller:/home/bhadwabhindi/ros2_ws/install/my_robot_bringup:/home/bhadwabhindi/ros2_ws/install/surgiarm_description:/home/bhadwabhindi/ros2_ws/install/my_robot_controller:/opt/ros/humble /usr/bin/cmake --install /home/bhadwabhindi/panda_ws/build/panda_moveit
[1.121s] Level 1:colcon.colcon_core.environment:checking '/home/bhadwabhindi/panda_ws/install/panda_moveit' for CMake module files
[1.122s] Level 1:colcon.colcon_core.environment:checking '/home/bhadwabhindi/panda_ws/install/panda_moveit' for CMake config files
[1.122s] Level 1:colcon.colcon_core.shell:create_environment_hook('panda_moveit', 'cmake_prefix_path')
[1.123s] INFO:colcon.colcon_core.shell:Creating environment hook '/home/bhadwabhindi/panda_ws/install/panda_moveit/share/panda_moveit/hook/cmake_prefix_path.ps1'
[1.123s] INFO:colcon.colcon_core.shell:Creating environment descriptor '/home/bhadwabhindi/panda_ws/install/panda_moveit/share/panda_moveit/hook/cmake_prefix_path.dsv'
[1.123s] INFO:colcon.colcon_core.shell:Creating environment hook '/home/bhadwabhindi/panda_ws/install/panda_moveit/share/panda_moveit/hook/cmake_prefix_path.sh'
[1.124s] Level 1:colcon.colcon_core.environment:checking '/home/bhadwabhindi/panda_ws/install/panda_moveit/bin'
[1.124s] Level 1:colcon.colcon_core.environment:checking '/home/bhadwabhindi/panda_ws/install/panda_moveit/lib/pkgconfig/panda_moveit.pc'
[1.124s] Level 1:colcon.colcon_core.environment:checking '/home/bhadwabhindi/panda_ws/install/panda_moveit/lib/python3.10/site-packages'
[1.124s] Level 1:colcon.colcon_core.environment:checking '/home/bhadwabhindi/panda_ws/install/panda_moveit/bin'
[1.125s] INFO:colcon.colcon_core.shell:Creating package script '/home/bhadwabhindi/panda_ws/install/panda_moveit/share/panda_moveit/package.ps1'
[1.125s] INFO:colcon.colcon_core.shell:Creating package descriptor '/home/bhadwabhindi/panda_ws/install/panda_moveit/share/panda_moveit/package.dsv'
[1.125s] INFO:colcon.colcon_core.shell:Creating package script '/home/bhadwabhindi/panda_ws/install/panda_moveit/share/panda_moveit/package.sh'
[1.125s] INFO:colcon.colcon_core.shell:Creating package script '/home/bhadwabhindi/panda_ws/install/panda_moveit/share/panda_moveit/package.bash'
[1.126s] INFO:colcon.colcon_core.shell:Creating package script '/home/bhadwabhindi/panda_ws/install/panda_moveit/share/panda_moveit/package.zsh'
[1.126s] Level 1:colcon.colcon_core.environment:create_file_with_runtime_dependencies(/home/bhadwabhindi/panda_ws/install/panda_moveit/share/colcon-core/packages/panda_moveit)
[1.126s] Level 1:colcon.colcon_core.environment:create_environment_scripts_only(panda_moveit)
[1.126s] Level 1:colcon.colcon_core.environment:checking '/home/bhadwabhindi/panda_ws/install/panda_moveit' for CMake module files
[1.126s] Level 1:colcon.colcon_core.environment:checking '/home/bhadwabhindi/panda_ws/install/panda_moveit' for CMake config files
[1.126s] Level 1:colcon.colcon_core.shell:create_environment_hook('panda_moveit', 'cmake_prefix_path')
[1.126s] INFO:colcon.colcon_core.shell:Creating environment hook '/home/bhadwabhindi/panda_ws/install/panda_moveit/share/panda_moveit/hook/cmake_prefix_path.ps1'
[1.127s] INFO:colcon.colcon_core.shell:Creating environment descriptor '/home/bhadwabhindi/panda_ws/install/panda_moveit/share/panda_moveit/hook/cmake_prefix_path.dsv'
[1.127s] INFO:colcon.colcon_core.shell:Creating environment hook '/home/bhadwabhindi/panda_ws/install/panda_moveit/share/panda_moveit/hook/cmake_prefix_path.sh'
[1.127s] Level 1:colcon.colcon_core.environment:checking '/home/bhadwabhindi/panda_ws/install/panda_moveit/bin'
[1.127s] Level 1:colcon.colcon_core.environment:checking '/home/bhadwabhindi/panda_ws/install/panda_moveit/lib/pkgconfig/panda_moveit.pc'
[1.127s] Level 1:colcon.colcon_core.environment:checking '/home/bhadwabhindi/panda_ws/install/panda_moveit/lib/python3.10/site-packages'
[1.127s] Level 1:colcon.colcon_core.environment:checking '/home/bhadwabhindi/panda_ws/install/panda_moveit/bin'
[1.128s] INFO:colcon.colcon_core.shell:Creating package script '/home/bhadwabhindi/panda_ws/install/panda_moveit/share/panda_moveit/package.ps1'
[1.128s] INFO:colcon.colcon_core.shell:Creating package descriptor '/home/bhadwabhindi/panda_ws/install/panda_moveit/share/panda_moveit/package.dsv'
[1.128s] INFO:colcon.colcon_core.shell:Creating package script '/home/bhadwabhindi/panda_ws/install/panda_moveit/share/panda_moveit/package.sh'
[1.128s] INFO:colcon.colcon_core.shell:Creating package script '/home/bhadwabhindi/panda_ws/install/panda_moveit/share/panda_moveit/package.bash'
[1.129s] INFO:colcon.colcon_core.shell:Creating package script '/home/bhadwabhindi/panda_ws/install/panda_moveit/share/panda_moveit/package.zsh'
[1.129s] Level 1:colcon.colcon_core.environment:create_file_with_runtime_dependencies(/home/bhadwabhindi/panda_ws/install/panda_moveit/share/colcon-core/packages/panda_moveit)
[1.129s] DEBUG:colcon.colcon_parallel_executor.executor.parallel:closing loop
[1.129s] DEBUG:colcon.colcon_parallel_executor.executor.parallel:loop closed
[1.129s] DEBUG:colcon.colcon_parallel_executor.executor.parallel:run_until_complete finished with '0'
[1.129s] DEBUG:colcon.colcon_core.event_reactor:joining thread
[1.132s] INFO:colcon.colcon_core.plugin_system:Skipping extension 'colcon_notification.desktop_notification.terminal_notifier': Not used on non-Darwin systems
[1.132s] INFO:colcon.colcon_core.plugin_system:Skipping extension 'colcon_notification.desktop_notification.win32': Not used on non-Windows systems
[1.132s] INFO:colcon.colcon_notification.desktop_notification:Sending desktop notification using 'notify2'
[1.140s] DEBUG:colcon.colcon_core.event_reactor:joined thread
[1.141s] INFO:colcon.colcon_core.shell:Creating prefix script '/home/bhadwabhindi/panda_ws/install/local_setup.ps1'
[1.141s] INFO:colcon.colcon_core.shell:Creating prefix util module '/home/bhadwabhindi/panda_ws/install/_local_setup_util_ps1.py'
[1.142s] INFO:colcon.colcon_core.shell:Creating prefix chain script '/home/bhadwabhindi/panda_ws/install/setup.ps1'
[1.143s] INFO:colcon.colcon_core.shell:Creating prefix script '/home/bhadwabhindi/panda_ws/install/local_setup.sh'
[1.143s] INFO:colcon.colcon_core.shell:Creating prefix util module '/home/bhadwabhindi/panda_ws/install/_local_setup_util_sh.py'
[1.143s] INFO:colcon.colcon_core.shell:Creating prefix chain script '/home/bhadwabhindi/panda_ws/install/setup.sh'
[1.144s] INFO:colcon.colcon_core.shell:Creating prefix script '/home/bhadwabhindi/panda_ws/install/local_setup.bash'
[1.144s] INFO:colcon.colcon_core.shell:Creating prefix chain script '/home/bhadwabhindi/panda_ws/install/setup.bash'
[1.145s] INFO:colcon.colcon_core.shell:Creating prefix script '/home/bhadwabhindi/panda_ws/install/local_setup.zsh'
[1.145s] INFO:colcon.colcon_core.shell:Creating prefix chain script '/home/bhadwabhindi/panda_ws/install/setup.zsh'
