[0.068s] DEBUG:colcon:Command line arguments: ['/usr/bin/colcon', 'build']
[0.068s] DEBUG:colcon:Parsed command line arguments: Namespace(log_base=None, log_level=None, verb_name='build', build_base='build', install_base='install', merge_install=False, symlink_install=False, test_result_base=None, continue_on_error=False, executor='parallel', parallel_workers=12, event_handlers=None, ignore_user_meta=False, metas=['./colcon.meta'], base_paths=['.'], packages_ignore=None, packages_ignore_regex=None, paths=None, packages_up_to=None, packages_up_to_regex=None, packages_above=None, packages_above_and_dependencies=None, packages_above_depth=None, packages_select_by_dep=None, packages_skip_by_dep=None, packages_skip_up_to=None, packages_select_build_failed=False, packages_skip_build_finished=False, packages_select_test_failures=False, packages_skip_test_passed=False, packages_select=None, packages_skip=None, packages_select_regex=None, packages_skip_regex=None, packages_start=None, packages_end=None, allow_overriding=[], cmake_args=None, cmake_target=None, cmake_target_skip_unavailable=False, cmake_clean_cache=False, cmake_clean_first=False, cmake_force_configure=False, ament_cmake_args=None, catkin_cmake_args=None, catkin_skip_building_tests=False, mixin_files=None, mixin=None, verb_parser=<colcon_mixin.mixin.mixin_argument.MixinArgumentDecorator object at 0x771d77d9c100>, verb_extension=<colcon_core.verb.build.BuildVerb object at 0x771d77d18e80>, main=<bound method BuildVerb.main of <colcon_core.verb.build.BuildVerb object at 0x771d77d18e80>>, mixin_verb=('build',))
[0.222s] Level 1:colcon.colcon_core.package_discovery:discover_packages(colcon_meta) check parameters
[0.222s] Level 1:colcon.colcon_core.package_discovery:discover_packages(recursive) check parameters
[0.222s] Level 1:colcon.colcon_core.package_discovery:discover_packages(ignore) check parameters
[0.222s] Level 1:colcon.colcon_core.package_discovery:discover_packages(path) check parameters
[0.222s] Level 1:colcon.colcon_core.package_discovery:discover_packages(colcon_meta) discover
[0.222s] Level 1:colcon.colcon_core.package_discovery:discover_packages(recursive) discover
[0.222s] INFO:colcon.colcon_core.package_discovery:Crawling recursively for packages in '/home/bhadwabhindi/panda_ws'
[0.222s] Level 1:colcon.colcon_core.package_identification:_identify(.) by extensions ['ignore', 'ignore_ament_install']
[0.222s] Level 1:colcon.colcon_core.package_identification:_identify(.) by extension 'ignore'
[0.222s] Level 1:colcon.colcon_core.package_identification:_identify(.) by extension 'ignore_ament_install'
[0.222s] Level 1:colcon.colcon_core.package_identification:_identify(.) by extensions ['colcon_pkg']
[0.222s] Level 1:colcon.colcon_core.package_identification:_identify(.) by extension 'colcon_pkg'
[0.222s] Level 1:colcon.colcon_core.package_identification:_identify(.) by extensions ['colcon_meta']
[0.222s] Level 1:colcon.colcon_core.package_identification:_identify(.) by extension 'colcon_meta'
[0.222s] Level 1:colcon.colcon_core.package_identification:_identify(.) by extensions ['ros']
[0.222s] Level 1:colcon.colcon_core.package_identification:_identify(.) by extension 'ros'
[0.231s] Level 1:colcon.colcon_core.package_identification:_identify(.) by extensions ['cmake', 'python']
[0.231s] Level 1:colcon.colcon_core.package_identification:_identify(.) by extension 'cmake'
[0.231s] Level 1:colcon.colcon_core.package_identification:_identify(.) by extension 'python'
[0.231s] Level 1:colcon.colcon_core.package_identification:_identify(.) by extensions ['python_setup_py']
[0.231s] Level 1:colcon.colcon_core.package_identification:_identify(.) by extension 'python_setup_py'
[0.231s] Level 1:colcon.colcon_core.package_identification:_identify(build) by extensions ['ignore', 'ignore_ament_install']
[0.231s] Level 1:colcon.colcon_core.package_identification:_identify(build) by extension 'ignore'
[0.231s] Level 1:colcon.colcon_core.package_identification:_identify(build) ignored
[0.231s] Level 1:colcon.colcon_core.package_identification:_identify(install) by extensions ['ignore', 'ignore_ament_install']
[0.231s] Level 1:colcon.colcon_core.package_identification:_identify(install) by extension 'ignore'
[0.231s] Level 1:colcon.colcon_core.package_identification:_identify(install) ignored
[0.231s] Level 1:colcon.colcon_core.package_identification:_identify(log) by extensions ['ignore', 'ignore_ament_install']
[0.231s] Level 1:colcon.colcon_core.package_identification:_identify(log) by extension 'ignore'
[0.231s] Level 1:colcon.colcon_core.package_identification:_identify(log) ignored
[0.231s] Level 1:colcon.colcon_core.package_identification:_identify(src) by extensions ['ignore', 'ignore_ament_install']
[0.231s] Level 1:colcon.colcon_core.package_identification:_identify(src) by extension 'ignore'
[0.231s] Level 1:colcon.colcon_core.package_identification:_identify(src) by extension 'ignore_ament_install'
[0.231s] Level 1:colcon.colcon_core.package_identification:_identify(src) by extensions ['colcon_pkg']
[0.231s] Level 1:colcon.colcon_core.package_identification:_identify(src) by extension 'colcon_pkg'
[0.231s] Level 1:colcon.colcon_core.package_identification:_identify(src) by extensions ['colcon_meta']
[0.231s] Level 1:colcon.colcon_core.package_identification:_identify(src) by extension 'colcon_meta'
[0.231s] Level 1:colcon.colcon_core.package_identification:_identify(src) by extensions ['ros']
[0.231s] Level 1:colcon.colcon_core.package_identification:_identify(src) by extension 'ros'
[0.231s] Level 1:colcon.colcon_core.package_identification:_identify(src) by extensions ['cmake', 'python']
[0.231s] Level 1:colcon.colcon_core.package_identification:_identify(src) by extension 'cmake'
[0.231s] Level 1:colcon.colcon_core.package_identification:_identify(src) by extension 'python'
[0.232s] Level 1:colcon.colcon_core.package_identification:_identify(src) by extensions ['python_setup_py']
[0.232s] Level 1:colcon.colcon_core.package_identification:_identify(src) by extension 'python_setup_py'
[0.232s] Level 1:colcon.colcon_core.package_identification:_identify(src/panda_bringup) by extensions ['ignore', 'ignore_ament_install']
[0.232s] Level 1:colcon.colcon_core.package_identification:_identify(src/panda_bringup) by extension 'ignore'
[0.232s] Level 1:colcon.colcon_core.package_identification:_identify(src/panda_bringup) by extension 'ignore_ament_install'
[0.232s] Level 1:colcon.colcon_core.package_identification:_identify(src/panda_bringup) by extensions ['colcon_pkg']
[0.232s] Level 1:colcon.colcon_core.package_identification:_identify(src/panda_bringup) by extension 'colcon_pkg'
[0.232s] Level 1:colcon.colcon_core.package_identification:_identify(src/panda_bringup) by extensions ['colcon_meta']
[0.232s] Level 1:colcon.colcon_core.package_identification:_identify(src/panda_bringup) by extension 'colcon_meta'
[0.232s] Level 1:colcon.colcon_core.package_identification:_identify(src/panda_bringup) by extensions ['ros']
[0.232s] Level 1:colcon.colcon_core.package_identification:_identify(src/panda_bringup) by extension 'ros'
[0.233s] DEBUG:colcon.colcon_core.package_identification:Package 'src/panda_bringup' with type 'ros.ament_cmake' and name 'panda_bringup'
[0.233s] Level 1:colcon.colcon_core.package_identification:_identify(src/panda_controller) by extensions ['ignore', 'ignore_ament_install']
[0.233s] Level 1:colcon.colcon_core.package_identification:_identify(src/panda_controller) by extension 'ignore'
[0.233s] Level 1:colcon.colcon_core.package_identification:_identify(src/panda_controller) by extension 'ignore_ament_install'
[0.233s] Level 1:colcon.colcon_core.package_identification:_identify(src/panda_controller) by extensions ['colcon_pkg']
[0.233s] Level 1:colcon.colcon_core.package_identification:_identify(src/panda_controller) by extension 'colcon_pkg'
[0.233s] Level 1:colcon.colcon_core.package_identification:_identify(src/panda_controller) by extensions ['colcon_meta']
[0.233s] Level 1:colcon.colcon_core.package_identification:_identify(src/panda_controller) by extension 'colcon_meta'
[0.233s] Level 1:colcon.colcon_core.package_identification:_identify(src/panda_controller) by extensions ['ros']
[0.234s] Level 1:colcon.colcon_core.package_identification:_identify(src/panda_controller) by extension 'ros'
[0.234s] DEBUG:colcon.colcon_core.package_identification:Package 'src/panda_controller' with type 'ros.ament_cmake' and name 'panda_controller'
[0.234s] Level 1:colcon.colcon_core.package_identification:_identify(src/panda_description) by extensions ['ignore', 'ignore_ament_install']
[0.234s] Level 1:colcon.colcon_core.package_identification:_identify(src/panda_description) by extension 'ignore'
[0.234s] Level 1:colcon.colcon_core.package_identification:_identify(src/panda_description) by extension 'ignore_ament_install'
[0.234s] Level 1:colcon.colcon_core.package_identification:_identify(src/panda_description) by extensions ['colcon_pkg']
[0.234s] Level 1:colcon.colcon_core.package_identification:_identify(src/panda_description) by extension 'colcon_pkg'
[0.234s] Level 1:colcon.colcon_core.package_identification:_identify(src/panda_description) by extensions ['colcon_meta']
[0.234s] Level 1:colcon.colcon_core.package_identification:_identify(src/panda_description) by extension 'colcon_meta'
[0.234s] Level 1:colcon.colcon_core.package_identification:_identify(src/panda_description) by extensions ['ros']
[0.234s] Level 1:colcon.colcon_core.package_identification:_identify(src/panda_description) by extension 'ros'
[0.236s] DEBUG:colcon.colcon_core.package_identification:Package 'src/panda_description' with type 'ros.ament_cmake' and name 'panda_description'
[0.236s] Level 1:colcon.colcon_core.package_identification:_identify(src/panda_moveit) by extensions ['ignore', 'ignore_ament_install']
[0.236s] Level 1:colcon.colcon_core.package_identification:_identify(src/panda_moveit) by extension 'ignore'
[0.236s] Level 1:colcon.colcon_core.package_identification:_identify(src/panda_moveit) by extension 'ignore_ament_install'
[0.236s] Level 1:colcon.colcon_core.package_identification:_identify(src/panda_moveit) by extensions ['colcon_pkg']
[0.236s] Level 1:colcon.colcon_core.package_identification:_identify(src/panda_moveit) by extension 'colcon_pkg'
[0.236s] Level 1:colcon.colcon_core.package_identification:_identify(src/panda_moveit) by extensions ['colcon_meta']
[0.236s] Level 1:colcon.colcon_core.package_identification:_identify(src/panda_moveit) by extension 'colcon_meta'
[0.236s] Level 1:colcon.colcon_core.package_identification:_identify(src/panda_moveit) by extensions ['ros']
[0.236s] Level 1:colcon.colcon_core.package_identification:_identify(src/panda_moveit) by extension 'ros'
[0.236s] DEBUG:colcon.colcon_core.package_identification:Package 'src/panda_moveit' with type 'ros.ament_cmake' and name 'panda_moveit'
[0.236s] Level 1:colcon.colcon_core.package_identification:_identify(src/panda_vision) by extensions ['ignore', 'ignore_ament_install']
[0.236s] Level 1:colcon.colcon_core.package_identification:_identify(src/panda_vision) by extension 'ignore'
[0.236s] Level 1:colcon.colcon_core.package_identification:_identify(src/panda_vision) by extension 'ignore_ament_install'
[0.237s] Level 1:colcon.colcon_core.package_identification:_identify(src/panda_vision) by extensions ['colcon_pkg']
[0.237s] Level 1:colcon.colcon_core.package_identification:_identify(src/panda_vision) by extension 'colcon_pkg'
[0.237s] Level 1:colcon.colcon_core.package_identification:_identify(src/panda_vision) by extensions ['colcon_meta']
[0.237s] Level 1:colcon.colcon_core.package_identification:_identify(src/panda_vision) by extension 'colcon_meta'
[0.237s] Level 1:colcon.colcon_core.package_identification:_identify(src/panda_vision) by extensions ['ros']
[0.237s] Level 1:colcon.colcon_core.package_identification:_identify(src/panda_vision) by extension 'ros'
[0.237s] DEBUG:colcon.colcon_core.package_identification:Package 'src/panda_vision' with type 'ros.ament_python' and name 'panda_vision'
[0.237s] Level 1:colcon.colcon_core.package_identification:_identify(src/pymoveit2) by extensions ['ignore', 'ignore_ament_install']
[0.237s] Level 1:colcon.colcon_core.package_identification:_identify(src/pymoveit2) by extension 'ignore'
[0.237s] Level 1:colcon.colcon_core.package_identification:_identify(src/pymoveit2) by extension 'ignore_ament_install'
[0.237s] Level 1:colcon.colcon_core.package_identification:_identify(src/pymoveit2) by extensions ['colcon_pkg']
[0.237s] Level 1:colcon.colcon_core.package_identification:_identify(src/pymoveit2) by extension 'colcon_pkg'
[0.237s] Level 1:colcon.colcon_core.package_identification:_identify(src/pymoveit2) by extensions ['colcon_meta']
[0.237s] Level 1:colcon.colcon_core.package_identification:_identify(src/pymoveit2) by extension 'colcon_meta'
[0.237s] Level 1:colcon.colcon_core.package_identification:_identify(src/pymoveit2) by extensions ['ros']
[0.237s] Level 1:colcon.colcon_core.package_identification:_identify(src/pymoveit2) by extension 'ros'
[0.238s] DEBUG:colcon.colcon_core.package_identification:Package 'src/pymoveit2' with type 'ros.ament_cmake' and name 'pymoveit2'
[0.238s] Level 1:colcon.colcon_core.package_discovery:discover_packages(recursive) using defaults
[0.238s] Level 1:colcon.colcon_core.package_discovery:discover_packages(ignore) discover
[0.238s] Level 1:colcon.colcon_core.package_discovery:discover_packages(ignore) using defaults
[0.238s] Level 1:colcon.colcon_core.package_discovery:discover_packages(path) discover
[0.238s] Level 1:colcon.colcon_core.package_discovery:discover_packages(path) using defaults
[0.250s] Level 1:colcon.colcon_core.package_discovery:discover_packages(prefix_path) check parameters
[0.250s] Level 1:colcon.colcon_core.package_discovery:discover_packages(prefix_path) discover
[0.251s] DEBUG:colcon.colcon_installed_package_information.package_discovery:Found 4 installed packages in /home/bhadwabhindi/panda_ws/install
[0.252s] DEBUG:colcon.colcon_installed_package_information.package_discovery:Found 3 installed packages in /home/bhadwabhindi/ros2_ws/install
[0.253s] DEBUG:colcon.colcon_installed_package_information.package_discovery:Found 438 installed packages in /opt/ros/humble
[0.254s] Level 1:colcon.colcon_core.package_discovery:discover_packages(prefix_path) using defaults
[0.282s] Level 5:colcon.colcon_core.verb:set package 'panda_description' build argument 'cmake_args' from command line to 'None'
[0.282s] Level 5:colcon.colcon_core.verb:set package 'panda_description' build argument 'cmake_target' from command line to 'None'
[0.282s] Level 5:colcon.colcon_core.verb:set package 'panda_description' build argument 'cmake_target_skip_unavailable' from command line to 'False'
[0.282s] Level 5:colcon.colcon_core.verb:set package 'panda_description' build argument 'cmake_clean_cache' from command line to 'False'
[0.282s] Level 5:colcon.colcon_core.verb:set package 'panda_description' build argument 'cmake_clean_first' from command line to 'False'
[0.282s] Level 5:colcon.colcon_core.verb:set package 'panda_description' build argument 'cmake_force_configure' from command line to 'False'
[0.282s] Level 5:colcon.colcon_core.verb:set package 'panda_description' build argument 'ament_cmake_args' from command line to 'None'
[0.282s] Level 5:colcon.colcon_core.verb:set package 'panda_description' build argument 'catkin_cmake_args' from command line to 'None'
[0.282s] Level 5:colcon.colcon_core.verb:set package 'panda_description' build argument 'catkin_skip_building_tests' from command line to 'False'
[0.282s] DEBUG:colcon.colcon_core.verb:Building package 'panda_description' with the following arguments: {'ament_cmake_args': None, 'build_base': '/home/bhadwabhindi/panda_ws/build/panda_description', 'catkin_cmake_args': None, 'catkin_skip_building_tests': False, 'cmake_args': None, 'cmake_clean_cache': False, 'cmake_clean_first': False, 'cmake_force_configure': False, 'cmake_target': None, 'cmake_target_skip_unavailable': False, 'install_base': '/home/bhadwabhindi/panda_ws/install/panda_description', 'merge_install': False, 'path': '/home/bhadwabhindi/panda_ws/src/panda_description', 'symlink_install': False, 'test_result_base': None}
[0.282s] Level 5:colcon.colcon_core.verb:set package 'panda_vision' build argument 'cmake_args' from command line to 'None'
[0.282s] Level 5:colcon.colcon_core.verb:set package 'panda_vision' build argument 'cmake_target' from command line to 'None'
[0.282s] Level 5:colcon.colcon_core.verb:set package 'panda_vision' build argument 'cmake_target_skip_unavailable' from command line to 'False'
[0.282s] Level 5:colcon.colcon_core.verb:set package 'panda_vision' build argument 'cmake_clean_cache' from command line to 'False'
[0.282s] Level 5:colcon.colcon_core.verb:set package 'panda_vision' build argument 'cmake_clean_first' from command line to 'False'
[0.282s] Level 5:colcon.colcon_core.verb:set package 'panda_vision' build argument 'cmake_force_configure' from command line to 'False'
[0.282s] Level 5:colcon.colcon_core.verb:set package 'panda_vision' build argument 'ament_cmake_args' from command line to 'None'
[0.282s] Level 5:colcon.colcon_core.verb:set package 'panda_vision' build argument 'catkin_cmake_args' from command line to 'None'
[0.282s] Level 5:colcon.colcon_core.verb:set package 'panda_vision' build argument 'catkin_skip_building_tests' from command line to 'False'
[0.283s] DEBUG:colcon.colcon_core.verb:Building package 'panda_vision' with the following arguments: {'ament_cmake_args': None, 'build_base': '/home/bhadwabhindi/panda_ws/build/panda_vision', 'catkin_cmake_args': None, 'catkin_skip_building_tests': False, 'cmake_args': None, 'cmake_clean_cache': False, 'cmake_clean_first': False, 'cmake_force_configure': False, 'cmake_target': None, 'cmake_target_skip_unavailable': False, 'install_base': '/home/bhadwabhindi/panda_ws/install/panda_vision', 'merge_install': False, 'path': '/home/bhadwabhindi/panda_ws/src/panda_vision', 'symlink_install': False, 'test_result_base': None}
[0.283s] Level 5:colcon.colcon_core.verb:set package 'pymoveit2' build argument 'cmake_args' from command line to 'None'
[0.283s] Level 5:colcon.colcon_core.verb:set package 'pymoveit2' build argument 'cmake_target' from command line to 'None'
[0.283s] Level 5:colcon.colcon_core.verb:set package 'pymoveit2' build argument 'cmake_target_skip_unavailable' from command line to 'False'
[0.283s] Level 5:colcon.colcon_core.verb:set package 'pymoveit2' build argument 'cmake_clean_cache' from command line to 'False'
[0.283s] Level 5:colcon.colcon_core.verb:set package 'pymoveit2' build argument 'cmake_clean_first' from command line to 'False'
[0.283s] Level 5:colcon.colcon_core.verb:set package 'pymoveit2' build argument 'cmake_force_configure' from command line to 'False'
[0.283s] Level 5:colcon.colcon_core.verb:set package 'pymoveit2' build argument 'ament_cmake_args' from command line to 'None'
[0.283s] Level 5:colcon.colcon_core.verb:set package 'pymoveit2' build argument 'catkin_cmake_args' from command line to 'None'
[0.283s] Level 5:colcon.colcon_core.verb:set package 'pymoveit2' build argument 'catkin_skip_building_tests' from command line to 'False'
[0.283s] DEBUG:colcon.colcon_core.verb:Building package 'pymoveit2' with the following arguments: {'ament_cmake_args': None, 'build_base': '/home/bhadwabhindi/panda_ws/build/pymoveit2', 'catkin_cmake_args': None, 'catkin_skip_building_tests': False, 'cmake_args': None, 'cmake_clean_cache': False, 'cmake_clean_first': False, 'cmake_force_configure': False, 'cmake_target': None, 'cmake_target_skip_unavailable': False, 'install_base': '/home/bhadwabhindi/panda_ws/install/pymoveit2', 'merge_install': False, 'path': '/home/bhadwabhindi/panda_ws/src/pymoveit2', 'symlink_install': False, 'test_result_base': None}
[0.283s] Level 5:colcon.colcon_core.verb:set package 'panda_controller' build argument 'cmake_args' from command line to 'None'
[0.283s] Level 5:colcon.colcon_core.verb:set package 'panda_controller' build argument 'cmake_target' from command line to 'None'
[0.283s] Level 5:colcon.colcon_core.verb:set package 'panda_controller' build argument 'cmake_target_skip_unavailable' from command line to 'False'
[0.283s] Level 5:colcon.colcon_core.verb:set package 'panda_controller' build argument 'cmake_clean_cache' from command line to 'False'
[0.283s] Level 5:colcon.colcon_core.verb:set package 'panda_controller' build argument 'cmake_clean_first' from command line to 'False'
[0.283s] Level 5:colcon.colcon_core.verb:set package 'panda_controller' build argument 'cmake_force_configure' from command line to 'False'
[0.283s] Level 5:colcon.colcon_core.verb:set package 'panda_controller' build argument 'ament_cmake_args' from command line to 'None'
[0.283s] Level 5:colcon.colcon_core.verb:set package 'panda_controller' build argument 'catkin_cmake_args' from command line to 'None'
[0.283s] Level 5:colcon.colcon_core.verb:set package 'panda_controller' build argument 'catkin_skip_building_tests' from command line to 'False'
[0.283s] DEBUG:colcon.colcon_core.verb:Building package 'panda_controller' with the following arguments: {'ament_cmake_args': None, 'build_base': '/home/bhadwabhindi/panda_ws/build/panda_controller', 'catkin_cmake_args': None, 'catkin_skip_building_tests': False, 'cmake_args': None, 'cmake_clean_cache': False, 'cmake_clean_first': False, 'cmake_force_configure': False, 'cmake_target': None, 'cmake_target_skip_unavailable': False, 'install_base': '/home/bhadwabhindi/panda_ws/install/panda_controller', 'merge_install': False, 'path': '/home/bhadwabhindi/panda_ws/src/panda_controller', 'symlink_install': False, 'test_result_base': None}
[0.283s] Level 5:colcon.colcon_core.verb:set package 'panda_moveit' build argument 'cmake_args' from command line to 'None'
[0.283s] Level 5:colcon.colcon_core.verb:set package 'panda_moveit' build argument 'cmake_target' from command line to 'None'
[0.283s] Level 5:colcon.colcon_core.verb:set package 'panda_moveit' build argument 'cmake_target_skip_unavailable' from command line to 'False'
[0.283s] Level 5:colcon.colcon_core.verb:set package 'panda_moveit' build argument 'cmake_clean_cache' from command line to 'False'
[0.283s] Level 5:colcon.colcon_core.verb:set package 'panda_moveit' build argument 'cmake_clean_first' from command line to 'False'
[0.283s] Level 5:colcon.colcon_core.verb:set package 'panda_moveit' build argument 'cmake_force_configure' from command line to 'False'
[0.283s] Level 5:colcon.colcon_core.verb:set package 'panda_moveit' build argument 'ament_cmake_args' from command line to 'None'
[0.283s] Level 5:colcon.colcon_core.verb:set package 'panda_moveit' build argument 'catkin_cmake_args' from command line to 'None'
[0.283s] Level 5:colcon.colcon_core.verb:set package 'panda_moveit' build argument 'catkin_skip_building_tests' from command line to 'False'
[0.283s] DEBUG:colcon.colcon_core.verb:Building package 'panda_moveit' with the following arguments: {'ament_cmake_args': None, 'build_base': '/home/bhadwabhindi/panda_ws/build/panda_moveit', 'catkin_cmake_args': None, 'catkin_skip_building_tests': False, 'cmake_args': None, 'cmake_clean_cache': False, 'cmake_clean_first': False, 'cmake_force_configure': False, 'cmake_target': None, 'cmake_target_skip_unavailable': False, 'install_base': '/home/bhadwabhindi/panda_ws/install/panda_moveit', 'merge_install': False, 'path': '/home/bhadwabhindi/panda_ws/src/panda_moveit', 'symlink_install': False, 'test_result_base': None}
[0.284s] Level 5:colcon.colcon_core.verb:set package 'panda_bringup' build argument 'cmake_args' from command line to 'None'
[0.284s] Level 5:colcon.colcon_core.verb:set package 'panda_bringup' build argument 'cmake_target' from command line to 'None'
[0.284s] Level 5:colcon.colcon_core.verb:set package 'panda_bringup' build argument 'cmake_target_skip_unavailable' from command line to 'False'
[0.284s] Level 5:colcon.colcon_core.verb:set package 'panda_bringup' build argument 'cmake_clean_cache' from command line to 'False'
[0.284s] Level 5:colcon.colcon_core.verb:set package 'panda_bringup' build argument 'cmake_clean_first' from command line to 'False'
[0.284s] Level 5:colcon.colcon_core.verb:set package 'panda_bringup' build argument 'cmake_force_configure' from command line to 'False'
[0.284s] Level 5:colcon.colcon_core.verb:set package 'panda_bringup' build argument 'ament_cmake_args' from command line to 'None'
[0.284s] Level 5:colcon.colcon_core.verb:set package 'panda_bringup' build argument 'catkin_cmake_args' from command line to 'None'
[0.284s] Level 5:colcon.colcon_core.verb:set package 'panda_bringup' build argument 'catkin_skip_building_tests' from command line to 'False'
[0.284s] DEBUG:colcon.colcon_core.verb:Building package 'panda_bringup' with the following arguments: {'ament_cmake_args': None, 'build_base': '/home/bhadwabhindi/panda_ws/build/panda_bringup', 'catkin_cmake_args': None, 'catkin_skip_building_tests': False, 'cmake_args': None, 'cmake_clean_cache': False, 'cmake_clean_first': False, 'cmake_force_configure': False, 'cmake_target': None, 'cmake_target_skip_unavailable': False, 'install_base': '/home/bhadwabhindi/panda_ws/install/panda_bringup', 'merge_install': False, 'path': '/home/bhadwabhindi/panda_ws/src/panda_bringup', 'symlink_install': False, 'test_result_base': None}
[0.284s] INFO:colcon.colcon_core.executor:Executing jobs using 'parallel' executor
[0.285s] DEBUG:colcon.colcon_parallel_executor.executor.parallel:run_until_complete
[0.285s] INFO:colcon.colcon_ros.task.ament_cmake.build:Building ROS package in '/home/bhadwabhindi/panda_ws/src/panda_description' with build type 'ament_cmake'
[0.285s] INFO:colcon.colcon_cmake.task.cmake.build:Building CMake package in '/home/bhadwabhindi/panda_ws/src/panda_description'
[0.286s] INFO:colcon.colcon_core.plugin_system:Skipping extension 'colcon_core.shell.bat': Not used on non-Windows systems
[0.286s] INFO:colcon.colcon_core.shell:Skip shell extension 'powershell' for command environment: Not usable outside of PowerShell
[0.286s] DEBUG:colcon.colcon_core.shell:Skip shell extension 'dsv' for command environment
[0.289s] INFO:colcon.colcon_ros.task.ament_python.build:Building ROS package in '/home/bhadwabhindi/panda_ws/src/panda_vision' with build type 'ament_python'
[0.289s] Level 1:colcon.colcon_core.shell:create_environment_hook('panda_vision', 'ament_prefix_path')
[0.289s] INFO:colcon.colcon_core.shell:Creating environment hook '/home/bhadwabhindi/panda_ws/install/panda_vision/share/panda_vision/hook/ament_prefix_path.ps1'
[0.290s] INFO:colcon.colcon_core.shell:Creating environment descriptor '/home/bhadwabhindi/panda_ws/install/panda_vision/share/panda_vision/hook/ament_prefix_path.dsv'
[0.290s] INFO:colcon.colcon_core.shell:Creating environment hook '/home/bhadwabhindi/panda_ws/install/panda_vision/share/panda_vision/hook/ament_prefix_path.sh'
[0.290s] INFO:colcon.colcon_core.shell:Skip shell extension 'powershell' for command environment: Not usable outside of PowerShell
[0.290s] DEBUG:colcon.colcon_core.shell:Skip shell extension 'dsv' for command environment
[0.292s] INFO:colcon.colcon_ros.task.ament_cmake.build:Building ROS package in '/home/bhadwabhindi/panda_ws/src/pymoveit2' with build type 'ament_cmake'
[0.293s] INFO:colcon.colcon_cmake.task.cmake.build:Building CMake package in '/home/bhadwabhindi/panda_ws/src/pymoveit2'
[0.293s] INFO:colcon.colcon_core.shell:Skip shell extension 'powershell' for command environment: Not usable outside of PowerShell
[0.293s] DEBUG:colcon.colcon_core.shell:Skip shell extension 'dsv' for command environment
[0.300s] DEBUG:colcon.colcon_core.event_handler.log_command:Invoking command in '/home/bhadwabhindi/panda_ws/build/panda_description': CMAKE_PREFIX_PATH=${CMAKE_PREFIX_PATH}:/home/bhadwabhindi/panda_ws/install/panda_vision:/home/bhadwabhindi/ros2_ws/install/surgiarm_description:/home/bhadwabhindi/ros2_ws/install/my_robot_controller:/opt/ros/humble /usr/bin/cmake --build /home/bhadwabhindi/panda_ws/build/panda_description -- -j12 -l12
[0.521s] INFO:colcon.colcon_core.task.python.build:Building Python package in '/home/bhadwabhindi/panda_ws/src/panda_vision'
[0.521s] INFO:colcon.colcon_core.shell:Skip shell extension 'powershell' for command environment: Not usable outside of PowerShell
[0.521s] DEBUG:colcon.colcon_core.shell:Skip shell extension 'dsv' for command environment
[0.527s] DEBUG:colcon.colcon_core.event_handler.log_command:Invoking command in '/home/bhadwabhindi/panda_ws/build/pymoveit2': CMAKE_PREFIX_PATH=${CMAKE_PREFIX_PATH}:/home/bhadwabhindi/panda_ws/install/panda_vision:/home/bhadwabhindi/ros2_ws/install/surgiarm_description:/home/bhadwabhindi/ros2_ws/install/my_robot_controller:/opt/ros/humble /usr/bin/cmake --build /home/bhadwabhindi/panda_ws/build/pymoveit2 -- -j12 -l12
[0.527s] DEBUG:colcon.colcon_core.event_handler.log_command:Invoked command in '/home/bhadwabhindi/panda_ws/build/panda_description' returned '0': CMAKE_PREFIX_PATH=${CMAKE_PREFIX_PATH}:/home/bhadwabhindi/panda_ws/install/panda_vision:/home/bhadwabhindi/ros2_ws/install/surgiarm_description:/home/bhadwabhindi/ros2_ws/install/my_robot_controller:/opt/ros/humble /usr/bin/cmake --build /home/bhadwabhindi/panda_ws/build/panda_description -- -j12 -l12
[0.534s] DEBUG:colcon.colcon_core.event_handler.log_command:Invoking command in '/home/bhadwabhindi/panda_ws/build/panda_description': CMAKE_PREFIX_PATH=${CMAKE_PREFIX_PATH}:/home/bhadwabhindi/panda_ws/install/panda_vision:/home/bhadwabhindi/ros2_ws/install/surgiarm_description:/home/bhadwabhindi/ros2_ws/install/my_robot_controller:/opt/ros/humble /usr/bin/cmake --install /home/bhadwabhindi/panda_ws/build/panda_description
[0.544s] Level 1:colcon.colcon_core.environment:create_environment_scripts_only(panda_description)
[0.545s] DEBUG:colcon.colcon_core.event_handler.log_command:Invoked command in '/home/bhadwabhindi/panda_ws/build/panda_description' returned '0': CMAKE_PREFIX_PATH=${CMAKE_PREFIX_PATH}:/home/bhadwabhindi/panda_ws/install/panda_vision:/home/bhadwabhindi/ros2_ws/install/surgiarm_description:/home/bhadwabhindi/ros2_ws/install/my_robot_controller:/opt/ros/humble /usr/bin/cmake --install /home/bhadwabhindi/panda_ws/build/panda_description
[0.546s] Level 1:colcon.colcon_core.environment:checking '/home/bhadwabhindi/panda_ws/install/panda_description' for CMake module files
[0.546s] Level 1:colcon.colcon_core.environment:checking '/home/bhadwabhindi/panda_ws/install/panda_description' for CMake config files
[0.546s] Level 1:colcon.colcon_core.shell:create_environment_hook('panda_description', 'cmake_prefix_path')
[0.546s] INFO:colcon.colcon_core.shell:Creating environment hook '/home/bhadwabhindi/panda_ws/install/panda_description/share/panda_description/hook/cmake_prefix_path.ps1'
[0.547s] INFO:colcon.colcon_core.shell:Creating environment descriptor '/home/bhadwabhindi/panda_ws/install/panda_description/share/panda_description/hook/cmake_prefix_path.dsv'
[0.547s] INFO:colcon.colcon_core.shell:Creating environment hook '/home/bhadwabhindi/panda_ws/install/panda_description/share/panda_description/hook/cmake_prefix_path.sh'
[0.547s] Level 1:colcon.colcon_core.environment:checking '/home/bhadwabhindi/panda_ws/install/panda_description/bin'
[0.547s] Level 1:colcon.colcon_core.environment:checking '/home/bhadwabhindi/panda_ws/install/panda_description/lib/pkgconfig/panda_description.pc'
[0.547s] Level 1:colcon.colcon_core.environment:checking '/home/bhadwabhindi/panda_ws/install/panda_description/lib/python3.10/site-packages'
[0.548s] Level 1:colcon.colcon_core.environment:checking '/home/bhadwabhindi/panda_ws/install/panda_description/bin'
[0.548s] INFO:colcon.colcon_core.shell:Creating package script '/home/bhadwabhindi/panda_ws/install/panda_description/share/panda_description/package.ps1'
[0.548s] INFO:colcon.colcon_core.shell:Creating package descriptor '/home/bhadwabhindi/panda_ws/install/panda_description/share/panda_description/package.dsv'
[0.549s] INFO:colcon.colcon_core.shell:Creating package script '/home/bhadwabhindi/panda_ws/install/panda_description/share/panda_description/package.sh'
[0.549s] INFO:colcon.colcon_core.shell:Creating package script '/home/bhadwabhindi/panda_ws/install/panda_description/share/panda_description/package.bash'
[0.549s] INFO:colcon.colcon_core.shell:Creating package script '/home/bhadwabhindi/panda_ws/install/panda_description/share/panda_description/package.zsh'
[0.550s] Level 1:colcon.colcon_core.environment:create_file_with_runtime_dependencies(/home/bhadwabhindi/panda_ws/install/panda_description/share/colcon-core/packages/panda_description)
[0.550s] Level 1:colcon.colcon_core.environment:create_environment_scripts_only(panda_description)
[0.550s] Level 1:colcon.colcon_core.environment:checking '/home/bhadwabhindi/panda_ws/install/panda_description' for CMake module files
[0.550s] Level 1:colcon.colcon_core.environment:checking '/home/bhadwabhindi/panda_ws/install/panda_description' for CMake config files
[0.550s] Level 1:colcon.colcon_core.shell:create_environment_hook('panda_description', 'cmake_prefix_path')
[0.550s] INFO:colcon.colcon_core.shell:Creating environment hook '/home/bhadwabhindi/panda_ws/install/panda_description/share/panda_description/hook/cmake_prefix_path.ps1'
[0.551s] INFO:colcon.colcon_core.shell:Creating environment descriptor '/home/bhadwabhindi/panda_ws/install/panda_description/share/panda_description/hook/cmake_prefix_path.dsv'
[0.551s] INFO:colcon.colcon_core.shell:Creating environment hook '/home/bhadwabhindi/panda_ws/install/panda_description/share/panda_description/hook/cmake_prefix_path.sh'
[0.551s] Level 1:colcon.colcon_core.environment:checking '/home/bhadwabhindi/panda_ws/install/panda_description/bin'
[0.551s] Level 1:colcon.colcon_core.environment:checking '/home/bhadwabhindi/panda_ws/install/panda_description/lib/pkgconfig/panda_description.pc'
[0.551s] Level 1:colcon.colcon_core.environment:checking '/home/bhadwabhindi/panda_ws/install/panda_description/lib/python3.10/site-packages'
[0.552s] Level 1:colcon.colcon_core.environment:checking '/home/bhadwabhindi/panda_ws/install/panda_description/bin'
[0.552s] INFO:colcon.colcon_core.shell:Creating package script '/home/bhadwabhindi/panda_ws/install/panda_description/share/panda_description/package.ps1'
[0.552s] INFO:colcon.colcon_core.shell:Creating package descriptor '/home/bhadwabhindi/panda_ws/install/panda_description/share/panda_description/package.dsv'
[0.552s] INFO:colcon.colcon_core.shell:Creating package script '/home/bhadwabhindi/panda_ws/install/panda_description/share/panda_description/package.sh'
[0.553s] INFO:colcon.colcon_core.shell:Creating package script '/home/bhadwabhindi/panda_ws/install/panda_description/share/panda_description/package.bash'
[0.553s] INFO:colcon.colcon_core.shell:Creating package script '/home/bhadwabhindi/panda_ws/install/panda_description/share/panda_description/package.zsh'
[0.553s] Level 1:colcon.colcon_core.environment:create_file_with_runtime_dependencies(/home/bhadwabhindi/panda_ws/install/panda_description/share/colcon-core/packages/panda_description)
[0.553s] INFO:colcon.colcon_ros.task.ament_cmake.build:Building ROS package in '/home/bhadwabhindi/panda_ws/src/panda_controller' with build type 'ament_cmake'
[0.553s] INFO:colcon.colcon_cmake.task.cmake.build:Building CMake package in '/home/bhadwabhindi/panda_ws/src/panda_controller'
[0.553s] INFO:colcon.colcon_core.shell:Skip shell extension 'powershell' for command environment: Not usable outside of PowerShell
[0.553s] DEBUG:colcon.colcon_core.shell:Skip shell extension 'dsv' for command environment
[0.556s] INFO:colcon.colcon_ros.task.ament_cmake.build:Building ROS package in '/home/bhadwabhindi/panda_ws/src/panda_moveit' with build type 'ament_cmake'
[0.556s] INFO:colcon.colcon_cmake.task.cmake.build:Building CMake package in '/home/bhadwabhindi/panda_ws/src/panda_moveit'
[0.556s] INFO:colcon.colcon_core.shell:Skip shell extension 'powershell' for command environment: Not usable outside of PowerShell
[0.556s] DEBUG:colcon.colcon_core.shell:Skip shell extension 'dsv' for command environment
[0.561s] DEBUG:colcon.colcon_core.event_handler.log_command:Invoking command in '/home/bhadwabhindi/panda_ws/build/panda_controller': CMAKE_PREFIX_PATH=/home/bhadwabhindi/panda_ws/install/panda_description:/home/bhadwabhindi/panda_ws/install/panda_moveit:/home/bhadwabhindi/panda_ws/install/panda_controller:/home/bhadwabhindi/ros2_ws/install/my_robot_bringup:/home/bhadwabhindi/panda_ws/install/panda_vision:/home/bhadwabhindi/ros2_ws/install/surgiarm_description:/home/bhadwabhindi/ros2_ws/install/my_robot_controller:/opt/ros/humble /usr/bin/cmake --build /home/bhadwabhindi/panda_ws/build/panda_controller -- -j12 -l12
[0.563s] DEBUG:colcon.colcon_core.event_handler.log_command:Invoking command in '/home/bhadwabhindi/panda_ws/build/panda_moveit': CMAKE_PREFIX_PATH=/home/bhadwabhindi/panda_ws/install/panda_description:/home/bhadwabhindi/panda_ws/install/panda_moveit:/home/bhadwabhindi/panda_ws/install/panda_controller:/home/bhadwabhindi/ros2_ws/install/my_robot_bringup:/home/bhadwabhindi/panda_ws/install/panda_vision:/home/bhadwabhindi/ros2_ws/install/surgiarm_description:/home/bhadwabhindi/ros2_ws/install/my_robot_controller:/opt/ros/humble /usr/bin/cmake --build /home/bhadwabhindi/panda_ws/build/panda_moveit -- -j12 -l12
[0.592s] DEBUG:colcon.colcon_core.event_handler.log_command:Invoked command in '/home/bhadwabhindi/panda_ws/build/panda_moveit' returned '0': CMAKE_PREFIX_PATH=/home/bhadwabhindi/panda_ws/install/panda_description:/home/bhadwabhindi/panda_ws/install/panda_moveit:/home/bhadwabhindi/panda_ws/install/panda_controller:/home/bhadwabhindi/ros2_ws/install/my_robot_bringup:/home/bhadwabhindi/panda_ws/install/panda_vision:/home/bhadwabhindi/ros2_ws/install/surgiarm_description:/home/bhadwabhindi/ros2_ws/install/my_robot_controller:/opt/ros/humble /usr/bin/cmake --build /home/bhadwabhindi/panda_ws/build/panda_moveit -- -j12 -l12
[0.593s] DEBUG:colcon.colcon_core.event_handler.log_command:Invoking command in '/home/bhadwabhindi/panda_ws/build/panda_moveit': CMAKE_PREFIX_PATH=/home/bhadwabhindi/panda_ws/install/panda_description:/home/bhadwabhindi/panda_ws/install/panda_moveit:/home/bhadwabhindi/panda_ws/install/panda_controller:/home/bhadwabhindi/ros2_ws/install/my_robot_bringup:/home/bhadwabhindi/panda_ws/install/panda_vision:/home/bhadwabhindi/ros2_ws/install/surgiarm_description:/home/bhadwabhindi/ros2_ws/install/my_robot_controller:/opt/ros/humble /usr/bin/cmake --install /home/bhadwabhindi/panda_ws/build/panda_moveit
[0.601s] Level 1:colcon.colcon_core.environment:create_environment_scripts_only(panda_moveit)
[0.601s] Level 1:colcon.colcon_core.environment:checking '/home/bhadwabhindi/panda_ws/install/panda_moveit' for CMake module files
[0.601s] DEBUG:colcon.colcon_core.event_handler.log_command:Invoked command in '/home/bhadwabhindi/panda_ws/build/panda_moveit' returned '0': CMAKE_PREFIX_PATH=/home/bhadwabhindi/panda_ws/install/panda_description:/home/bhadwabhindi/panda_ws/install/panda_moveit:/home/bhadwabhindi/panda_ws/install/panda_controller:/home/bhadwabhindi/ros2_ws/install/my_robot_bringup:/home/bhadwabhindi/panda_ws/install/panda_vision:/home/bhadwabhindi/ros2_ws/install/surgiarm_description:/home/bhadwabhindi/ros2_ws/install/my_robot_controller:/opt/ros/humble /usr/bin/cmake --install /home/bhadwabhindi/panda_ws/build/panda_moveit
[0.602s] Level 1:colcon.colcon_core.environment:checking '/home/bhadwabhindi/panda_ws/install/panda_moveit' for CMake config files
[0.602s] Level 1:colcon.colcon_core.shell:create_environment_hook('panda_moveit', 'cmake_prefix_path')
[0.602s] INFO:colcon.colcon_core.shell:Creating environment hook '/home/bhadwabhindi/panda_ws/install/panda_moveit/share/panda_moveit/hook/cmake_prefix_path.ps1'
[0.603s] INFO:colcon.colcon_core.shell:Creating environment descriptor '/home/bhadwabhindi/panda_ws/install/panda_moveit/share/panda_moveit/hook/cmake_prefix_path.dsv'
[0.603s] INFO:colcon.colcon_core.shell:Creating environment hook '/home/bhadwabhindi/panda_ws/install/panda_moveit/share/panda_moveit/hook/cmake_prefix_path.sh'
[0.604s] Level 1:colcon.colcon_core.environment:checking '/home/bhadwabhindi/panda_ws/install/panda_moveit/bin'
[0.604s] Level 1:colcon.colcon_core.environment:checking '/home/bhadwabhindi/panda_ws/install/panda_moveit/lib/pkgconfig/panda_moveit.pc'
[0.604s] Level 1:colcon.colcon_core.environment:checking '/home/bhadwabhindi/panda_ws/install/panda_moveit/lib/python3.10/site-packages'
[0.604s] Level 1:colcon.colcon_core.environment:checking '/home/bhadwabhindi/panda_ws/install/panda_moveit/bin'
[0.605s] INFO:colcon.colcon_core.shell:Creating package script '/home/bhadwabhindi/panda_ws/install/panda_moveit/share/panda_moveit/package.ps1'
[0.605s] INFO:colcon.colcon_core.shell:Creating package descriptor '/home/bhadwabhindi/panda_ws/install/panda_moveit/share/panda_moveit/package.dsv'
[0.606s] INFO:colcon.colcon_core.shell:Creating package script '/home/bhadwabhindi/panda_ws/install/panda_moveit/share/panda_moveit/package.sh'
[0.606s] INFO:colcon.colcon_core.shell:Creating package script '/home/bhadwabhindi/panda_ws/install/panda_moveit/share/panda_moveit/package.bash'
[0.606s] INFO:colcon.colcon_core.shell:Creating package script '/home/bhadwabhindi/panda_ws/install/panda_moveit/share/panda_moveit/package.zsh'
[0.607s] Level 1:colcon.colcon_core.environment:create_file_with_runtime_dependencies(/home/bhadwabhindi/panda_ws/install/panda_moveit/share/colcon-core/packages/panda_moveit)
[0.607s] Level 1:colcon.colcon_core.environment:create_environment_scripts_only(panda_moveit)
[0.607s] Level 1:colcon.colcon_core.environment:checking '/home/bhadwabhindi/panda_ws/install/panda_moveit' for CMake module files
[0.607s] Level 1:colcon.colcon_core.environment:checking '/home/bhadwabhindi/panda_ws/install/panda_moveit' for CMake config files
[0.607s] Level 1:colcon.colcon_core.shell:create_environment_hook('panda_moveit', 'cmake_prefix_path')
[0.608s] INFO:colcon.colcon_core.shell:Creating environment hook '/home/bhadwabhindi/panda_ws/install/panda_moveit/share/panda_moveit/hook/cmake_prefix_path.ps1'
[0.608s] INFO:colcon.colcon_core.shell:Creating environment descriptor '/home/bhadwabhindi/panda_ws/install/panda_moveit/share/panda_moveit/hook/cmake_prefix_path.dsv'
[0.608s] INFO:colcon.colcon_core.shell:Creating environment hook '/home/bhadwabhindi/panda_ws/install/panda_moveit/share/panda_moveit/hook/cmake_prefix_path.sh'
[0.608s] Level 1:colcon.colcon_core.environment:checking '/home/bhadwabhindi/panda_ws/install/panda_moveit/bin'
[0.608s] Level 1:colcon.colcon_core.environment:checking '/home/bhadwabhindi/panda_ws/install/panda_moveit/lib/pkgconfig/panda_moveit.pc'
[0.608s] Level 1:colcon.colcon_core.environment:checking '/home/bhadwabhindi/panda_ws/install/panda_moveit/lib/python3.10/site-packages'
[0.609s] Level 1:colcon.colcon_core.environment:checking '/home/bhadwabhindi/panda_ws/install/panda_moveit/bin'
[0.609s] INFO:colcon.colcon_core.shell:Creating package script '/home/bhadwabhindi/panda_ws/install/panda_moveit/share/panda_moveit/package.ps1'
[0.609s] INFO:colcon.colcon_core.shell:Creating package descriptor '/home/bhadwabhindi/panda_ws/install/panda_moveit/share/panda_moveit/package.dsv'
[0.609s] INFO:colcon.colcon_core.shell:Creating package script '/home/bhadwabhindi/panda_ws/install/panda_moveit/share/panda_moveit/package.sh'
[0.610s] INFO:colcon.colcon_core.shell:Creating package script '/home/bhadwabhindi/panda_ws/install/panda_moveit/share/panda_moveit/package.bash'
[0.610s] INFO:colcon.colcon_core.shell:Creating package script '/home/bhadwabhindi/panda_ws/install/panda_moveit/share/panda_moveit/package.zsh'
[0.610s] Level 1:colcon.colcon_core.environment:create_file_with_runtime_dependencies(/home/bhadwabhindi/panda_ws/install/panda_moveit/share/colcon-core/packages/panda_moveit)
[0.857s] DEBUG:colcon.colcon_core.event_handler.log_command:Invoked command in '/home/bhadwabhindi/panda_ws/build/pymoveit2' returned '0': CMAKE_PREFIX_PATH=${CMAKE_PREFIX_PATH}:/home/bhadwabhindi/panda_ws/install/panda_vision:/home/bhadwabhindi/ros2_ws/install/surgiarm_description:/home/bhadwabhindi/ros2_ws/install/my_robot_controller:/opt/ros/humble /usr/bin/cmake --build /home/bhadwabhindi/panda_ws/build/pymoveit2 -- -j12 -l12
[0.858s] DEBUG:colcon.colcon_core.event_handler.log_command:Invoking command in '/home/bhadwabhindi/panda_ws/build/pymoveit2': CMAKE_PREFIX_PATH=${CMAKE_PREFIX_PATH}:/home/bhadwabhindi/panda_ws/install/panda_vision:/home/bhadwabhindi/ros2_ws/install/surgiarm_description:/home/bhadwabhindi/ros2_ws/install/my_robot_controller:/opt/ros/humble /usr/bin/cmake --install /home/bhadwabhindi/panda_ws/build/pymoveit2
[0.895s] DEBUG:colcon.colcon_core.event_handler.log_command:Invoked command in '/home/bhadwabhindi/panda_ws/build/panda_controller' returned '0': CMAKE_PREFIX_PATH=/home/bhadwabhindi/panda_ws/install/panda_description:/home/bhadwabhindi/panda_ws/install/panda_moveit:/home/bhadwabhindi/panda_ws/install/panda_controller:/home/bhadwabhindi/ros2_ws/install/my_robot_bringup:/home/bhadwabhindi/panda_ws/install/panda_vision:/home/bhadwabhindi/ros2_ws/install/surgiarm_description:/home/bhadwabhindi/ros2_ws/install/my_robot_controller:/opt/ros/humble /usr/bin/cmake --build /home/bhadwabhindi/panda_ws/build/panda_controller -- -j12 -l12
[0.896s] DEBUG:colcon.colcon_core.event_handler.log_command:Invoking command in '/home/bhadwabhindi/panda_ws/build/panda_controller': CMAKE_PREFIX_PATH=/home/bhadwabhindi/panda_ws/install/panda_description:/home/bhadwabhindi/panda_ws/install/panda_moveit:/home/bhadwabhindi/panda_ws/install/panda_controller:/home/bhadwabhindi/ros2_ws/install/my_robot_bringup:/home/bhadwabhindi/panda_ws/install/panda_vision:/home/bhadwabhindi/ros2_ws/install/surgiarm_description:/home/bhadwabhindi/ros2_ws/install/my_robot_controller:/opt/ros/humble /usr/bin/cmake --install /home/bhadwabhindi/panda_ws/build/panda_controller
[0.907s] Level 1:colcon.colcon_core.environment:create_environment_scripts_only(pymoveit2)
[0.907s] DEBUG:colcon.colcon_core.event_handler.log_command:Invoked command in '/home/bhadwabhindi/panda_ws/build/pymoveit2' returned '0': CMAKE_PREFIX_PATH=${CMAKE_PREFIX_PATH}:/home/bhadwabhindi/panda_ws/install/panda_vision:/home/bhadwabhindi/ros2_ws/install/surgiarm_description:/home/bhadwabhindi/ros2_ws/install/my_robot_controller:/opt/ros/humble /usr/bin/cmake --install /home/bhadwabhindi/panda_ws/build/pymoveit2
[0.907s] Level 1:colcon.colcon_core.environment:checking '/home/bhadwabhindi/panda_ws/install/pymoveit2' for CMake module files
[0.908s] Level 1:colcon.colcon_core.environment:checking '/home/bhadwabhindi/panda_ws/install/pymoveit2' for CMake config files
[0.908s] Level 1:colcon.colcon_core.shell:create_environment_hook('pymoveit2', 'cmake_prefix_path')
[0.908s] INFO:colcon.colcon_core.shell:Creating environment hook '/home/bhadwabhindi/panda_ws/install/pymoveit2/share/pymoveit2/hook/cmake_prefix_path.ps1'
[0.908s] INFO:colcon.colcon_core.shell:Creating environment descriptor '/home/bhadwabhindi/panda_ws/install/pymoveit2/share/pymoveit2/hook/cmake_prefix_path.dsv'
[0.908s] INFO:colcon.colcon_core.shell:Creating environment hook '/home/bhadwabhindi/panda_ws/install/pymoveit2/share/pymoveit2/hook/cmake_prefix_path.sh'
[0.909s] Level 1:colcon.colcon_core.environment:checking '/home/bhadwabhindi/panda_ws/install/pymoveit2/lib'
[0.909s] Level 1:colcon.colcon_core.environment:checking '/home/bhadwabhindi/panda_ws/install/pymoveit2/bin'
[0.909s] Level 1:colcon.colcon_core.environment:checking '/home/bhadwabhindi/panda_ws/install/pymoveit2/lib/pkgconfig/pymoveit2.pc'
[0.909s] Level 1:colcon.colcon_core.environment:checking '/home/bhadwabhindi/panda_ws/install/pymoveit2/lib/python3.10/site-packages'
[0.909s] Level 1:colcon.colcon_core.environment:checking '/home/bhadwabhindi/panda_ws/install/pymoveit2/bin'
[0.909s] INFO:colcon.colcon_core.shell:Creating package script '/home/bhadwabhindi/panda_ws/install/pymoveit2/share/pymoveit2/package.ps1'
[0.910s] INFO:colcon.colcon_core.shell:Creating package descriptor '/home/bhadwabhindi/panda_ws/install/pymoveit2/share/pymoveit2/package.dsv'
[0.910s] INFO:colcon.colcon_core.shell:Creating package script '/home/bhadwabhindi/panda_ws/install/pymoveit2/share/pymoveit2/package.sh'
[0.910s] INFO:colcon.colcon_core.shell:Creating package script '/home/bhadwabhindi/panda_ws/install/pymoveit2/share/pymoveit2/package.bash'
[0.910s] INFO:colcon.colcon_core.shell:Creating package script '/home/bhadwabhindi/panda_ws/install/pymoveit2/share/pymoveit2/package.zsh'
[0.910s] Level 1:colcon.colcon_core.environment:create_file_with_runtime_dependencies(/home/bhadwabhindi/panda_ws/install/pymoveit2/share/colcon-core/packages/pymoveit2)
[0.911s] Level 1:colcon.colcon_core.environment:create_environment_scripts_only(pymoveit2)
[0.911s] Level 1:colcon.colcon_core.environment:checking '/home/bhadwabhindi/panda_ws/install/pymoveit2' for CMake module files
[0.911s] Level 1:colcon.colcon_core.environment:checking '/home/bhadwabhindi/panda_ws/install/pymoveit2' for CMake config files
[0.911s] Level 1:colcon.colcon_core.shell:create_environment_hook('pymoveit2', 'cmake_prefix_path')
[0.911s] INFO:colcon.colcon_core.shell:Creating environment hook '/home/bhadwabhindi/panda_ws/install/pymoveit2/share/pymoveit2/hook/cmake_prefix_path.ps1'
[0.912s] INFO:colcon.colcon_core.shell:Creating environment descriptor '/home/bhadwabhindi/panda_ws/install/pymoveit2/share/pymoveit2/hook/cmake_prefix_path.dsv'
[0.912s] INFO:colcon.colcon_core.shell:Creating environment hook '/home/bhadwabhindi/panda_ws/install/pymoveit2/share/pymoveit2/hook/cmake_prefix_path.sh'
[0.912s] Level 1:colcon.colcon_core.environment:checking '/home/bhadwabhindi/panda_ws/install/pymoveit2/lib'
[0.912s] Level 1:colcon.colcon_core.environment:checking '/home/bhadwabhindi/panda_ws/install/pymoveit2/bin'
[0.912s] Level 1:colcon.colcon_core.environment:checking '/home/bhadwabhindi/panda_ws/install/pymoveit2/lib/pkgconfig/pymoveit2.pc'
[0.912s] Level 1:colcon.colcon_core.environment:checking '/home/bhadwabhindi/panda_ws/install/pymoveit2/lib/python3.10/site-packages'
[0.913s] Level 1:colcon.colcon_core.environment:checking '/home/bhadwabhindi/panda_ws/install/pymoveit2/bin'
[0.913s] INFO:colcon.colcon_core.shell:Creating package script '/home/bhadwabhindi/panda_ws/install/pymoveit2/share/pymoveit2/package.ps1'
[0.913s] INFO:colcon.colcon_core.shell:Creating package descriptor '/home/bhadwabhindi/panda_ws/install/pymoveit2/share/pymoveit2/package.dsv'
[0.913s] INFO:colcon.colcon_core.shell:Creating package script '/home/bhadwabhindi/panda_ws/install/pymoveit2/share/pymoveit2/package.sh'
[0.914s] INFO:colcon.colcon_core.shell:Creating package script '/home/bhadwabhindi/panda_ws/install/pymoveit2/share/pymoveit2/package.bash'
[0.914s] INFO:colcon.colcon_core.shell:Creating package script '/home/bhadwabhindi/panda_ws/install/pymoveit2/share/pymoveit2/package.zsh'
[0.914s] Level 1:colcon.colcon_core.environment:create_file_with_runtime_dependencies(/home/bhadwabhindi/panda_ws/install/pymoveit2/share/colcon-core/packages/pymoveit2)
[0.920s] DEBUG:colcon.colcon_core.event_handler.log_command:Invoking command in '/home/bhadwabhindi/panda_ws/src/panda_vision': PYTHONPATH=/home/bhadwabhindi/panda_ws/build/panda_vision/prefix_override:/usr/lib/python3/dist-packages/colcon_core/task/python/colcon_distutils_commands:/home/bhadwabhindi/panda_ws/install/panda_vision/lib/python3.10/site-packages:${PYTHONPATH} /usr/bin/python3 -W ignore:setup.py install is deprecated -W ignore:easy_install command is deprecated setup.py egg_info --egg-base ../../build/panda_vision build --build-base /home/bhadwabhindi/panda_ws/build/panda_vision/build install --record /home/bhadwabhindi/panda_ws/build/panda_vision/install.log --single-version-externally-managed install_data
[0.929s] Level 1:colcon.colcon_core.environment:create_environment_scripts_only(panda_controller)
[0.930s] Level 1:colcon.colcon_core.environment:checking '/home/bhadwabhindi/panda_ws/install/panda_controller' for CMake module files
[0.930s] DEBUG:colcon.colcon_core.event_handler.log_command:Invoked command in '/home/bhadwabhindi/panda_ws/build/panda_controller' returned '0': CMAKE_PREFIX_PATH=/home/bhadwabhindi/panda_ws/install/panda_description:/home/bhadwabhindi/panda_ws/install/panda_moveit:/home/bhadwabhindi/panda_ws/install/panda_controller:/home/bhadwabhindi/ros2_ws/install/my_robot_bringup:/home/bhadwabhindi/panda_ws/install/panda_vision:/home/bhadwabhindi/ros2_ws/install/surgiarm_description:/home/bhadwabhindi/ros2_ws/install/my_robot_controller:/opt/ros/humble /usr/bin/cmake --install /home/bhadwabhindi/panda_ws/build/panda_controller
[0.930s] Level 1:colcon.colcon_core.environment:checking '/home/bhadwabhindi/panda_ws/install/panda_controller' for CMake config files
[0.930s] Level 1:colcon.colcon_core.shell:create_environment_hook('panda_controller', 'cmake_prefix_path')
[0.930s] INFO:colcon.colcon_core.shell:Creating environment hook '/home/bhadwabhindi/panda_ws/install/panda_controller/share/panda_controller/hook/cmake_prefix_path.ps1'
[0.931s] INFO:colcon.colcon_core.shell:Creating environment descriptor '/home/bhadwabhindi/panda_ws/install/panda_controller/share/panda_controller/hook/cmake_prefix_path.dsv'
[0.931s] INFO:colcon.colcon_core.shell:Creating environment hook '/home/bhadwabhindi/panda_ws/install/panda_controller/share/panda_controller/hook/cmake_prefix_path.sh'
[0.931s] Level 1:colcon.colcon_core.environment:checking '/home/bhadwabhindi/panda_ws/install/panda_controller/lib'
[0.931s] Level 1:colcon.colcon_core.environment:checking '/home/bhadwabhindi/panda_ws/install/panda_controller/bin'
[0.931s] Level 1:colcon.colcon_core.environment:checking '/home/bhadwabhindi/panda_ws/install/panda_controller/lib/pkgconfig/panda_controller.pc'
[0.931s] Level 1:colcon.colcon_core.environment:checking '/home/bhadwabhindi/panda_ws/install/panda_controller/lib/python3.10/site-packages'
[0.932s] Level 1:colcon.colcon_core.environment:checking '/home/bhadwabhindi/panda_ws/install/panda_controller/bin'
[0.932s] INFO:colcon.colcon_core.shell:Creating package script '/home/bhadwabhindi/panda_ws/install/panda_controller/share/panda_controller/package.ps1'
[0.932s] INFO:colcon.colcon_core.shell:Creating package descriptor '/home/bhadwabhindi/panda_ws/install/panda_controller/share/panda_controller/package.dsv'
[0.932s] INFO:colcon.colcon_core.shell:Creating package script '/home/bhadwabhindi/panda_ws/install/panda_controller/share/panda_controller/package.sh'
[0.932s] INFO:colcon.colcon_core.shell:Creating package script '/home/bhadwabhindi/panda_ws/install/panda_controller/share/panda_controller/package.bash'
[0.933s] INFO:colcon.colcon_core.shell:Creating package script '/home/bhadwabhindi/panda_ws/install/panda_controller/share/panda_controller/package.zsh'
[0.933s] Level 1:colcon.colcon_core.environment:create_file_with_runtime_dependencies(/home/bhadwabhindi/panda_ws/install/panda_controller/share/colcon-core/packages/panda_controller)
[0.933s] Level 1:colcon.colcon_core.environment:create_environment_scripts_only(panda_controller)
[0.933s] Level 1:colcon.colcon_core.environment:checking '/home/bhadwabhindi/panda_ws/install/panda_controller' for CMake module files
[0.933s] Level 1:colcon.colcon_core.environment:checking '/home/bhadwabhindi/panda_ws/install/panda_controller' for CMake config files
[0.933s] Level 1:colcon.colcon_core.shell:create_environment_hook('panda_controller', 'cmake_prefix_path')
[0.934s] INFO:colcon.colcon_core.shell:Creating environment hook '/home/bhadwabhindi/panda_ws/install/panda_controller/share/panda_controller/hook/cmake_prefix_path.ps1'
[0.934s] INFO:colcon.colcon_core.shell:Creating environment descriptor '/home/bhadwabhindi/panda_ws/install/panda_controller/share/panda_controller/hook/cmake_prefix_path.dsv'
[0.934s] INFO:colcon.colcon_core.shell:Creating environment hook '/home/bhadwabhindi/panda_ws/install/panda_controller/share/panda_controller/hook/cmake_prefix_path.sh'
[0.934s] Level 1:colcon.colcon_core.environment:checking '/home/bhadwabhindi/panda_ws/install/panda_controller/lib'
[0.934s] Level 1:colcon.colcon_core.environment:checking '/home/bhadwabhindi/panda_ws/install/panda_controller/bin'
[0.934s] Level 1:colcon.colcon_core.environment:checking '/home/bhadwabhindi/panda_ws/install/panda_controller/lib/pkgconfig/panda_controller.pc'
[0.934s] Level 1:colcon.colcon_core.environment:checking '/home/bhadwabhindi/panda_ws/install/panda_controller/lib/python3.10/site-packages'
[0.934s] Level 1:colcon.colcon_core.environment:checking '/home/bhadwabhindi/panda_ws/install/panda_controller/bin'
[0.935s] INFO:colcon.colcon_core.shell:Creating package script '/home/bhadwabhindi/panda_ws/install/panda_controller/share/panda_controller/package.ps1'
[0.935s] INFO:colcon.colcon_core.shell:Creating package descriptor '/home/bhadwabhindi/panda_ws/install/panda_controller/share/panda_controller/package.dsv'
[0.935s] INFO:colcon.colcon_core.shell:Creating package script '/home/bhadwabhindi/panda_ws/install/panda_controller/share/panda_controller/package.sh'
[0.935s] INFO:colcon.colcon_core.shell:Creating package script '/home/bhadwabhindi/panda_ws/install/panda_controller/share/panda_controller/package.bash'
[0.935s] INFO:colcon.colcon_core.shell:Creating package script '/home/bhadwabhindi/panda_ws/install/panda_controller/share/panda_controller/package.zsh'
[0.936s] Level 1:colcon.colcon_core.environment:create_file_with_runtime_dependencies(/home/bhadwabhindi/panda_ws/install/panda_controller/share/colcon-core/packages/panda_controller)
[1.254s] Level 1:colcon.colcon_core.environment:checking '/home/bhadwabhindi/panda_ws/install/panda_vision' for CMake module files
[1.254s] DEBUG:colcon.colcon_core.event_handler.log_command:Invoked command in '/home/bhadwabhindi/panda_ws/src/panda_vision' returned '0': PYTHONPATH=/home/bhadwabhindi/panda_ws/build/panda_vision/prefix_override:/usr/lib/python3/dist-packages/colcon_core/task/python/colcon_distutils_commands:/home/bhadwabhindi/panda_ws/install/panda_vision/lib/python3.10/site-packages:${PYTHONPATH} /usr/bin/python3 -W ignore:setup.py install is deprecated -W ignore:easy_install command is deprecated setup.py egg_info --egg-base ../../build/panda_vision build --build-base /home/bhadwabhindi/panda_ws/build/panda_vision/build install --record /home/bhadwabhindi/panda_ws/build/panda_vision/install.log --single-version-externally-managed install_data
[1.255s] Level 1:colcon.colcon_core.environment:checking '/home/bhadwabhindi/panda_ws/install/panda_vision' for CMake config files
[1.255s] Level 1:colcon.colcon_core.environment:checking '/home/bhadwabhindi/panda_ws/install/panda_vision/lib'
[1.255s] Level 1:colcon.colcon_core.environment:checking '/home/bhadwabhindi/panda_ws/install/panda_vision/bin'
[1.255s] Level 1:colcon.colcon_core.environment:checking '/home/bhadwabhindi/panda_ws/install/panda_vision/lib/pkgconfig/panda_vision.pc'
[1.255s] Level 1:colcon.colcon_core.environment:checking '/home/bhadwabhindi/panda_ws/install/panda_vision/lib/python3.10/site-packages'
[1.255s] Level 1:colcon.colcon_core.shell:create_environment_hook('panda_vision', 'pythonpath')
[1.255s] INFO:colcon.colcon_core.shell:Creating environment hook '/home/bhadwabhindi/panda_ws/install/panda_vision/share/panda_vision/hook/pythonpath.ps1'
[1.255s] INFO:colcon.colcon_core.shell:Creating environment descriptor '/home/bhadwabhindi/panda_ws/install/panda_vision/share/panda_vision/hook/pythonpath.dsv'
[1.256s] INFO:colcon.colcon_core.shell:Creating environment hook '/home/bhadwabhindi/panda_ws/install/panda_vision/share/panda_vision/hook/pythonpath.sh'
[1.256s] Level 1:colcon.colcon_core.environment:checking '/home/bhadwabhindi/panda_ws/install/panda_vision/bin'
[1.256s] Level 1:colcon.colcon_core.environment:create_environment_scripts_only(panda_vision)
[1.256s] INFO:colcon.colcon_core.shell:Creating package script '/home/bhadwabhindi/panda_ws/install/panda_vision/share/panda_vision/package.ps1'
[1.256s] INFO:colcon.colcon_core.shell:Creating package descriptor '/home/bhadwabhindi/panda_ws/install/panda_vision/share/panda_vision/package.dsv'
[1.257s] INFO:colcon.colcon_core.shell:Creating package script '/home/bhadwabhindi/panda_ws/install/panda_vision/share/panda_vision/package.sh'
[1.257s] INFO:colcon.colcon_core.shell:Creating package script '/home/bhadwabhindi/panda_ws/install/panda_vision/share/panda_vision/package.bash'
[1.257s] INFO:colcon.colcon_core.shell:Creating package script '/home/bhadwabhindi/panda_ws/install/panda_vision/share/panda_vision/package.zsh'
[1.257s] Level 1:colcon.colcon_core.environment:create_file_with_runtime_dependencies(/home/bhadwabhindi/panda_ws/install/panda_vision/share/colcon-core/packages/panda_vision)
[1.257s] INFO:colcon.colcon_ros.task.ament_cmake.build:Building ROS package in '/home/bhadwabhindi/panda_ws/src/panda_bringup' with build type 'ament_cmake'
[1.257s] INFO:colcon.colcon_cmake.task.cmake.build:Building CMake package in '/home/bhadwabhindi/panda_ws/src/panda_bringup'
[1.258s] INFO:colcon.colcon_core.shell:Skip shell extension 'powershell' for command environment: Not usable outside of PowerShell
[1.258s] DEBUG:colcon.colcon_core.shell:Skip shell extension 'dsv' for command environment
[1.266s] DEBUG:colcon.colcon_core.event_handler.log_command:Invoking command in '/home/bhadwabhindi/panda_ws/build/panda_bringup': AMENT_PREFIX_PATH=/home/bhadwabhindi/panda_ws/install/pymoveit2:${AMENT_PREFIX_PATH} CMAKE_PREFIX_PATH=/home/bhadwabhindi/panda_ws/install/panda_moveit:/home/bhadwabhindi/panda_ws/install/panda_controller:/home/bhadwabhindi/panda_ws/install/pymoveit2:/home/bhadwabhindi/panda_ws/install/panda_description:/home/bhadwabhindi/ros2_ws/install/my_robot_bringup:/home/bhadwabhindi/panda_ws/install/panda_vision:/home/bhadwabhindi/ros2_ws/install/surgiarm_description:/home/bhadwabhindi/ros2_ws/install/my_robot_controller:/opt/ros/humble PYTHONPATH=/home/bhadwabhindi/panda_ws/install/pymoveit2/local/lib/python3.10/dist-packages:${PYTHONPATH} /usr/bin/cmake /home/bhadwabhindi/panda_ws/src/panda_bringup -DCMAKE_INSTALL_PREFIX=/home/bhadwabhindi/panda_ws/install/panda_bringup
[1.401s] DEBUG:colcon.colcon_core.event_handler.log_command:Invoked command in '/home/bhadwabhindi/panda_ws/build/panda_bringup' returned '0': AMENT_PREFIX_PATH=/home/bhadwabhindi/panda_ws/install/pymoveit2:${AMENT_PREFIX_PATH} CMAKE_PREFIX_PATH=/home/bhadwabhindi/panda_ws/install/panda_moveit:/home/bhadwabhindi/panda_ws/install/panda_controller:/home/bhadwabhindi/panda_ws/install/pymoveit2:/home/bhadwabhindi/panda_ws/install/panda_description:/home/bhadwabhindi/ros2_ws/install/my_robot_bringup:/home/bhadwabhindi/panda_ws/install/panda_vision:/home/bhadwabhindi/ros2_ws/install/surgiarm_description:/home/bhadwabhindi/ros2_ws/install/my_robot_controller:/opt/ros/humble PYTHONPATH=/home/bhadwabhindi/panda_ws/install/pymoveit2/local/lib/python3.10/dist-packages:${PYTHONPATH} /usr/bin/cmake /home/bhadwabhindi/panda_ws/src/panda_bringup -DCMAKE_INSTALL_PREFIX=/home/bhadwabhindi/panda_ws/install/panda_bringup
[1.401s] DEBUG:colcon.colcon_core.event_handler.log_command:Invoking command in '/home/bhadwabhindi/panda_ws/build/panda_bringup': AMENT_PREFIX_PATH=/home/bhadwabhindi/panda_ws/install/pymoveit2:${AMENT_PREFIX_PATH} CMAKE_PREFIX_PATH=/home/bhadwabhindi/panda_ws/install/panda_moveit:/home/bhadwabhindi/panda_ws/install/panda_controller:/home/bhadwabhindi/panda_ws/install/pymoveit2:/home/bhadwabhindi/panda_ws/install/panda_description:/home/bhadwabhindi/ros2_ws/install/my_robot_bringup:/home/bhadwabhindi/panda_ws/install/panda_vision:/home/bhadwabhindi/ros2_ws/install/surgiarm_description:/home/bhadwabhindi/ros2_ws/install/my_robot_controller:/opt/ros/humble PYTHONPATH=/home/bhadwabhindi/panda_ws/install/pymoveit2/local/lib/python3.10/dist-packages:${PYTHONPATH} /usr/bin/cmake --build /home/bhadwabhindi/panda_ws/build/panda_bringup -- -j12 -l12
[1.430s] DEBUG:colcon.colcon_core.event_handler.log_command:Invoked command in '/home/bhadwabhindi/panda_ws/build/panda_bringup' returned '0': AMENT_PREFIX_PATH=/home/bhadwabhindi/panda_ws/install/pymoveit2:${AMENT_PREFIX_PATH} CMAKE_PREFIX_PATH=/home/bhadwabhindi/panda_ws/install/panda_moveit:/home/bhadwabhindi/panda_ws/install/panda_controller:/home/bhadwabhindi/panda_ws/install/pymoveit2:/home/bhadwabhindi/panda_ws/install/panda_description:/home/bhadwabhindi/ros2_ws/install/my_robot_bringup:/home/bhadwabhindi/panda_ws/install/panda_vision:/home/bhadwabhindi/ros2_ws/install/surgiarm_description:/home/bhadwabhindi/ros2_ws/install/my_robot_controller:/opt/ros/humble PYTHONPATH=/home/bhadwabhindi/panda_ws/install/pymoveit2/local/lib/python3.10/dist-packages:${PYTHONPATH} /usr/bin/cmake --build /home/bhadwabhindi/panda_ws/build/panda_bringup -- -j12 -l12
[1.432s] DEBUG:colcon.colcon_core.event_handler.log_command:Invoking command in '/home/bhadwabhindi/panda_ws/build/panda_bringup': AMENT_PREFIX_PATH=/home/bhadwabhindi/panda_ws/install/pymoveit2:${AMENT_PREFIX_PATH} CMAKE_PREFIX_PATH=/home/bhadwabhindi/panda_ws/install/panda_moveit:/home/bhadwabhindi/panda_ws/install/panda_controller:/home/bhadwabhindi/panda_ws/install/pymoveit2:/home/bhadwabhindi/panda_ws/install/panda_description:/home/bhadwabhindi/ros2_ws/install/my_robot_bringup:/home/bhadwabhindi/panda_ws/install/panda_vision:/home/bhadwabhindi/ros2_ws/install/surgiarm_description:/home/bhadwabhindi/ros2_ws/install/my_robot_controller:/opt/ros/humble PYTHONPATH=/home/bhadwabhindi/panda_ws/install/pymoveit2/local/lib/python3.10/dist-packages:${PYTHONPATH} /usr/bin/cmake --install /home/bhadwabhindi/panda_ws/build/panda_bringup
[1.438s] Level 1:colcon.colcon_core.environment:create_environment_scripts_only(panda_bringup)
[1.439s] Level 1:colcon.colcon_core.environment:checking '/home/bhadwabhindi/panda_ws/install/panda_bringup' for CMake module files
[1.439s] DEBUG:colcon.colcon_core.event_handler.log_command:Invoked command in '/home/bhadwabhindi/panda_ws/build/panda_bringup' returned '0': AMENT_PREFIX_PATH=/home/bhadwabhindi/panda_ws/install/pymoveit2:${AMENT_PREFIX_PATH} CMAKE_PREFIX_PATH=/home/bhadwabhindi/panda_ws/install/panda_moveit:/home/bhadwabhindi/panda_ws/install/panda_controller:/home/bhadwabhindi/panda_ws/install/pymoveit2:/home/bhadwabhindi/panda_ws/install/panda_description:/home/bhadwabhindi/ros2_ws/install/my_robot_bringup:/home/bhadwabhindi/panda_ws/install/panda_vision:/home/bhadwabhindi/ros2_ws/install/surgiarm_description:/home/bhadwabhindi/ros2_ws/install/my_robot_controller:/opt/ros/humble PYTHONPATH=/home/bhadwabhindi/panda_ws/install/pymoveit2/local/lib/python3.10/dist-packages:${PYTHONPATH} /usr/bin/cmake --install /home/bhadwabhindi/panda_ws/build/panda_bringup
[1.439s] Level 1:colcon.colcon_core.environment:checking '/home/bhadwabhindi/panda_ws/install/panda_bringup' for CMake config files
[1.439s] Level 1:colcon.colcon_core.shell:create_environment_hook('panda_bringup', 'cmake_prefix_path')
[1.440s] INFO:colcon.colcon_core.shell:Creating environment hook '/home/bhadwabhindi/panda_ws/install/panda_bringup/share/panda_bringup/hook/cmake_prefix_path.ps1'
[1.440s] INFO:colcon.colcon_core.shell:Creating environment descriptor '/home/bhadwabhindi/panda_ws/install/panda_bringup/share/panda_bringup/hook/cmake_prefix_path.dsv'
[1.440s] INFO:colcon.colcon_core.shell:Creating environment hook '/home/bhadwabhindi/panda_ws/install/panda_bringup/share/panda_bringup/hook/cmake_prefix_path.sh'
[1.441s] Level 1:colcon.colcon_core.environment:checking '/home/bhadwabhindi/panda_ws/install/panda_bringup/bin'
[1.441s] Level 1:colcon.colcon_core.environment:checking '/home/bhadwabhindi/panda_ws/install/panda_bringup/lib/pkgconfig/panda_bringup.pc'
[1.441s] Level 1:colcon.colcon_core.environment:checking '/home/bhadwabhindi/panda_ws/install/panda_bringup/lib/python3.10/site-packages'
[1.441s] Level 1:colcon.colcon_core.environment:checking '/home/bhadwabhindi/panda_ws/install/panda_bringup/bin'
[1.442s] INFO:colcon.colcon_core.shell:Creating package script '/home/bhadwabhindi/panda_ws/install/panda_bringup/share/panda_bringup/package.ps1'
[1.442s] INFO:colcon.colcon_core.shell:Creating package descriptor '/home/bhadwabhindi/panda_ws/install/panda_bringup/share/panda_bringup/package.dsv'
[1.442s] INFO:colcon.colcon_core.shell:Creating package script '/home/bhadwabhindi/panda_ws/install/panda_bringup/share/panda_bringup/package.sh'
[1.443s] INFO:colcon.colcon_core.shell:Creating package script '/home/bhadwabhindi/panda_ws/install/panda_bringup/share/panda_bringup/package.bash'
[1.443s] INFO:colcon.colcon_core.shell:Creating package script '/home/bhadwabhindi/panda_ws/install/panda_bringup/share/panda_bringup/package.zsh'
[1.444s] Level 1:colcon.colcon_core.environment:create_file_with_runtime_dependencies(/home/bhadwabhindi/panda_ws/install/panda_bringup/share/colcon-core/packages/panda_bringup)
[1.444s] Level 1:colcon.colcon_core.environment:create_environment_scripts_only(panda_bringup)
[1.444s] Level 1:colcon.colcon_core.environment:checking '/home/bhadwabhindi/panda_ws/install/panda_bringup' for CMake module files
[1.445s] Level 1:colcon.colcon_core.environment:checking '/home/bhadwabhindi/panda_ws/install/panda_bringup' for CMake config files
[1.445s] Level 1:colcon.colcon_core.shell:create_environment_hook('panda_bringup', 'cmake_prefix_path')
[1.445s] INFO:colcon.colcon_core.shell:Creating environment hook '/home/bhadwabhindi/panda_ws/install/panda_bringup/share/panda_bringup/hook/cmake_prefix_path.ps1'
[1.445s] INFO:colcon.colcon_core.shell:Creating environment descriptor '/home/bhadwabhindi/panda_ws/install/panda_bringup/share/panda_bringup/hook/cmake_prefix_path.dsv'
[1.445s] INFO:colcon.colcon_core.shell:Creating environment hook '/home/bhadwabhindi/panda_ws/install/panda_bringup/share/panda_bringup/hook/cmake_prefix_path.sh'
[1.446s] Level 1:colcon.colcon_core.environment:checking '/home/bhadwabhindi/panda_ws/install/panda_bringup/bin'
[1.446s] Level 1:colcon.colcon_core.environment:checking '/home/bhadwabhindi/panda_ws/install/panda_bringup/lib/pkgconfig/panda_bringup.pc'
[1.446s] Level 1:colcon.colcon_core.environment:checking '/home/bhadwabhindi/panda_ws/install/panda_bringup/lib/python3.10/site-packages'
[1.446s] Level 1:colcon.colcon_core.environment:checking '/home/bhadwabhindi/panda_ws/install/panda_bringup/bin'
[1.446s] INFO:colcon.colcon_core.shell:Creating package script '/home/bhadwabhindi/panda_ws/install/panda_bringup/share/panda_bringup/package.ps1'
[1.447s] INFO:colcon.colcon_core.shell:Creating package descriptor '/home/bhadwabhindi/panda_ws/install/panda_bringup/share/panda_bringup/package.dsv'
[1.447s] INFO:colcon.colcon_core.shell:Creating package script '/home/bhadwabhindi/panda_ws/install/panda_bringup/share/panda_bringup/package.sh'
[1.447s] INFO:colcon.colcon_core.shell:Creating package script '/home/bhadwabhindi/panda_ws/install/panda_bringup/share/panda_bringup/package.bash'
[1.447s] INFO:colcon.colcon_core.shell:Creating package script '/home/bhadwabhindi/panda_ws/install/panda_bringup/share/panda_bringup/package.zsh'
[1.448s] Level 1:colcon.colcon_core.environment:create_file_with_runtime_dependencies(/home/bhadwabhindi/panda_ws/install/panda_bringup/share/colcon-core/packages/panda_bringup)
[1.448s] DEBUG:colcon.colcon_parallel_executor.executor.parallel:closing loop
[1.448s] DEBUG:colcon.colcon_parallel_executor.executor.parallel:loop closed
[1.448s] DEBUG:colcon.colcon_parallel_executor.executor.parallel:run_until_complete finished with '0'
[1.448s] DEBUG:colcon.colcon_core.event_reactor:joining thread
[1.451s] INFO:colcon.colcon_core.plugin_system:Skipping extension 'colcon_notification.desktop_notification.terminal_notifier': Not used on non-Darwin systems
[1.451s] INFO:colcon.colcon_core.plugin_system:Skipping extension 'colcon_notification.desktop_notification.win32': Not used on non-Windows systems
[1.451s] INFO:colcon.colcon_notification.desktop_notification:Sending desktop notification using 'notify2'
[1.460s] DEBUG:colcon.colcon_core.event_reactor:joined thread
[1.460s] INFO:colcon.colcon_core.shell:Creating prefix script '/home/bhadwabhindi/panda_ws/install/local_setup.ps1'
[1.461s] INFO:colcon.colcon_core.shell:Creating prefix util module '/home/bhadwabhindi/panda_ws/install/_local_setup_util_ps1.py'
[1.462s] INFO:colcon.colcon_core.shell:Creating prefix chain script '/home/bhadwabhindi/panda_ws/install/setup.ps1'
[1.463s] INFO:colcon.colcon_core.shell:Creating prefix script '/home/bhadwabhindi/panda_ws/install/local_setup.sh'
[1.463s] INFO:colcon.colcon_core.shell:Creating prefix util module '/home/bhadwabhindi/panda_ws/install/_local_setup_util_sh.py'
[1.463s] INFO:colcon.colcon_core.shell:Creating prefix chain script '/home/bhadwabhindi/panda_ws/install/setup.sh'
[1.464s] INFO:colcon.colcon_core.shell:Creating prefix script '/home/bhadwabhindi/panda_ws/install/local_setup.bash'
[1.464s] INFO:colcon.colcon_core.shell:Creating prefix chain script '/home/bhadwabhindi/panda_ws/install/setup.bash'
[1.465s] INFO:colcon.colcon_core.shell:Creating prefix script '/home/bhadwabhindi/panda_ws/install/local_setup.zsh'
[1.465s] INFO:colcon.colcon_core.shell:Creating prefix chain script '/home/bhadwabhindi/panda_ws/install/setup.zsh'
