[0.012s] Invoking command in '/home/bhadwabhindi/panda_ws/build/panda_bringup': /usr/bin/cmake /home/bhadwabhindi/panda_ws/src/panda_bringup -DCMAKE_INSTALL_PREFIX=/home/bhadwabhindi/panda_ws/install/panda_bringup
[0.232s] -- The C compiler identification is GNU 11.4.0
[0.233s] -- The CXX compiler identification is GNU 11.4.0
[0.233s] -- Detecting C compiler ABI info
[0.233s] -- Detecting C compiler ABI info - done
[0.233s] -- Check for working C compiler: /usr/bin/cc - skipped
[0.233s] -- Detecting C compile features
[0.233s] -- Detecting C compile features - done
[0.233s] -- Detecting CXX compiler ABI info
[0.233s] -- Detecting CXX compiler ABI info - done
[0.233s] -- Check for working CXX compiler: /usr/bin/c++ - skipped
[0.233s] -- Detecting CXX compile features
[0.233s] -- Detecting CXX compile features - done
[0.233s] -- Found ament_cmake: 1.3.12 (/opt/ros/humble/share/ament_cmake/cmake)
[0.658s] -- Found Python3: /usr/bin/python3 (found version "3.10.12") found components: Interpreter 
[0.756s] Error parsing '/home/bhadwabhindi/panda_ws/src/panda_bringup/package.xml':
[0.785s] Traceback (most recent call last):
[0.786s]   File "/opt/ros/humble/share/ament_cmake_core/cmake/core/package_xml_2_cmake.py", line 150, in <module>
[0.786s]     main()
[0.786s]   File "/opt/ros/humble/share/ament_cmake_core/cmake/core/package_xml_2_cmake.py", line 53, in main
[0.786s]     raise e
[0.786s]   File "/opt/ros/humble/share/ament_cmake_core/cmake/core/package_xml_2_cmake.py", line 49, in main
[0.786s]     package = parse_package_string(
[0.786s]   File "/usr/lib/python3/dist-packages/catkin_pkg/package.py", line 788, in parse_package_string
[0.794s]     pkg.validate(warnings=warnings)
[0.794s]   File "/usr/lib/python3/dist-packages/catkin_pkg/package.py", line 330, in validate
[0.794s]     raise InvalidPackage('\n'.join(errors), self.filename)
[0.794s] catkin_pkg.package.InvalidPackage: Error(s) in package '/home/bhadwabhindi/panda_ws/src/panda_bringup/package.xml':
[0.794s] The package "panda_vision" must not "exec_depend" on a package with the same name as this package
[0.805s] [31mCMake Error at /opt/ros/humble/share/ament_cmake_core/cmake/core/ament_package_xml.cmake:95 (message):
[0.805s]   execute_process(/usr/bin/python3
[0.805s]   /opt/ros/humble/share/ament_cmake_core/cmake/core/package_xml_2_cmake.py
[0.805s]   /home/bhadwabhindi/panda_ws/src/panda_bringup/package.xml
[0.805s]   /home/bhadwabhindi/panda_ws/build/panda_bringup/ament_cmake_core/package.cmake)
[0.805s]   returned error code 1
[0.805s] Call Stack (most recent call first):
[0.805s]   /opt/ros/humble/share/ament_cmake_core/cmake/core/ament_package_xml.cmake:49 (_ament_package_xml)
[0.805s]   /opt/ros/humble/share/ament_cmake_core/cmake/core/ament_package.cmake:63 (ament_package_xml)
[0.806s]   CMakeLists.txt:11 (ament_package)
[0.806s] 
[0.806s] [0m
[0.806s] -- Configuring incomplete, errors occurred!
[0.806s] See also "/home/bhadwabhindi/panda_ws/build/panda_bringup/CMakeFiles/CMakeOutput.log".
[0.809s] Invoked command in '/home/bhadwabhindi/panda_ws/build/panda_bringup' returned '1': /usr/bin/cmake /home/bhadwabhindi/panda_ws/src/panda_bringup -DCMAKE_INSTALL_PREFIX=/home/bhadwabhindi/panda_ws/install/panda_bringup
