[0.062s] DEBUG:colcon:Command line arguments: ['/usr/bin/colcon', 'build']
[0.062s] DEBUG:colcon:Parsed command line arguments: Namespace(log_base=None, log_level=None, verb_name='build', build_base='build', install_base='install', merge_install=False, symlink_install=False, test_result_base=None, continue_on_error=False, executor='parallel', parallel_workers=12, event_handlers=None, ignore_user_meta=False, metas=['./colcon.meta'], base_paths=['.'], packages_ignore=None, packages_ignore_regex=None, paths=None, packages_up_to=None, packages_up_to_regex=None, packages_above=None, packages_above_and_dependencies=None, packages_above_depth=None, packages_select_by_dep=None, packages_skip_by_dep=None, packages_skip_up_to=None, packages_select_build_failed=False, packages_skip_build_finished=False, packages_select_test_failures=False, packages_skip_test_passed=False, packages_select=None, packages_skip=None, packages_select_regex=None, packages_skip_regex=None, packages_start=None, packages_end=None, allow_overriding=[], cmake_args=None, cmake_target=None, cmake_target_skip_unavailable=False, cmake_clean_cache=False, cmake_clean_first=False, cmake_force_configure=False, ament_cmake_args=None, catkin_cmake_args=None, catkin_skip_building_tests=False, mixin_files=None, mixin=None, verb_parser=<colcon_mixin.mixin.mixin_argument.MixinArgumentDecorator object at 0x77db955a4100>, verb_extension=<colcon_core.verb.build.BuildVerb object at 0x77db95520e80>, main=<bound method BuildVerb.main of <colcon_core.verb.build.BuildVerb object at 0x77db95520e80>>, mixin_verb=('build',))
[0.202s] Level 1:colcon.colcon_core.package_discovery:discover_packages(colcon_meta) check parameters
[0.202s] Level 1:colcon.colcon_core.package_discovery:discover_packages(recursive) check parameters
[0.202s] Level 1:colcon.colcon_core.package_discovery:discover_packages(ignore) check parameters
[0.202s] Level 1:colcon.colcon_core.package_discovery:discover_packages(path) check parameters
[0.202s] Level 1:colcon.colcon_core.package_discovery:discover_packages(colcon_meta) discover
[0.202s] Level 1:colcon.colcon_core.package_discovery:discover_packages(recursive) discover
[0.202s] INFO:colcon.colcon_core.package_discovery:Crawling recursively for packages in '/home/bhadwabhindi/panda_ws'
[0.202s] Level 1:colcon.colcon_core.package_identification:_identify(.) by extensions ['ignore', 'ignore_ament_install']
[0.202s] Level 1:colcon.colcon_core.package_identification:_identify(.) by extension 'ignore'
[0.202s] Level 1:colcon.colcon_core.package_identification:_identify(.) by extension 'ignore_ament_install'
[0.202s] Level 1:colcon.colcon_core.package_identification:_identify(.) by extensions ['colcon_pkg']
[0.202s] Level 1:colcon.colcon_core.package_identification:_identify(.) by extension 'colcon_pkg'
[0.202s] Level 1:colcon.colcon_core.package_identification:_identify(.) by extensions ['colcon_meta']
[0.202s] Level 1:colcon.colcon_core.package_identification:_identify(.) by extension 'colcon_meta'
[0.202s] Level 1:colcon.colcon_core.package_identification:_identify(.) by extensions ['ros']
[0.202s] Level 1:colcon.colcon_core.package_identification:_identify(.) by extension 'ros'
[0.211s] Level 1:colcon.colcon_core.package_identification:_identify(.) by extensions ['cmake', 'python']
[0.211s] Level 1:colcon.colcon_core.package_identification:_identify(.) by extension 'cmake'
[0.211s] Level 1:colcon.colcon_core.package_identification:_identify(.) by extension 'python'
[0.211s] Level 1:colcon.colcon_core.package_identification:_identify(.) by extensions ['python_setup_py']
[0.211s] Level 1:colcon.colcon_core.package_identification:_identify(.) by extension 'python_setup_py'
[0.211s] Level 1:colcon.colcon_core.package_identification:_identify(build) by extensions ['ignore', 'ignore_ament_install']
[0.211s] Level 1:colcon.colcon_core.package_identification:_identify(build) by extension 'ignore'
[0.211s] Level 1:colcon.colcon_core.package_identification:_identify(build) ignored
[0.211s] Level 1:colcon.colcon_core.package_identification:_identify(install) by extensions ['ignore', 'ignore_ament_install']
[0.211s] Level 1:colcon.colcon_core.package_identification:_identify(install) by extension 'ignore'
[0.211s] Level 1:colcon.colcon_core.package_identification:_identify(install) ignored
[0.211s] Level 1:colcon.colcon_core.package_identification:_identify(log) by extensions ['ignore', 'ignore_ament_install']
[0.211s] Level 1:colcon.colcon_core.package_identification:_identify(log) by extension 'ignore'
[0.211s] Level 1:colcon.colcon_core.package_identification:_identify(log) ignored
[0.211s] Level 1:colcon.colcon_core.package_identification:_identify(src) by extensions ['ignore', 'ignore_ament_install']
[0.211s] Level 1:colcon.colcon_core.package_identification:_identify(src) by extension 'ignore'
[0.211s] Level 1:colcon.colcon_core.package_identification:_identify(src) by extension 'ignore_ament_install'
[0.211s] Level 1:colcon.colcon_core.package_identification:_identify(src) by extensions ['colcon_pkg']
[0.211s] Level 1:colcon.colcon_core.package_identification:_identify(src) by extension 'colcon_pkg'
[0.212s] Level 1:colcon.colcon_core.package_identification:_identify(src) by extensions ['colcon_meta']
[0.212s] Level 1:colcon.colcon_core.package_identification:_identify(src) by extension 'colcon_meta'
[0.212s] Level 1:colcon.colcon_core.package_identification:_identify(src) by extensions ['ros']
[0.212s] Level 1:colcon.colcon_core.package_identification:_identify(src) by extension 'ros'
[0.212s] Level 1:colcon.colcon_core.package_identification:_identify(src) by extensions ['cmake', 'python']
[0.212s] Level 1:colcon.colcon_core.package_identification:_identify(src) by extension 'cmake'
[0.212s] Level 1:colcon.colcon_core.package_identification:_identify(src) by extension 'python'
[0.212s] Level 1:colcon.colcon_core.package_identification:_identify(src) by extensions ['python_setup_py']
[0.212s] Level 1:colcon.colcon_core.package_identification:_identify(src) by extension 'python_setup_py'
[0.212s] Level 1:colcon.colcon_core.package_identification:_identify(src/panda_controller) by extensions ['ignore', 'ignore_ament_install']
[0.212s] Level 1:colcon.colcon_core.package_identification:_identify(src/panda_controller) by extension 'ignore'
[0.212s] Level 1:colcon.colcon_core.package_identification:_identify(src/panda_controller) by extension 'ignore_ament_install'
[0.212s] Level 1:colcon.colcon_core.package_identification:_identify(src/panda_controller) by extensions ['colcon_pkg']
[0.212s] Level 1:colcon.colcon_core.package_identification:_identify(src/panda_controller) by extension 'colcon_pkg'
[0.212s] Level 1:colcon.colcon_core.package_identification:_identify(src/panda_controller) by extensions ['colcon_meta']
[0.212s] Level 1:colcon.colcon_core.package_identification:_identify(src/panda_controller) by extension 'colcon_meta'
[0.212s] Level 1:colcon.colcon_core.package_identification:_identify(src/panda_controller) by extensions ['ros']
[0.212s] Level 1:colcon.colcon_core.package_identification:_identify(src/panda_controller) by extension 'ros'
[0.213s] DEBUG:colcon.colcon_core.package_identification:Package 'src/panda_controller' with type 'ros.ament_cmake' and name 'panda_controller'
[0.214s] Level 1:colcon.colcon_core.package_identification:_identify(src/panda_description) by extensions ['ignore', 'ignore_ament_install']
[0.214s] Level 1:colcon.colcon_core.package_identification:_identify(src/panda_description) by extension 'ignore'
[0.214s] Level 1:colcon.colcon_core.package_identification:_identify(src/panda_description) by extension 'ignore_ament_install'
[0.214s] Level 1:colcon.colcon_core.package_identification:_identify(src/panda_description) by extensions ['colcon_pkg']
[0.214s] Level 1:colcon.colcon_core.package_identification:_identify(src/panda_description) by extension 'colcon_pkg'
[0.214s] Level 1:colcon.colcon_core.package_identification:_identify(src/panda_description) by extensions ['colcon_meta']
[0.214s] Level 1:colcon.colcon_core.package_identification:_identify(src/panda_description) by extension 'colcon_meta'
[0.214s] Level 1:colcon.colcon_core.package_identification:_identify(src/panda_description) by extensions ['ros']
[0.214s] Level 1:colcon.colcon_core.package_identification:_identify(src/panda_description) by extension 'ros'
[0.215s] DEBUG:colcon.colcon_core.package_identification:Package 'src/panda_description' with type 'ros.ament_cmake' and name 'panda_description'
[0.215s] Level 1:colcon.colcon_core.package_identification:_identify(src/panda_moveit) by extensions ['ignore', 'ignore_ament_install']
[0.215s] Level 1:colcon.colcon_core.package_identification:_identify(src/panda_moveit) by extension 'ignore'
[0.215s] Level 1:colcon.colcon_core.package_identification:_identify(src/panda_moveit) by extension 'ignore_ament_install'
[0.215s] Level 1:colcon.colcon_core.package_identification:_identify(src/panda_moveit) by extensions ['colcon_pkg']
[0.215s] Level 1:colcon.colcon_core.package_identification:_identify(src/panda_moveit) by extension 'colcon_pkg'
[0.215s] Level 1:colcon.colcon_core.package_identification:_identify(src/panda_moveit) by extensions ['colcon_meta']
[0.215s] Level 1:colcon.colcon_core.package_identification:_identify(src/panda_moveit) by extension 'colcon_meta'
[0.215s] Level 1:colcon.colcon_core.package_identification:_identify(src/panda_moveit) by extensions ['ros']
[0.215s] Level 1:colcon.colcon_core.package_identification:_identify(src/panda_moveit) by extension 'ros'
[0.216s] DEBUG:colcon.colcon_core.package_identification:Package 'src/panda_moveit' with type 'ros.ament_cmake' and name 'panda_moveit'
[0.216s] Level 1:colcon.colcon_core.package_identification:_identify(src/panda_vision) by extensions ['ignore', 'ignore_ament_install']
[0.216s] Level 1:colcon.colcon_core.package_identification:_identify(src/panda_vision) by extension 'ignore'
[0.216s] Level 1:colcon.colcon_core.package_identification:_identify(src/panda_vision) by extension 'ignore_ament_install'
[0.216s] Level 1:colcon.colcon_core.package_identification:_identify(src/panda_vision) by extensions ['colcon_pkg']
[0.216s] Level 1:colcon.colcon_core.package_identification:_identify(src/panda_vision) by extension 'colcon_pkg'
[0.216s] Level 1:colcon.colcon_core.package_identification:_identify(src/panda_vision) by extensions ['colcon_meta']
[0.216s] Level 1:colcon.colcon_core.package_identification:_identify(src/panda_vision) by extension 'colcon_meta'
[0.216s] Level 1:colcon.colcon_core.package_identification:_identify(src/panda_vision) by extensions ['ros']
[0.216s] Level 1:colcon.colcon_core.package_identification:_identify(src/panda_vision) by extension 'ros'
[0.217s] DEBUG:colcon.colcon_core.package_identification:Package 'src/panda_vision' with type 'ros.ament_python' and name 'panda_vision'
[0.217s] Level 1:colcon.colcon_core.package_discovery:discover_packages(recursive) using defaults
[0.217s] Level 1:colcon.colcon_core.package_discovery:discover_packages(ignore) discover
[0.217s] Level 1:colcon.colcon_core.package_discovery:discover_packages(ignore) using defaults
[0.217s] Level 1:colcon.colcon_core.package_discovery:discover_packages(path) discover
[0.217s] Level 1:colcon.colcon_core.package_discovery:discover_packages(path) using defaults
[0.228s] Level 1:colcon.colcon_core.package_discovery:discover_packages(prefix_path) check parameters
[0.228s] Level 1:colcon.colcon_core.package_discovery:discover_packages(prefix_path) discover
[0.229s] DEBUG:colcon.colcon_installed_package_information.package_discovery:Found 4 installed packages in /home/bhadwabhindi/panda_ws/install
[0.229s] DEBUG:colcon.colcon_installed_package_information.package_discovery:Found 3 installed packages in /home/bhadwabhindi/ros2_ws/install
[0.230s] DEBUG:colcon.colcon_installed_package_information.package_discovery:Found 438 installed packages in /opt/ros/humble
[0.232s] Level 1:colcon.colcon_core.package_discovery:discover_packages(prefix_path) using defaults
[0.257s] Level 5:colcon.colcon_core.verb:set package 'panda_description' build argument 'cmake_args' from command line to 'None'
[0.257s] Level 5:colcon.colcon_core.verb:set package 'panda_description' build argument 'cmake_target' from command line to 'None'
[0.257s] Level 5:colcon.colcon_core.verb:set package 'panda_description' build argument 'cmake_target_skip_unavailable' from command line to 'False'
[0.257s] Level 5:colcon.colcon_core.verb:set package 'panda_description' build argument 'cmake_clean_cache' from command line to 'False'
[0.257s] Level 5:colcon.colcon_core.verb:set package 'panda_description' build argument 'cmake_clean_first' from command line to 'False'
[0.258s] Level 5:colcon.colcon_core.verb:set package 'panda_description' build argument 'cmake_force_configure' from command line to 'False'
[0.258s] Level 5:colcon.colcon_core.verb:set package 'panda_description' build argument 'ament_cmake_args' from command line to 'None'
[0.258s] Level 5:colcon.colcon_core.verb:set package 'panda_description' build argument 'catkin_cmake_args' from command line to 'None'
[0.258s] Level 5:colcon.colcon_core.verb:set package 'panda_description' build argument 'catkin_skip_building_tests' from command line to 'False'
[0.258s] DEBUG:colcon.colcon_core.verb:Building package 'panda_description' with the following arguments: {'ament_cmake_args': None, 'build_base': '/home/bhadwabhindi/panda_ws/build/panda_description', 'catkin_cmake_args': None, 'catkin_skip_building_tests': False, 'cmake_args': None, 'cmake_clean_cache': False, 'cmake_clean_first': False, 'cmake_force_configure': False, 'cmake_target': None, 'cmake_target_skip_unavailable': False, 'install_base': '/home/bhadwabhindi/panda_ws/install/panda_description', 'merge_install': False, 'path': '/home/bhadwabhindi/panda_ws/src/panda_description', 'symlink_install': False, 'test_result_base': None}
[0.258s] Level 5:colcon.colcon_core.verb:set package 'panda_vision' build argument 'cmake_args' from command line to 'None'
[0.258s] Level 5:colcon.colcon_core.verb:set package 'panda_vision' build argument 'cmake_target' from command line to 'None'
[0.258s] Level 5:colcon.colcon_core.verb:set package 'panda_vision' build argument 'cmake_target_skip_unavailable' from command line to 'False'
[0.258s] Level 5:colcon.colcon_core.verb:set package 'panda_vision' build argument 'cmake_clean_cache' from command line to 'False'
[0.258s] Level 5:colcon.colcon_core.verb:set package 'panda_vision' build argument 'cmake_clean_first' from command line to 'False'
[0.258s] Level 5:colcon.colcon_core.verb:set package 'panda_vision' build argument 'cmake_force_configure' from command line to 'False'
[0.258s] Level 5:colcon.colcon_core.verb:set package 'panda_vision' build argument 'ament_cmake_args' from command line to 'None'
[0.258s] Level 5:colcon.colcon_core.verb:set package 'panda_vision' build argument 'catkin_cmake_args' from command line to 'None'
[0.258s] Level 5:colcon.colcon_core.verb:set package 'panda_vision' build argument 'catkin_skip_building_tests' from command line to 'False'
[0.258s] DEBUG:colcon.colcon_core.verb:Building package 'panda_vision' with the following arguments: {'ament_cmake_args': None, 'build_base': '/home/bhadwabhindi/panda_ws/build/panda_vision', 'catkin_cmake_args': None, 'catkin_skip_building_tests': False, 'cmake_args': None, 'cmake_clean_cache': False, 'cmake_clean_first': False, 'cmake_force_configure': False, 'cmake_target': None, 'cmake_target_skip_unavailable': False, 'install_base': '/home/bhadwabhindi/panda_ws/install/panda_vision', 'merge_install': False, 'path': '/home/bhadwabhindi/panda_ws/src/panda_vision', 'symlink_install': False, 'test_result_base': None}
[0.258s] Level 5:colcon.colcon_core.verb:set package 'panda_controller' build argument 'cmake_args' from command line to 'None'
[0.258s] Level 5:colcon.colcon_core.verb:set package 'panda_controller' build argument 'cmake_target' from command line to 'None'
[0.258s] Level 5:colcon.colcon_core.verb:set package 'panda_controller' build argument 'cmake_target_skip_unavailable' from command line to 'False'
[0.258s] Level 5:colcon.colcon_core.verb:set package 'panda_controller' build argument 'cmake_clean_cache' from command line to 'False'
[0.258s] Level 5:colcon.colcon_core.verb:set package 'panda_controller' build argument 'cmake_clean_first' from command line to 'False'
[0.258s] Level 5:colcon.colcon_core.verb:set package 'panda_controller' build argument 'cmake_force_configure' from command line to 'False'
[0.258s] Level 5:colcon.colcon_core.verb:set package 'panda_controller' build argument 'ament_cmake_args' from command line to 'None'
[0.258s] Level 5:colcon.colcon_core.verb:set package 'panda_controller' build argument 'catkin_cmake_args' from command line to 'None'
[0.258s] Level 5:colcon.colcon_core.verb:set package 'panda_controller' build argument 'catkin_skip_building_tests' from command line to 'False'
[0.258s] DEBUG:colcon.colcon_core.verb:Building package 'panda_controller' with the following arguments: {'ament_cmake_args': None, 'build_base': '/home/bhadwabhindi/panda_ws/build/panda_controller', 'catkin_cmake_args': None, 'catkin_skip_building_tests': False, 'cmake_args': None, 'cmake_clean_cache': False, 'cmake_clean_first': False, 'cmake_force_configure': False, 'cmake_target': None, 'cmake_target_skip_unavailable': False, 'install_base': '/home/bhadwabhindi/panda_ws/install/panda_controller', 'merge_install': False, 'path': '/home/bhadwabhindi/panda_ws/src/panda_controller', 'symlink_install': False, 'test_result_base': None}
[0.258s] Level 5:colcon.colcon_core.verb:set package 'panda_moveit' build argument 'cmake_args' from command line to 'None'
[0.258s] Level 5:colcon.colcon_core.verb:set package 'panda_moveit' build argument 'cmake_target' from command line to 'None'
[0.258s] Level 5:colcon.colcon_core.verb:set package 'panda_moveit' build argument 'cmake_target_skip_unavailable' from command line to 'False'
[0.258s] Level 5:colcon.colcon_core.verb:set package 'panda_moveit' build argument 'cmake_clean_cache' from command line to 'False'
[0.258s] Level 5:colcon.colcon_core.verb:set package 'panda_moveit' build argument 'cmake_clean_first' from command line to 'False'
[0.258s] Level 5:colcon.colcon_core.verb:set package 'panda_moveit' build argument 'cmake_force_configure' from command line to 'False'
[0.258s] Level 5:colcon.colcon_core.verb:set package 'panda_moveit' build argument 'ament_cmake_args' from command line to 'None'
[0.258s] Level 5:colcon.colcon_core.verb:set package 'panda_moveit' build argument 'catkin_cmake_args' from command line to 'None'
[0.258s] Level 5:colcon.colcon_core.verb:set package 'panda_moveit' build argument 'catkin_skip_building_tests' from command line to 'False'
[0.258s] DEBUG:colcon.colcon_core.verb:Building package 'panda_moveit' with the following arguments: {'ament_cmake_args': None, 'build_base': '/home/bhadwabhindi/panda_ws/build/panda_moveit', 'catkin_cmake_args': None, 'catkin_skip_building_tests': False, 'cmake_args': None, 'cmake_clean_cache': False, 'cmake_clean_first': False, 'cmake_force_configure': False, 'cmake_target': None, 'cmake_target_skip_unavailable': False, 'install_base': '/home/bhadwabhindi/panda_ws/install/panda_moveit', 'merge_install': False, 'path': '/home/bhadwabhindi/panda_ws/src/panda_moveit', 'symlink_install': False, 'test_result_base': None}
[0.259s] INFO:colcon.colcon_core.executor:Executing jobs using 'parallel' executor
[0.259s] DEBUG:colcon.colcon_parallel_executor.executor.parallel:run_until_complete
[0.259s] INFO:colcon.colcon_ros.task.ament_cmake.build:Building ROS package in '/home/bhadwabhindi/panda_ws/src/panda_description' with build type 'ament_cmake'
[0.260s] INFO:colcon.colcon_cmake.task.cmake.build:Building CMake package in '/home/bhadwabhindi/panda_ws/src/panda_description'
[0.261s] INFO:colcon.colcon_core.plugin_system:Skipping extension 'colcon_core.shell.bat': Not used on non-Windows systems
[0.261s] INFO:colcon.colcon_core.shell:Skip shell extension 'powershell' for command environment: Not usable outside of PowerShell
[0.261s] DEBUG:colcon.colcon_core.shell:Skip shell extension 'dsv' for command environment
[0.263s] INFO:colcon.colcon_ros.task.ament_python.build:Building ROS package in '/home/bhadwabhindi/panda_ws/src/panda_vision' with build type 'ament_python'
[0.263s] Level 1:colcon.colcon_core.shell:create_environment_hook('panda_vision', 'ament_prefix_path')
[0.264s] INFO:colcon.colcon_core.shell:Creating environment hook '/home/bhadwabhindi/panda_ws/install/panda_vision/share/panda_vision/hook/ament_prefix_path.ps1'
[0.264s] INFO:colcon.colcon_core.shell:Creating environment descriptor '/home/bhadwabhindi/panda_ws/install/panda_vision/share/panda_vision/hook/ament_prefix_path.dsv'
[0.264s] INFO:colcon.colcon_core.shell:Creating environment hook '/home/bhadwabhindi/panda_ws/install/panda_vision/share/panda_vision/hook/ament_prefix_path.sh'
[0.265s] INFO:colcon.colcon_core.shell:Skip shell extension 'powershell' for command environment: Not usable outside of PowerShell
[0.265s] DEBUG:colcon.colcon_core.shell:Skip shell extension 'dsv' for command environment
[0.270s] DEBUG:colcon.colcon_core.event_handler.log_command:Invoking command in '/home/bhadwabhindi/panda_ws/build/panda_description': CMAKE_PREFIX_PATH=${CMAKE_PREFIX_PATH}:/home/bhadwabhindi/panda_ws/install/panda_vision:/home/bhadwabhindi/ros2_ws/install/surgiarm_description:/home/bhadwabhindi/ros2_ws/install/my_robot_controller:/opt/ros/humble /usr/bin/cmake --build /home/bhadwabhindi/panda_ws/build/panda_description -- -j12 -l12
[0.481s] INFO:colcon.colcon_core.task.python.build:Building Python package in '/home/bhadwabhindi/panda_ws/src/panda_vision'
[0.481s] INFO:colcon.colcon_core.shell:Skip shell extension 'powershell' for command environment: Not usable outside of PowerShell
[0.482s] DEBUG:colcon.colcon_core.shell:Skip shell extension 'dsv' for command environment
[0.485s] DEBUG:colcon.colcon_core.event_handler.log_command:Invoked command in '/home/bhadwabhindi/panda_ws/build/panda_description' returned '0': CMAKE_PREFIX_PATH=${CMAKE_PREFIX_PATH}:/home/bhadwabhindi/panda_ws/install/panda_vision:/home/bhadwabhindi/ros2_ws/install/surgiarm_description:/home/bhadwabhindi/ros2_ws/install/my_robot_controller:/opt/ros/humble /usr/bin/cmake --build /home/bhadwabhindi/panda_ws/build/panda_description -- -j12 -l12
[0.491s] DEBUG:colcon.colcon_core.event_handler.log_command:Invoking command in '/home/bhadwabhindi/panda_ws/build/panda_description': CMAKE_PREFIX_PATH=${CMAKE_PREFIX_PATH}:/home/bhadwabhindi/panda_ws/install/panda_vision:/home/bhadwabhindi/ros2_ws/install/surgiarm_description:/home/bhadwabhindi/ros2_ws/install/my_robot_controller:/opt/ros/humble /usr/bin/cmake --install /home/bhadwabhindi/panda_ws/build/panda_description
[0.500s] Level 1:colcon.colcon_core.environment:create_environment_scripts_only(panda_description)
[0.500s] DEBUG:colcon.colcon_core.event_handler.log_command:Invoked command in '/home/bhadwabhindi/panda_ws/build/panda_description' returned '0': CMAKE_PREFIX_PATH=${CMAKE_PREFIX_PATH}:/home/bhadwabhindi/panda_ws/install/panda_vision:/home/bhadwabhindi/ros2_ws/install/surgiarm_description:/home/bhadwabhindi/ros2_ws/install/my_robot_controller:/opt/ros/humble /usr/bin/cmake --install /home/bhadwabhindi/panda_ws/build/panda_description
[0.502s] Level 1:colcon.colcon_core.environment:checking '/home/bhadwabhindi/panda_ws/install/panda_description' for CMake module files
[0.503s] Level 1:colcon.colcon_core.environment:checking '/home/bhadwabhindi/panda_ws/install/panda_description' for CMake config files
[0.503s] Level 1:colcon.colcon_core.shell:create_environment_hook('panda_description', 'cmake_prefix_path')
[0.503s] INFO:colcon.colcon_core.shell:Creating environment hook '/home/bhadwabhindi/panda_ws/install/panda_description/share/panda_description/hook/cmake_prefix_path.ps1'
[0.504s] INFO:colcon.colcon_core.shell:Creating environment descriptor '/home/bhadwabhindi/panda_ws/install/panda_description/share/panda_description/hook/cmake_prefix_path.dsv'
[0.504s] INFO:colcon.colcon_core.shell:Creating environment hook '/home/bhadwabhindi/panda_ws/install/panda_description/share/panda_description/hook/cmake_prefix_path.sh'
[0.505s] Level 1:colcon.colcon_core.environment:checking '/home/bhadwabhindi/panda_ws/install/panda_description/bin'
[0.505s] Level 1:colcon.colcon_core.environment:checking '/home/bhadwabhindi/panda_ws/install/panda_description/lib/pkgconfig/panda_description.pc'
[0.505s] Level 1:colcon.colcon_core.environment:checking '/home/bhadwabhindi/panda_ws/install/panda_description/lib/python3.10/site-packages'
[0.505s] Level 1:colcon.colcon_core.environment:checking '/home/bhadwabhindi/panda_ws/install/panda_description/bin'
[0.505s] INFO:colcon.colcon_core.shell:Creating package script '/home/bhadwabhindi/panda_ws/install/panda_description/share/panda_description/package.ps1'
[0.506s] INFO:colcon.colcon_core.shell:Creating package descriptor '/home/bhadwabhindi/panda_ws/install/panda_description/share/panda_description/package.dsv'
[0.507s] INFO:colcon.colcon_core.shell:Creating package script '/home/bhadwabhindi/panda_ws/install/panda_description/share/panda_description/package.sh'
[0.507s] INFO:colcon.colcon_core.shell:Creating package script '/home/bhadwabhindi/panda_ws/install/panda_description/share/panda_description/package.bash'
[0.507s] INFO:colcon.colcon_core.shell:Creating package script '/home/bhadwabhindi/panda_ws/install/panda_description/share/panda_description/package.zsh'
[0.508s] Level 1:colcon.colcon_core.environment:create_file_with_runtime_dependencies(/home/bhadwabhindi/panda_ws/install/panda_description/share/colcon-core/packages/panda_description)
[0.508s] Level 1:colcon.colcon_core.environment:create_environment_scripts_only(panda_description)
[0.508s] Level 1:colcon.colcon_core.environment:checking '/home/bhadwabhindi/panda_ws/install/panda_description' for CMake module files
[0.508s] Level 1:colcon.colcon_core.environment:checking '/home/bhadwabhindi/panda_ws/install/panda_description' for CMake config files
[0.508s] Level 1:colcon.colcon_core.shell:create_environment_hook('panda_description', 'cmake_prefix_path')
[0.508s] INFO:colcon.colcon_core.shell:Creating environment hook '/home/bhadwabhindi/panda_ws/install/panda_description/share/panda_description/hook/cmake_prefix_path.ps1'
[0.509s] INFO:colcon.colcon_core.shell:Creating environment descriptor '/home/bhadwabhindi/panda_ws/install/panda_description/share/panda_description/hook/cmake_prefix_path.dsv'
[0.509s] INFO:colcon.colcon_core.shell:Creating environment hook '/home/bhadwabhindi/panda_ws/install/panda_description/share/panda_description/hook/cmake_prefix_path.sh'
[0.509s] Level 1:colcon.colcon_core.environment:checking '/home/bhadwabhindi/panda_ws/install/panda_description/bin'
[0.509s] Level 1:colcon.colcon_core.environment:checking '/home/bhadwabhindi/panda_ws/install/panda_description/lib/pkgconfig/panda_description.pc'
[0.509s] Level 1:colcon.colcon_core.environment:checking '/home/bhadwabhindi/panda_ws/install/panda_description/lib/python3.10/site-packages'
[0.509s] Level 1:colcon.colcon_core.environment:checking '/home/bhadwabhindi/panda_ws/install/panda_description/bin'
[0.510s] INFO:colcon.colcon_core.shell:Creating package script '/home/bhadwabhindi/panda_ws/install/panda_description/share/panda_description/package.ps1'
[0.510s] INFO:colcon.colcon_core.shell:Creating package descriptor '/home/bhadwabhindi/panda_ws/install/panda_description/share/panda_description/package.dsv'
[0.510s] INFO:colcon.colcon_core.shell:Creating package script '/home/bhadwabhindi/panda_ws/install/panda_description/share/panda_description/package.sh'
[0.510s] INFO:colcon.colcon_core.shell:Creating package script '/home/bhadwabhindi/panda_ws/install/panda_description/share/panda_description/package.bash'
[0.510s] INFO:colcon.colcon_core.shell:Creating package script '/home/bhadwabhindi/panda_ws/install/panda_description/share/panda_description/package.zsh'
[0.511s] Level 1:colcon.colcon_core.environment:create_file_with_runtime_dependencies(/home/bhadwabhindi/panda_ws/install/panda_description/share/colcon-core/packages/panda_description)
[0.511s] INFO:colcon.colcon_ros.task.ament_cmake.build:Building ROS package in '/home/bhadwabhindi/panda_ws/src/panda_controller' with build type 'ament_cmake'
[0.511s] INFO:colcon.colcon_cmake.task.cmake.build:Building CMake package in '/home/bhadwabhindi/panda_ws/src/panda_controller'
[0.511s] INFO:colcon.colcon_core.shell:Skip shell extension 'powershell' for command environment: Not usable outside of PowerShell
[0.511s] DEBUG:colcon.colcon_core.shell:Skip shell extension 'dsv' for command environment
[0.514s] INFO:colcon.colcon_ros.task.ament_cmake.build:Building ROS package in '/home/bhadwabhindi/panda_ws/src/panda_moveit' with build type 'ament_cmake'
[0.514s] INFO:colcon.colcon_cmake.task.cmake.build:Building CMake package in '/home/bhadwabhindi/panda_ws/src/panda_moveit'
[0.514s] INFO:colcon.colcon_core.shell:Skip shell extension 'powershell' for command environment: Not usable outside of PowerShell
[0.514s] DEBUG:colcon.colcon_core.shell:Skip shell extension 'dsv' for command environment
[0.519s] DEBUG:colcon.colcon_core.event_handler.log_command:Invoking command in '/home/bhadwabhindi/panda_ws/build/panda_controller': CMAKE_PREFIX_PATH=/home/bhadwabhindi/panda_ws/install/panda_description:/home/bhadwabhindi/panda_ws/install/panda_moveit:/home/bhadwabhindi/panda_ws/install/panda_controller:/home/bhadwabhindi/ros2_ws/install/my_robot_bringup:/home/bhadwabhindi/panda_ws/install/panda_vision:/home/bhadwabhindi/ros2_ws/install/surgiarm_description:/home/bhadwabhindi/ros2_ws/install/my_robot_controller:/opt/ros/humble /usr/bin/cmake --build /home/bhadwabhindi/panda_ws/build/panda_controller -- -j12 -l12
[0.521s] DEBUG:colcon.colcon_core.event_handler.log_command:Invoking command in '/home/bhadwabhindi/panda_ws/build/panda_moveit': CMAKE_PREFIX_PATH=/home/bhadwabhindi/panda_ws/install/panda_description:/home/bhadwabhindi/panda_ws/install/panda_moveit:/home/bhadwabhindi/panda_ws/install/panda_controller:/home/bhadwabhindi/ros2_ws/install/my_robot_bringup:/home/bhadwabhindi/panda_ws/install/panda_vision:/home/bhadwabhindi/ros2_ws/install/surgiarm_description:/home/bhadwabhindi/ros2_ws/install/my_robot_controller:/opt/ros/humble /usr/bin/cmake --build /home/bhadwabhindi/panda_ws/build/panda_moveit -- -j12 -l12
[0.549s] DEBUG:colcon.colcon_core.event_handler.log_command:Invoked command in '/home/bhadwabhindi/panda_ws/build/panda_moveit' returned '0': CMAKE_PREFIX_PATH=/home/bhadwabhindi/panda_ws/install/panda_description:/home/bhadwabhindi/panda_ws/install/panda_moveit:/home/bhadwabhindi/panda_ws/install/panda_controller:/home/bhadwabhindi/ros2_ws/install/my_robot_bringup:/home/bhadwabhindi/panda_ws/install/panda_vision:/home/bhadwabhindi/ros2_ws/install/surgiarm_description:/home/bhadwabhindi/ros2_ws/install/my_robot_controller:/opt/ros/humble /usr/bin/cmake --build /home/bhadwabhindi/panda_ws/build/panda_moveit -- -j12 -l12
[0.550s] DEBUG:colcon.colcon_core.event_handler.log_command:Invoking command in '/home/bhadwabhindi/panda_ws/build/panda_moveit': CMAKE_PREFIX_PATH=/home/bhadwabhindi/panda_ws/install/panda_description:/home/bhadwabhindi/panda_ws/install/panda_moveit:/home/bhadwabhindi/panda_ws/install/panda_controller:/home/bhadwabhindi/ros2_ws/install/my_robot_bringup:/home/bhadwabhindi/panda_ws/install/panda_vision:/home/bhadwabhindi/ros2_ws/install/surgiarm_description:/home/bhadwabhindi/ros2_ws/install/my_robot_controller:/opt/ros/humble /usr/bin/cmake --install /home/bhadwabhindi/panda_ws/build/panda_moveit
[0.558s] Level 1:colcon.colcon_core.environment:create_environment_scripts_only(panda_moveit)
[0.558s] Level 1:colcon.colcon_core.environment:checking '/home/bhadwabhindi/panda_ws/install/panda_moveit' for CMake module files
[0.559s] DEBUG:colcon.colcon_core.event_handler.log_command:Invoked command in '/home/bhadwabhindi/panda_ws/build/panda_moveit' returned '0': CMAKE_PREFIX_PATH=/home/bhadwabhindi/panda_ws/install/panda_description:/home/bhadwabhindi/panda_ws/install/panda_moveit:/home/bhadwabhindi/panda_ws/install/panda_controller:/home/bhadwabhindi/ros2_ws/install/my_robot_bringup:/home/bhadwabhindi/panda_ws/install/panda_vision:/home/bhadwabhindi/ros2_ws/install/surgiarm_description:/home/bhadwabhindi/ros2_ws/install/my_robot_controller:/opt/ros/humble /usr/bin/cmake --install /home/bhadwabhindi/panda_ws/build/panda_moveit
[0.559s] Level 1:colcon.colcon_core.environment:checking '/home/bhadwabhindi/panda_ws/install/panda_moveit' for CMake config files
[0.559s] Level 1:colcon.colcon_core.shell:create_environment_hook('panda_moveit', 'cmake_prefix_path')
[0.559s] INFO:colcon.colcon_core.shell:Creating environment hook '/home/bhadwabhindi/panda_ws/install/panda_moveit/share/panda_moveit/hook/cmake_prefix_path.ps1'
[0.560s] INFO:colcon.colcon_core.shell:Creating environment descriptor '/home/bhadwabhindi/panda_ws/install/panda_moveit/share/panda_moveit/hook/cmake_prefix_path.dsv'
[0.561s] INFO:colcon.colcon_core.shell:Creating environment hook '/home/bhadwabhindi/panda_ws/install/panda_moveit/share/panda_moveit/hook/cmake_prefix_path.sh'
[0.561s] Level 1:colcon.colcon_core.environment:checking '/home/bhadwabhindi/panda_ws/install/panda_moveit/bin'
[0.561s] Level 1:colcon.colcon_core.environment:checking '/home/bhadwabhindi/panda_ws/install/panda_moveit/lib/pkgconfig/panda_moveit.pc'
[0.561s] Level 1:colcon.colcon_core.environment:checking '/home/bhadwabhindi/panda_ws/install/panda_moveit/lib/python3.10/site-packages'
[0.561s] Level 1:colcon.colcon_core.environment:checking '/home/bhadwabhindi/panda_ws/install/panda_moveit/bin'
[0.562s] INFO:colcon.colcon_core.shell:Creating package script '/home/bhadwabhindi/panda_ws/install/panda_moveit/share/panda_moveit/package.ps1'
[0.562s] INFO:colcon.colcon_core.shell:Creating package descriptor '/home/bhadwabhindi/panda_ws/install/panda_moveit/share/panda_moveit/package.dsv'
[0.562s] INFO:colcon.colcon_core.shell:Creating package script '/home/bhadwabhindi/panda_ws/install/panda_moveit/share/panda_moveit/package.sh'
[0.562s] INFO:colcon.colcon_core.shell:Creating package script '/home/bhadwabhindi/panda_ws/install/panda_moveit/share/panda_moveit/package.bash'
[0.562s] INFO:colcon.colcon_core.shell:Creating package script '/home/bhadwabhindi/panda_ws/install/panda_moveit/share/panda_moveit/package.zsh'
[0.563s] Level 1:colcon.colcon_core.environment:create_file_with_runtime_dependencies(/home/bhadwabhindi/panda_ws/install/panda_moveit/share/colcon-core/packages/panda_moveit)
[0.563s] Level 1:colcon.colcon_core.environment:create_environment_scripts_only(panda_moveit)
[0.563s] Level 1:colcon.colcon_core.environment:checking '/home/bhadwabhindi/panda_ws/install/panda_moveit' for CMake module files
[0.563s] Level 1:colcon.colcon_core.environment:checking '/home/bhadwabhindi/panda_ws/install/panda_moveit' for CMake config files
[0.563s] Level 1:colcon.colcon_core.shell:create_environment_hook('panda_moveit', 'cmake_prefix_path')
[0.564s] INFO:colcon.colcon_core.shell:Creating environment hook '/home/bhadwabhindi/panda_ws/install/panda_moveit/share/panda_moveit/hook/cmake_prefix_path.ps1'
[0.564s] INFO:colcon.colcon_core.shell:Creating environment descriptor '/home/bhadwabhindi/panda_ws/install/panda_moveit/share/panda_moveit/hook/cmake_prefix_path.dsv'
[0.564s] INFO:colcon.colcon_core.shell:Creating environment hook '/home/bhadwabhindi/panda_ws/install/panda_moveit/share/panda_moveit/hook/cmake_prefix_path.sh'
[0.564s] Level 1:colcon.colcon_core.environment:checking '/home/bhadwabhindi/panda_ws/install/panda_moveit/bin'
[0.564s] Level 1:colcon.colcon_core.environment:checking '/home/bhadwabhindi/panda_ws/install/panda_moveit/lib/pkgconfig/panda_moveit.pc'
[0.564s] Level 1:colcon.colcon_core.environment:checking '/home/bhadwabhindi/panda_ws/install/panda_moveit/lib/python3.10/site-packages'
[0.565s] Level 1:colcon.colcon_core.environment:checking '/home/bhadwabhindi/panda_ws/install/panda_moveit/bin'
[0.565s] INFO:colcon.colcon_core.shell:Creating package script '/home/bhadwabhindi/panda_ws/install/panda_moveit/share/panda_moveit/package.ps1'
[0.565s] INFO:colcon.colcon_core.shell:Creating package descriptor '/home/bhadwabhindi/panda_ws/install/panda_moveit/share/panda_moveit/package.dsv'
[0.565s] INFO:colcon.colcon_core.shell:Creating package script '/home/bhadwabhindi/panda_ws/install/panda_moveit/share/panda_moveit/package.sh'
[0.565s] INFO:colcon.colcon_core.shell:Creating package script '/home/bhadwabhindi/panda_ws/install/panda_moveit/share/panda_moveit/package.bash'
[0.566s] INFO:colcon.colcon_core.shell:Creating package script '/home/bhadwabhindi/panda_ws/install/panda_moveit/share/panda_moveit/package.zsh'
[0.566s] Level 1:colcon.colcon_core.environment:create_file_with_runtime_dependencies(/home/bhadwabhindi/panda_ws/install/panda_moveit/share/colcon-core/packages/panda_moveit)
[0.838s] DEBUG:colcon.colcon_core.event_handler.log_command:Invoked command in '/home/bhadwabhindi/panda_ws/build/panda_controller' returned '0': CMAKE_PREFIX_PATH=/home/bhadwabhindi/panda_ws/install/panda_description:/home/bhadwabhindi/panda_ws/install/panda_moveit:/home/bhadwabhindi/panda_ws/install/panda_controller:/home/bhadwabhindi/ros2_ws/install/my_robot_bringup:/home/bhadwabhindi/panda_ws/install/panda_vision:/home/bhadwabhindi/ros2_ws/install/surgiarm_description:/home/bhadwabhindi/ros2_ws/install/my_robot_controller:/opt/ros/humble /usr/bin/cmake --build /home/bhadwabhindi/panda_ws/build/panda_controller -- -j12 -l12
[0.839s] DEBUG:colcon.colcon_core.event_handler.log_command:Invoking command in '/home/bhadwabhindi/panda_ws/build/panda_controller': CMAKE_PREFIX_PATH=/home/bhadwabhindi/panda_ws/install/panda_description:/home/bhadwabhindi/panda_ws/install/panda_moveit:/home/bhadwabhindi/panda_ws/install/panda_controller:/home/bhadwabhindi/ros2_ws/install/my_robot_bringup:/home/bhadwabhindi/panda_ws/install/panda_vision:/home/bhadwabhindi/ros2_ws/install/surgiarm_description:/home/bhadwabhindi/ros2_ws/install/my_robot_controller:/opt/ros/humble /usr/bin/cmake --install /home/bhadwabhindi/panda_ws/build/panda_controller
[0.855s] DEBUG:colcon.colcon_core.event_handler.log_command:Invoking command in '/home/bhadwabhindi/panda_ws/src/panda_vision': PYTHONPATH=/home/bhadwabhindi/panda_ws/build/panda_vision/prefix_override:/usr/lib/python3/dist-packages/colcon_core/task/python/colcon_distutils_commands:/home/bhadwabhindi/panda_ws/install/panda_vision/lib/python3.10/site-packages:${PYTHONPATH} /usr/bin/python3 -W ignore:setup.py install is deprecated -W ignore:easy_install command is deprecated setup.py egg_info --egg-base ../../build/panda_vision build --build-base /home/bhadwabhindi/panda_ws/build/panda_vision/build install --record /home/bhadwabhindi/panda_ws/build/panda_vision/install.log --single-version-externally-managed install_data
[0.872s] Level 1:colcon.colcon_core.environment:create_environment_scripts_only(panda_controller)
[0.872s] Level 1:colcon.colcon_core.environment:checking '/home/bhadwabhindi/panda_ws/install/panda_controller' for CMake module files
[0.873s] DEBUG:colcon.colcon_core.event_handler.log_command:Invoked command in '/home/bhadwabhindi/panda_ws/build/panda_controller' returned '0': CMAKE_PREFIX_PATH=/home/bhadwabhindi/panda_ws/install/panda_description:/home/bhadwabhindi/panda_ws/install/panda_moveit:/home/bhadwabhindi/panda_ws/install/panda_controller:/home/bhadwabhindi/ros2_ws/install/my_robot_bringup:/home/bhadwabhindi/panda_ws/install/panda_vision:/home/bhadwabhindi/ros2_ws/install/surgiarm_description:/home/bhadwabhindi/ros2_ws/install/my_robot_controller:/opt/ros/humble /usr/bin/cmake --install /home/bhadwabhindi/panda_ws/build/panda_controller
[0.873s] Level 1:colcon.colcon_core.environment:checking '/home/bhadwabhindi/panda_ws/install/panda_controller' for CMake config files
[0.873s] Level 1:colcon.colcon_core.shell:create_environment_hook('panda_controller', 'cmake_prefix_path')
[0.873s] INFO:colcon.colcon_core.shell:Creating environment hook '/home/bhadwabhindi/panda_ws/install/panda_controller/share/panda_controller/hook/cmake_prefix_path.ps1'
[0.874s] INFO:colcon.colcon_core.shell:Creating environment descriptor '/home/bhadwabhindi/panda_ws/install/panda_controller/share/panda_controller/hook/cmake_prefix_path.dsv'
[0.874s] INFO:colcon.colcon_core.shell:Creating environment hook '/home/bhadwabhindi/panda_ws/install/panda_controller/share/panda_controller/hook/cmake_prefix_path.sh'
[0.874s] Level 1:colcon.colcon_core.environment:checking '/home/bhadwabhindi/panda_ws/install/panda_controller/lib'
[0.874s] Level 1:colcon.colcon_core.environment:checking '/home/bhadwabhindi/panda_ws/install/panda_controller/bin'
[0.874s] Level 1:colcon.colcon_core.environment:checking '/home/bhadwabhindi/panda_ws/install/panda_controller/lib/pkgconfig/panda_controller.pc'
[0.874s] Level 1:colcon.colcon_core.environment:checking '/home/bhadwabhindi/panda_ws/install/panda_controller/lib/python3.10/site-packages'
[0.875s] Level 1:colcon.colcon_core.environment:checking '/home/bhadwabhindi/panda_ws/install/panda_controller/bin'
[0.875s] INFO:colcon.colcon_core.shell:Creating package script '/home/bhadwabhindi/panda_ws/install/panda_controller/share/panda_controller/package.ps1'
[0.875s] INFO:colcon.colcon_core.shell:Creating package descriptor '/home/bhadwabhindi/panda_ws/install/panda_controller/share/panda_controller/package.dsv'
[0.875s] INFO:colcon.colcon_core.shell:Creating package script '/home/bhadwabhindi/panda_ws/install/panda_controller/share/panda_controller/package.sh'
[0.875s] INFO:colcon.colcon_core.shell:Creating package script '/home/bhadwabhindi/panda_ws/install/panda_controller/share/panda_controller/package.bash'
[0.875s] INFO:colcon.colcon_core.shell:Creating package script '/home/bhadwabhindi/panda_ws/install/panda_controller/share/panda_controller/package.zsh'
[0.876s] Level 1:colcon.colcon_core.environment:create_file_with_runtime_dependencies(/home/bhadwabhindi/panda_ws/install/panda_controller/share/colcon-core/packages/panda_controller)
[0.876s] Level 1:colcon.colcon_core.environment:create_environment_scripts_only(panda_controller)
[0.876s] Level 1:colcon.colcon_core.environment:checking '/home/bhadwabhindi/panda_ws/install/panda_controller' for CMake module files
[0.876s] Level 1:colcon.colcon_core.environment:checking '/home/bhadwabhindi/panda_ws/install/panda_controller' for CMake config files
[0.876s] Level 1:colcon.colcon_core.shell:create_environment_hook('panda_controller', 'cmake_prefix_path')
[0.876s] INFO:colcon.colcon_core.shell:Creating environment hook '/home/bhadwabhindi/panda_ws/install/panda_controller/share/panda_controller/hook/cmake_prefix_path.ps1'
[0.877s] INFO:colcon.colcon_core.shell:Creating environment descriptor '/home/bhadwabhindi/panda_ws/install/panda_controller/share/panda_controller/hook/cmake_prefix_path.dsv'
[0.877s] INFO:colcon.colcon_core.shell:Creating environment hook '/home/bhadwabhindi/panda_ws/install/panda_controller/share/panda_controller/hook/cmake_prefix_path.sh'
[0.877s] Level 1:colcon.colcon_core.environment:checking '/home/bhadwabhindi/panda_ws/install/panda_controller/lib'
[0.877s] Level 1:colcon.colcon_core.environment:checking '/home/bhadwabhindi/panda_ws/install/panda_controller/bin'
[0.877s] Level 1:colcon.colcon_core.environment:checking '/home/bhadwabhindi/panda_ws/install/panda_controller/lib/pkgconfig/panda_controller.pc'
[0.877s] Level 1:colcon.colcon_core.environment:checking '/home/bhadwabhindi/panda_ws/install/panda_controller/lib/python3.10/site-packages'
[0.877s] Level 1:colcon.colcon_core.environment:checking '/home/bhadwabhindi/panda_ws/install/panda_controller/bin'
[0.877s] INFO:colcon.colcon_core.shell:Creating package script '/home/bhadwabhindi/panda_ws/install/panda_controller/share/panda_controller/package.ps1'
[0.878s] INFO:colcon.colcon_core.shell:Creating package descriptor '/home/bhadwabhindi/panda_ws/install/panda_controller/share/panda_controller/package.dsv'
[0.878s] INFO:colcon.colcon_core.shell:Creating package script '/home/bhadwabhindi/panda_ws/install/panda_controller/share/panda_controller/package.sh'
[0.878s] INFO:colcon.colcon_core.shell:Creating package script '/home/bhadwabhindi/panda_ws/install/panda_controller/share/panda_controller/package.bash'
[0.878s] INFO:colcon.colcon_core.shell:Creating package script '/home/bhadwabhindi/panda_ws/install/panda_controller/share/panda_controller/package.zsh'
[0.878s] Level 1:colcon.colcon_core.environment:create_file_with_runtime_dependencies(/home/bhadwabhindi/panda_ws/install/panda_controller/share/colcon-core/packages/panda_controller)
[1.180s] Level 1:colcon.colcon_core.environment:checking '/home/bhadwabhindi/panda_ws/install/panda_vision' for CMake module files
[1.180s] DEBUG:colcon.colcon_core.event_handler.log_command:Invoked command in '/home/bhadwabhindi/panda_ws/src/panda_vision' returned '0': PYTHONPATH=/home/bhadwabhindi/panda_ws/build/panda_vision/prefix_override:/usr/lib/python3/dist-packages/colcon_core/task/python/colcon_distutils_commands:/home/bhadwabhindi/panda_ws/install/panda_vision/lib/python3.10/site-packages:${PYTHONPATH} /usr/bin/python3 -W ignore:setup.py install is deprecated -W ignore:easy_install command is deprecated setup.py egg_info --egg-base ../../build/panda_vision build --build-base /home/bhadwabhindi/panda_ws/build/panda_vision/build install --record /home/bhadwabhindi/panda_ws/build/panda_vision/install.log --single-version-externally-managed install_data
[1.181s] Level 1:colcon.colcon_core.environment:checking '/home/bhadwabhindi/panda_ws/install/panda_vision' for CMake config files
[1.181s] Level 1:colcon.colcon_core.environment:checking '/home/bhadwabhindi/panda_ws/install/panda_vision/lib'
[1.181s] Level 1:colcon.colcon_core.environment:checking '/home/bhadwabhindi/panda_ws/install/panda_vision/bin'
[1.181s] Level 1:colcon.colcon_core.environment:checking '/home/bhadwabhindi/panda_ws/install/panda_vision/lib/pkgconfig/panda_vision.pc'
[1.181s] Level 1:colcon.colcon_core.environment:checking '/home/bhadwabhindi/panda_ws/install/panda_vision/lib/python3.10/site-packages'
[1.181s] Level 1:colcon.colcon_core.shell:create_environment_hook('panda_vision', 'pythonpath')
[1.181s] INFO:colcon.colcon_core.shell:Creating environment hook '/home/bhadwabhindi/panda_ws/install/panda_vision/share/panda_vision/hook/pythonpath.ps1'
[1.182s] INFO:colcon.colcon_core.shell:Creating environment descriptor '/home/bhadwabhindi/panda_ws/install/panda_vision/share/panda_vision/hook/pythonpath.dsv'
[1.182s] INFO:colcon.colcon_core.shell:Creating environment hook '/home/bhadwabhindi/panda_ws/install/panda_vision/share/panda_vision/hook/pythonpath.sh'
[1.182s] Level 1:colcon.colcon_core.environment:checking '/home/bhadwabhindi/panda_ws/install/panda_vision/bin'
[1.182s] Level 1:colcon.colcon_core.environment:create_environment_scripts_only(panda_vision)
[1.182s] INFO:colcon.colcon_core.shell:Creating package script '/home/bhadwabhindi/panda_ws/install/panda_vision/share/panda_vision/package.ps1'
[1.183s] INFO:colcon.colcon_core.shell:Creating package descriptor '/home/bhadwabhindi/panda_ws/install/panda_vision/share/panda_vision/package.dsv'
[1.183s] INFO:colcon.colcon_core.shell:Creating package script '/home/bhadwabhindi/panda_ws/install/panda_vision/share/panda_vision/package.sh'
[1.183s] INFO:colcon.colcon_core.shell:Creating package script '/home/bhadwabhindi/panda_ws/install/panda_vision/share/panda_vision/package.bash'
[1.183s] INFO:colcon.colcon_core.shell:Creating package script '/home/bhadwabhindi/panda_ws/install/panda_vision/share/panda_vision/package.zsh'
[1.183s] Level 1:colcon.colcon_core.environment:create_file_with_runtime_dependencies(/home/bhadwabhindi/panda_ws/install/panda_vision/share/colcon-core/packages/panda_vision)
[1.183s] DEBUG:colcon.colcon_parallel_executor.executor.parallel:closing loop
[1.183s] DEBUG:colcon.colcon_parallel_executor.executor.parallel:loop closed
[1.183s] DEBUG:colcon.colcon_parallel_executor.executor.parallel:run_until_complete finished with '0'
[1.183s] DEBUG:colcon.colcon_core.event_reactor:joining thread
[1.186s] INFO:colcon.colcon_core.plugin_system:Skipping extension 'colcon_notification.desktop_notification.terminal_notifier': Not used on non-Darwin systems
[1.187s] INFO:colcon.colcon_core.plugin_system:Skipping extension 'colcon_notification.desktop_notification.win32': Not used on non-Windows systems
[1.187s] INFO:colcon.colcon_notification.desktop_notification:Sending desktop notification using 'notify2'
[1.196s] DEBUG:colcon.colcon_core.event_reactor:joined thread
[1.196s] INFO:colcon.colcon_core.shell:Creating prefix script '/home/bhadwabhindi/panda_ws/install/local_setup.ps1'
[1.197s] INFO:colcon.colcon_core.shell:Creating prefix util module '/home/bhadwabhindi/panda_ws/install/_local_setup_util_ps1.py'
[1.198s] INFO:colcon.colcon_core.shell:Creating prefix chain script '/home/bhadwabhindi/panda_ws/install/setup.ps1'
[1.199s] INFO:colcon.colcon_core.shell:Creating prefix script '/home/bhadwabhindi/panda_ws/install/local_setup.sh'
[1.199s] INFO:colcon.colcon_core.shell:Creating prefix util module '/home/bhadwabhindi/panda_ws/install/_local_setup_util_sh.py'
[1.200s] INFO:colcon.colcon_core.shell:Creating prefix chain script '/home/bhadwabhindi/panda_ws/install/setup.sh'
[1.200s] INFO:colcon.colcon_core.shell:Creating prefix script '/home/bhadwabhindi/panda_ws/install/local_setup.bash'
[1.200s] INFO:colcon.colcon_core.shell:Creating prefix chain script '/home/bhadwabhindi/panda_ws/install/setup.bash'
[1.201s] INFO:colcon.colcon_core.shell:Creating prefix script '/home/bhadwabhindi/panda_ws/install/local_setup.zsh'
[1.201s] INFO:colcon.colcon_core.shell:Creating prefix chain script '/home/bhadwabhindi/panda_ws/install/setup.zsh'
