[0.063s] DEBUG:colcon:Command line arguments: ['/usr/bin/colcon', 'build']
[0.063s] DEBUG:colcon:Parsed command line arguments: Namespace(log_base=None, log_level=None, verb_name='build', build_base='build', install_base='install', merge_install=False, symlink_install=False, test_result_base=None, continue_on_error=False, executor='parallel', parallel_workers=12, event_handlers=None, ignore_user_meta=False, metas=['./colcon.meta'], base_paths=['.'], packages_ignore=None, packages_ignore_regex=None, paths=None, packages_up_to=None, packages_up_to_regex=None, packages_above=None, packages_above_and_dependencies=None, packages_above_depth=None, packages_select_by_dep=None, packages_skip_by_dep=None, packages_skip_up_to=None, packages_select_build_failed=False, packages_skip_build_finished=False, packages_select_test_failures=False, packages_skip_test_passed=False, packages_select=None, packages_skip=None, packages_select_regex=None, packages_skip_regex=None, packages_start=None, packages_end=None, allow_overriding=[], cmake_args=None, cmake_target=None, cmake_target_skip_unavailable=False, cmake_clean_cache=False, cmake_clean_first=False, cmake_force_configure=False, ament_cmake_args=None, catkin_cmake_args=None, catkin_skip_building_tests=False, mixin_files=None, mixin=None, verb_parser=<colcon_mixin.mixin.mixin_argument.MixinArgumentDecorator object at 0x7bb649aa8370>, verb_extension=<colcon_core.verb.build.BuildVerb object at 0x7bb649a290f0>, main=<bound method BuildVerb.main of <colcon_core.verb.build.BuildVerb object at 0x7bb649a290f0>>, mixin_verb=('build',))
[0.212s] Level 1:colcon.colcon_core.package_discovery:discover_packages(colcon_meta) check parameters
[0.212s] Level 1:colcon.colcon_core.package_discovery:discover_packages(recursive) check parameters
[0.212s] Level 1:colcon.colcon_core.package_discovery:discover_packages(ignore) check parameters
[0.212s] Level 1:colcon.colcon_core.package_discovery:discover_packages(path) check parameters
[0.212s] Level 1:colcon.colcon_core.package_discovery:discover_packages(colcon_meta) discover
[0.212s] Level 1:colcon.colcon_core.package_discovery:discover_packages(recursive) discover
[0.212s] INFO:colcon.colcon_core.package_discovery:Crawling recursively for packages in '/home/bhadwabhindi/panda_ws'
[0.212s] Level 1:colcon.colcon_core.package_identification:_identify(.) by extensions ['ignore', 'ignore_ament_install']
[0.212s] Level 1:colcon.colcon_core.package_identification:_identify(.) by extension 'ignore'
[0.212s] Level 1:colcon.colcon_core.package_identification:_identify(.) by extension 'ignore_ament_install'
[0.212s] Level 1:colcon.colcon_core.package_identification:_identify(.) by extensions ['colcon_pkg']
[0.212s] Level 1:colcon.colcon_core.package_identification:_identify(.) by extension 'colcon_pkg'
[0.212s] Level 1:colcon.colcon_core.package_identification:_identify(.) by extensions ['colcon_meta']
[0.212s] Level 1:colcon.colcon_core.package_identification:_identify(.) by extension 'colcon_meta'
[0.212s] Level 1:colcon.colcon_core.package_identification:_identify(.) by extensions ['ros']
[0.212s] Level 1:colcon.colcon_core.package_identification:_identify(.) by extension 'ros'
[0.221s] Level 1:colcon.colcon_core.package_identification:_identify(.) by extensions ['cmake', 'python']
[0.221s] Level 1:colcon.colcon_core.package_identification:_identify(.) by extension 'cmake'
[0.221s] Level 1:colcon.colcon_core.package_identification:_identify(.) by extension 'python'
[0.221s] Level 1:colcon.colcon_core.package_identification:_identify(.) by extensions ['python_setup_py']
[0.221s] Level 1:colcon.colcon_core.package_identification:_identify(.) by extension 'python_setup_py'
[0.221s] Level 1:colcon.colcon_core.package_identification:_identify(build) by extensions ['ignore', 'ignore_ament_install']
[0.221s] Level 1:colcon.colcon_core.package_identification:_identify(build) by extension 'ignore'
[0.221s] Level 1:colcon.colcon_core.package_identification:_identify(build) ignored
[0.221s] Level 1:colcon.colcon_core.package_identification:_identify(install) by extensions ['ignore', 'ignore_ament_install']
[0.221s] Level 1:colcon.colcon_core.package_identification:_identify(install) by extension 'ignore'
[0.221s] Level 1:colcon.colcon_core.package_identification:_identify(install) ignored
[0.221s] Level 1:colcon.colcon_core.package_identification:_identify(log) by extensions ['ignore', 'ignore_ament_install']
[0.221s] Level 1:colcon.colcon_core.package_identification:_identify(log) by extension 'ignore'
[0.222s] Level 1:colcon.colcon_core.package_identification:_identify(log) ignored
[0.222s] Level 1:colcon.colcon_core.package_identification:_identify(src) by extensions ['ignore', 'ignore_ament_install']
[0.222s] Level 1:colcon.colcon_core.package_identification:_identify(src) by extension 'ignore'
[0.222s] Level 1:colcon.colcon_core.package_identification:_identify(src) by extension 'ignore_ament_install'
[0.222s] Level 1:colcon.colcon_core.package_identification:_identify(src) by extensions ['colcon_pkg']
[0.222s] Level 1:colcon.colcon_core.package_identification:_identify(src) by extension 'colcon_pkg'
[0.222s] Level 1:colcon.colcon_core.package_identification:_identify(src) by extensions ['colcon_meta']
[0.222s] Level 1:colcon.colcon_core.package_identification:_identify(src) by extension 'colcon_meta'
[0.222s] Level 1:colcon.colcon_core.package_identification:_identify(src) by extensions ['ros']
[0.222s] Level 1:colcon.colcon_core.package_identification:_identify(src) by extension 'ros'
[0.222s] Level 1:colcon.colcon_core.package_identification:_identify(src) by extensions ['cmake', 'python']
[0.222s] Level 1:colcon.colcon_core.package_identification:_identify(src) by extension 'cmake'
[0.222s] Level 1:colcon.colcon_core.package_identification:_identify(src) by extension 'python'
[0.222s] Level 1:colcon.colcon_core.package_identification:_identify(src) by extensions ['python_setup_py']
[0.222s] Level 1:colcon.colcon_core.package_identification:_identify(src) by extension 'python_setup_py'
[0.222s] Level 1:colcon.colcon_core.package_identification:_identify(src/panda_bringup) by extensions ['ignore', 'ignore_ament_install']
[0.222s] Level 1:colcon.colcon_core.package_identification:_identify(src/panda_bringup) by extension 'ignore'
[0.222s] Level 1:colcon.colcon_core.package_identification:_identify(src/panda_bringup) by extension 'ignore_ament_install'
[0.222s] Level 1:colcon.colcon_core.package_identification:_identify(src/panda_bringup) by extensions ['colcon_pkg']
[0.222s] Level 1:colcon.colcon_core.package_identification:_identify(src/panda_bringup) by extension 'colcon_pkg'
[0.222s] Level 1:colcon.colcon_core.package_identification:_identify(src/panda_bringup) by extensions ['colcon_meta']
[0.222s] Level 1:colcon.colcon_core.package_identification:_identify(src/panda_bringup) by extension 'colcon_meta'
[0.222s] Level 1:colcon.colcon_core.package_identification:_identify(src/panda_bringup) by extensions ['ros']
[0.222s] Level 1:colcon.colcon_core.package_identification:_identify(src/panda_bringup) by extension 'ros'
[0.224s] DEBUG:colcon.colcon_core.package_identification:Package 'src/panda_bringup' with type 'ros.ament_cmake' and name 'panda_bringup'
[0.224s] Level 1:colcon.colcon_core.package_identification:_identify(src/panda_controller) by extensions ['ignore', 'ignore_ament_install']
[0.224s] Level 1:colcon.colcon_core.package_identification:_identify(src/panda_controller) by extension 'ignore'
[0.224s] Level 1:colcon.colcon_core.package_identification:_identify(src/panda_controller) by extension 'ignore_ament_install'
[0.224s] Level 1:colcon.colcon_core.package_identification:_identify(src/panda_controller) by extensions ['colcon_pkg']
[0.224s] Level 1:colcon.colcon_core.package_identification:_identify(src/panda_controller) by extension 'colcon_pkg'
[0.224s] Level 1:colcon.colcon_core.package_identification:_identify(src/panda_controller) by extensions ['colcon_meta']
[0.224s] Level 1:colcon.colcon_core.package_identification:_identify(src/panda_controller) by extension 'colcon_meta'
[0.224s] Level 1:colcon.colcon_core.package_identification:_identify(src/panda_controller) by extensions ['ros']
[0.224s] Level 1:colcon.colcon_core.package_identification:_identify(src/panda_controller) by extension 'ros'
[0.224s] DEBUG:colcon.colcon_core.package_identification:Package 'src/panda_controller' with type 'ros.ament_cmake' and name 'panda_controller'
[0.224s] Level 1:colcon.colcon_core.package_identification:_identify(src/panda_description) by extensions ['ignore', 'ignore_ament_install']
[0.224s] Level 1:colcon.colcon_core.package_identification:_identify(src/panda_description) by extension 'ignore'
[0.224s] Level 1:colcon.colcon_core.package_identification:_identify(src/panda_description) by extension 'ignore_ament_install'
[0.225s] Level 1:colcon.colcon_core.package_identification:_identify(src/panda_description) by extensions ['colcon_pkg']
[0.225s] Level 1:colcon.colcon_core.package_identification:_identify(src/panda_description) by extension 'colcon_pkg'
[0.225s] Level 1:colcon.colcon_core.package_identification:_identify(src/panda_description) by extensions ['colcon_meta']
[0.225s] Level 1:colcon.colcon_core.package_identification:_identify(src/panda_description) by extension 'colcon_meta'
[0.225s] Level 1:colcon.colcon_core.package_identification:_identify(src/panda_description) by extensions ['ros']
[0.225s] Level 1:colcon.colcon_core.package_identification:_identify(src/panda_description) by extension 'ros'
[0.226s] DEBUG:colcon.colcon_core.package_identification:Package 'src/panda_description' with type 'ros.ament_cmake' and name 'panda_description'
[0.226s] Level 1:colcon.colcon_core.package_identification:_identify(src/panda_moveit) by extensions ['ignore', 'ignore_ament_install']
[0.226s] Level 1:colcon.colcon_core.package_identification:_identify(src/panda_moveit) by extension 'ignore'
[0.226s] Level 1:colcon.colcon_core.package_identification:_identify(src/panda_moveit) by extension 'ignore_ament_install'
[0.226s] Level 1:colcon.colcon_core.package_identification:_identify(src/panda_moveit) by extensions ['colcon_pkg']
[0.226s] Level 1:colcon.colcon_core.package_identification:_identify(src/panda_moveit) by extension 'colcon_pkg'
[0.226s] Level 1:colcon.colcon_core.package_identification:_identify(src/panda_moveit) by extensions ['colcon_meta']
[0.226s] Level 1:colcon.colcon_core.package_identification:_identify(src/panda_moveit) by extension 'colcon_meta'
[0.226s] Level 1:colcon.colcon_core.package_identification:_identify(src/panda_moveit) by extensions ['ros']
[0.226s] Level 1:colcon.colcon_core.package_identification:_identify(src/panda_moveit) by extension 'ros'
[0.227s] DEBUG:colcon.colcon_core.package_identification:Package 'src/panda_moveit' with type 'ros.ament_cmake' and name 'panda_moveit'
[0.227s] Level 1:colcon.colcon_core.package_identification:_identify(src/panda_vision) by extensions ['ignore', 'ignore_ament_install']
[0.227s] Level 1:colcon.colcon_core.package_identification:_identify(src/panda_vision) by extension 'ignore'
[0.227s] Level 1:colcon.colcon_core.package_identification:_identify(src/panda_vision) by extension 'ignore_ament_install'
[0.227s] Level 1:colcon.colcon_core.package_identification:_identify(src/panda_vision) by extensions ['colcon_pkg']
[0.227s] Level 1:colcon.colcon_core.package_identification:_identify(src/panda_vision) by extension 'colcon_pkg'
[0.227s] Level 1:colcon.colcon_core.package_identification:_identify(src/panda_vision) by extensions ['colcon_meta']
[0.227s] Level 1:colcon.colcon_core.package_identification:_identify(src/panda_vision) by extension 'colcon_meta'
[0.227s] Level 1:colcon.colcon_core.package_identification:_identify(src/panda_vision) by extensions ['ros']
[0.227s] Level 1:colcon.colcon_core.package_identification:_identify(src/panda_vision) by extension 'ros'
[0.228s] DEBUG:colcon.colcon_core.package_identification:Package 'src/panda_vision' with type 'ros.ament_python' and name 'panda_vision'
[0.228s] Level 1:colcon.colcon_core.package_identification:_identify(src/pymoveit2) by extensions ['ignore', 'ignore_ament_install']
[0.228s] Level 1:colcon.colcon_core.package_identification:_identify(src/pymoveit2) by extension 'ignore'
[0.228s] Level 1:colcon.colcon_core.package_identification:_identify(src/pymoveit2) by extension 'ignore_ament_install'
[0.228s] Level 1:colcon.colcon_core.package_identification:_identify(src/pymoveit2) by extensions ['colcon_pkg']
[0.228s] Level 1:colcon.colcon_core.package_identification:_identify(src/pymoveit2) by extension 'colcon_pkg'
[0.228s] Level 1:colcon.colcon_core.package_identification:_identify(src/pymoveit2) by extensions ['colcon_meta']
[0.228s] Level 1:colcon.colcon_core.package_identification:_identify(src/pymoveit2) by extension 'colcon_meta'
[0.228s] Level 1:colcon.colcon_core.package_identification:_identify(src/pymoveit2) by extensions ['ros']
[0.228s] Level 1:colcon.colcon_core.package_identification:_identify(src/pymoveit2) by extension 'ros'
[0.228s] DEBUG:colcon.colcon_core.package_identification:Package 'src/pymoveit2' with type 'ros.ament_cmake' and name 'pymoveit2'
[0.228s] Level 1:colcon.colcon_core.package_discovery:discover_packages(recursive) using defaults
[0.228s] Level 1:colcon.colcon_core.package_discovery:discover_packages(ignore) discover
[0.228s] Level 1:colcon.colcon_core.package_discovery:discover_packages(ignore) using defaults
[0.228s] Level 1:colcon.colcon_core.package_discovery:discover_packages(path) discover
[0.228s] Level 1:colcon.colcon_core.package_discovery:discover_packages(path) using defaults
[0.241s] Level 1:colcon.colcon_core.package_discovery:discover_packages(prefix_path) check parameters
[0.241s] Level 1:colcon.colcon_core.package_discovery:discover_packages(prefix_path) discover
[0.242s] DEBUG:colcon.colcon_installed_package_information.package_discovery:Found 6 installed packages in /home/bhadwabhindi/panda_ws/install
[0.242s] DEBUG:colcon.colcon_installed_package_information.package_discovery:Found 3 installed packages in /home/bhadwabhindi/ros2_ws/install
[0.243s] DEBUG:colcon.colcon_installed_package_information.package_discovery:Found 438 installed packages in /opt/ros/humble
[0.245s] Level 1:colcon.colcon_core.package_discovery:discover_packages(prefix_path) using defaults
[0.272s] Level 5:colcon.colcon_core.verb:set package 'panda_description' build argument 'cmake_args' from command line to 'None'
[0.272s] Level 5:colcon.colcon_core.verb:set package 'panda_description' build argument 'cmake_target' from command line to 'None'
[0.272s] Level 5:colcon.colcon_core.verb:set package 'panda_description' build argument 'cmake_target_skip_unavailable' from command line to 'False'
[0.272s] Level 5:colcon.colcon_core.verb:set package 'panda_description' build argument 'cmake_clean_cache' from command line to 'False'
[0.272s] Level 5:colcon.colcon_core.verb:set package 'panda_description' build argument 'cmake_clean_first' from command line to 'False'
[0.272s] Level 5:colcon.colcon_core.verb:set package 'panda_description' build argument 'cmake_force_configure' from command line to 'False'
[0.272s] Level 5:colcon.colcon_core.verb:set package 'panda_description' build argument 'ament_cmake_args' from command line to 'None'
[0.272s] Level 5:colcon.colcon_core.verb:set package 'panda_description' build argument 'catkin_cmake_args' from command line to 'None'
[0.272s] Level 5:colcon.colcon_core.verb:set package 'panda_description' build argument 'catkin_skip_building_tests' from command line to 'False'
[0.272s] DEBUG:colcon.colcon_core.verb:Building package 'panda_description' with the following arguments: {'ament_cmake_args': None, 'build_base': '/home/bhadwabhindi/panda_ws/build/panda_description', 'catkin_cmake_args': None, 'catkin_skip_building_tests': False, 'cmake_args': None, 'cmake_clean_cache': False, 'cmake_clean_first': False, 'cmake_force_configure': False, 'cmake_target': None, 'cmake_target_skip_unavailable': False, 'install_base': '/home/bhadwabhindi/panda_ws/install/panda_description', 'merge_install': False, 'path': '/home/bhadwabhindi/panda_ws/src/panda_description', 'symlink_install': False, 'test_result_base': None}
[0.272s] Level 5:colcon.colcon_core.verb:set package 'panda_vision' build argument 'cmake_args' from command line to 'None'
[0.272s] Level 5:colcon.colcon_core.verb:set package 'panda_vision' build argument 'cmake_target' from command line to 'None'
[0.272s] Level 5:colcon.colcon_core.verb:set package 'panda_vision' build argument 'cmake_target_skip_unavailable' from command line to 'False'
[0.272s] Level 5:colcon.colcon_core.verb:set package 'panda_vision' build argument 'cmake_clean_cache' from command line to 'False'
[0.272s] Level 5:colcon.colcon_core.verb:set package 'panda_vision' build argument 'cmake_clean_first' from command line to 'False'
[0.272s] Level 5:colcon.colcon_core.verb:set package 'panda_vision' build argument 'cmake_force_configure' from command line to 'False'
[0.272s] Level 5:colcon.colcon_core.verb:set package 'panda_vision' build argument 'ament_cmake_args' from command line to 'None'
[0.272s] Level 5:colcon.colcon_core.verb:set package 'panda_vision' build argument 'catkin_cmake_args' from command line to 'None'
[0.272s] Level 5:colcon.colcon_core.verb:set package 'panda_vision' build argument 'catkin_skip_building_tests' from command line to 'False'
[0.272s] DEBUG:colcon.colcon_core.verb:Building package 'panda_vision' with the following arguments: {'ament_cmake_args': None, 'build_base': '/home/bhadwabhindi/panda_ws/build/panda_vision', 'catkin_cmake_args': None, 'catkin_skip_building_tests': False, 'cmake_args': None, 'cmake_clean_cache': False, 'cmake_clean_first': False, 'cmake_force_configure': False, 'cmake_target': None, 'cmake_target_skip_unavailable': False, 'install_base': '/home/bhadwabhindi/panda_ws/install/panda_vision', 'merge_install': False, 'path': '/home/bhadwabhindi/panda_ws/src/panda_vision', 'symlink_install': False, 'test_result_base': None}
[0.272s] Level 5:colcon.colcon_core.verb:set package 'pymoveit2' build argument 'cmake_args' from command line to 'None'
[0.272s] Level 5:colcon.colcon_core.verb:set package 'pymoveit2' build argument 'cmake_target' from command line to 'None'
[0.272s] Level 5:colcon.colcon_core.verb:set package 'pymoveit2' build argument 'cmake_target_skip_unavailable' from command line to 'False'
[0.272s] Level 5:colcon.colcon_core.verb:set package 'pymoveit2' build argument 'cmake_clean_cache' from command line to 'False'
[0.272s] Level 5:colcon.colcon_core.verb:set package 'pymoveit2' build argument 'cmake_clean_first' from command line to 'False'
[0.272s] Level 5:colcon.colcon_core.verb:set package 'pymoveit2' build argument 'cmake_force_configure' from command line to 'False'
[0.272s] Level 5:colcon.colcon_core.verb:set package 'pymoveit2' build argument 'ament_cmake_args' from command line to 'None'
[0.272s] Level 5:colcon.colcon_core.verb:set package 'pymoveit2' build argument 'catkin_cmake_args' from command line to 'None'
[0.272s] Level 5:colcon.colcon_core.verb:set package 'pymoveit2' build argument 'catkin_skip_building_tests' from command line to 'False'
[0.272s] DEBUG:colcon.colcon_core.verb:Building package 'pymoveit2' with the following arguments: {'ament_cmake_args': None, 'build_base': '/home/bhadwabhindi/panda_ws/build/pymoveit2', 'catkin_cmake_args': None, 'catkin_skip_building_tests': False, 'cmake_args': None, 'cmake_clean_cache': False, 'cmake_clean_first': False, 'cmake_force_configure': False, 'cmake_target': None, 'cmake_target_skip_unavailable': False, 'install_base': '/home/bhadwabhindi/panda_ws/install/pymoveit2', 'merge_install': False, 'path': '/home/bhadwabhindi/panda_ws/src/pymoveit2', 'symlink_install': False, 'test_result_base': None}
[0.273s] Level 5:colcon.colcon_core.verb:set package 'panda_controller' build argument 'cmake_args' from command line to 'None'
[0.273s] Level 5:colcon.colcon_core.verb:set package 'panda_controller' build argument 'cmake_target' from command line to 'None'
[0.273s] Level 5:colcon.colcon_core.verb:set package 'panda_controller' build argument 'cmake_target_skip_unavailable' from command line to 'False'
[0.273s] Level 5:colcon.colcon_core.verb:set package 'panda_controller' build argument 'cmake_clean_cache' from command line to 'False'
[0.273s] Level 5:colcon.colcon_core.verb:set package 'panda_controller' build argument 'cmake_clean_first' from command line to 'False'
[0.273s] Level 5:colcon.colcon_core.verb:set package 'panda_controller' build argument 'cmake_force_configure' from command line to 'False'
[0.273s] Level 5:colcon.colcon_core.verb:set package 'panda_controller' build argument 'ament_cmake_args' from command line to 'None'
[0.273s] Level 5:colcon.colcon_core.verb:set package 'panda_controller' build argument 'catkin_cmake_args' from command line to 'None'
[0.273s] Level 5:colcon.colcon_core.verb:set package 'panda_controller' build argument 'catkin_skip_building_tests' from command line to 'False'
[0.273s] DEBUG:colcon.colcon_core.verb:Building package 'panda_controller' with the following arguments: {'ament_cmake_args': None, 'build_base': '/home/bhadwabhindi/panda_ws/build/panda_controller', 'catkin_cmake_args': None, 'catkin_skip_building_tests': False, 'cmake_args': None, 'cmake_clean_cache': False, 'cmake_clean_first': False, 'cmake_force_configure': False, 'cmake_target': None, 'cmake_target_skip_unavailable': False, 'install_base': '/home/bhadwabhindi/panda_ws/install/panda_controller', 'merge_install': False, 'path': '/home/bhadwabhindi/panda_ws/src/panda_controller', 'symlink_install': False, 'test_result_base': None}
[0.273s] Level 5:colcon.colcon_core.verb:set package 'panda_moveit' build argument 'cmake_args' from command line to 'None'
[0.273s] Level 5:colcon.colcon_core.verb:set package 'panda_moveit' build argument 'cmake_target' from command line to 'None'
[0.273s] Level 5:colcon.colcon_core.verb:set package 'panda_moveit' build argument 'cmake_target_skip_unavailable' from command line to 'False'
[0.273s] Level 5:colcon.colcon_core.verb:set package 'panda_moveit' build argument 'cmake_clean_cache' from command line to 'False'
[0.273s] Level 5:colcon.colcon_core.verb:set package 'panda_moveit' build argument 'cmake_clean_first' from command line to 'False'
[0.273s] Level 5:colcon.colcon_core.verb:set package 'panda_moveit' build argument 'cmake_force_configure' from command line to 'False'
[0.273s] Level 5:colcon.colcon_core.verb:set package 'panda_moveit' build argument 'ament_cmake_args' from command line to 'None'
[0.273s] Level 5:colcon.colcon_core.verb:set package 'panda_moveit' build argument 'catkin_cmake_args' from command line to 'None'
[0.273s] Level 5:colcon.colcon_core.verb:set package 'panda_moveit' build argument 'catkin_skip_building_tests' from command line to 'False'
[0.273s] DEBUG:colcon.colcon_core.verb:Building package 'panda_moveit' with the following arguments: {'ament_cmake_args': None, 'build_base': '/home/bhadwabhindi/panda_ws/build/panda_moveit', 'catkin_cmake_args': None, 'catkin_skip_building_tests': False, 'cmake_args': None, 'cmake_clean_cache': False, 'cmake_clean_first': False, 'cmake_force_configure': False, 'cmake_target': None, 'cmake_target_skip_unavailable': False, 'install_base': '/home/bhadwabhindi/panda_ws/install/panda_moveit', 'merge_install': False, 'path': '/home/bhadwabhindi/panda_ws/src/panda_moveit', 'symlink_install': False, 'test_result_base': None}
[0.273s] Level 5:colcon.colcon_core.verb:set package 'panda_bringup' build argument 'cmake_args' from command line to 'None'
[0.273s] Level 5:colcon.colcon_core.verb:set package 'panda_bringup' build argument 'cmake_target' from command line to 'None'
[0.273s] Level 5:colcon.colcon_core.verb:set package 'panda_bringup' build argument 'cmake_target_skip_unavailable' from command line to 'False'
[0.273s] Level 5:colcon.colcon_core.verb:set package 'panda_bringup' build argument 'cmake_clean_cache' from command line to 'False'
[0.273s] Level 5:colcon.colcon_core.verb:set package 'panda_bringup' build argument 'cmake_clean_first' from command line to 'False'
[0.273s] Level 5:colcon.colcon_core.verb:set package 'panda_bringup' build argument 'cmake_force_configure' from command line to 'False'
[0.273s] Level 5:colcon.colcon_core.verb:set package 'panda_bringup' build argument 'ament_cmake_args' from command line to 'None'
[0.273s] Level 5:colcon.colcon_core.verb:set package 'panda_bringup' build argument 'catkin_cmake_args' from command line to 'None'
[0.273s] Level 5:colcon.colcon_core.verb:set package 'panda_bringup' build argument 'catkin_skip_building_tests' from command line to 'False'
[0.273s] DEBUG:colcon.colcon_core.verb:Building package 'panda_bringup' with the following arguments: {'ament_cmake_args': None, 'build_base': '/home/bhadwabhindi/panda_ws/build/panda_bringup', 'catkin_cmake_args': None, 'catkin_skip_building_tests': False, 'cmake_args': None, 'cmake_clean_cache': False, 'cmake_clean_first': False, 'cmake_force_configure': False, 'cmake_target': None, 'cmake_target_skip_unavailable': False, 'install_base': '/home/bhadwabhindi/panda_ws/install/panda_bringup', 'merge_install': False, 'path': '/home/bhadwabhindi/panda_ws/src/panda_bringup', 'symlink_install': False, 'test_result_base': None}
[0.273s] INFO:colcon.colcon_core.executor:Executing jobs using 'parallel' executor
[0.274s] DEBUG:colcon.colcon_parallel_executor.executor.parallel:run_until_complete
[0.274s] INFO:colcon.colcon_ros.task.ament_cmake.build:Building ROS package in '/home/bhadwabhindi/panda_ws/src/panda_description' with build type 'ament_cmake'
[0.274s] INFO:colcon.colcon_cmake.task.cmake.build:Building CMake package in '/home/bhadwabhindi/panda_ws/src/panda_description'
[0.276s] INFO:colcon.colcon_core.plugin_system:Skipping extension 'colcon_core.shell.bat': Not used on non-Windows systems
[0.276s] INFO:colcon.colcon_core.shell:Skip shell extension 'powershell' for command environment: Not usable outside of PowerShell
[0.276s] DEBUG:colcon.colcon_core.shell:Skip shell extension 'dsv' for command environment
[0.278s] INFO:colcon.colcon_ros.task.ament_python.build:Building ROS package in '/home/bhadwabhindi/panda_ws/src/panda_vision' with build type 'ament_python'
[0.278s] Level 1:colcon.colcon_core.shell:create_environment_hook('panda_vision', 'ament_prefix_path')
[0.279s] INFO:colcon.colcon_core.shell:Creating environment hook '/home/bhadwabhindi/panda_ws/install/panda_vision/share/panda_vision/hook/ament_prefix_path.ps1'
[0.279s] INFO:colcon.colcon_core.shell:Creating environment descriptor '/home/bhadwabhindi/panda_ws/install/panda_vision/share/panda_vision/hook/ament_prefix_path.dsv'
[0.279s] INFO:colcon.colcon_core.shell:Creating environment hook '/home/bhadwabhindi/panda_ws/install/panda_vision/share/panda_vision/hook/ament_prefix_path.sh'
[0.280s] INFO:colcon.colcon_core.shell:Skip shell extension 'powershell' for command environment: Not usable outside of PowerShell
[0.280s] DEBUG:colcon.colcon_core.shell:Skip shell extension 'dsv' for command environment
[0.282s] INFO:colcon.colcon_ros.task.ament_cmake.build:Building ROS package in '/home/bhadwabhindi/panda_ws/src/pymoveit2' with build type 'ament_cmake'
[0.282s] INFO:colcon.colcon_cmake.task.cmake.build:Building CMake package in '/home/bhadwabhindi/panda_ws/src/pymoveit2'
[0.282s] INFO:colcon.colcon_core.shell:Skip shell extension 'powershell' for command environment: Not usable outside of PowerShell
[0.282s] DEBUG:colcon.colcon_core.shell:Skip shell extension 'dsv' for command environment
[0.287s] DEBUG:colcon.colcon_core.event_handler.log_command:Invoking command in '/home/bhadwabhindi/panda_ws/build/panda_description': CMAKE_PREFIX_PATH=${CMAKE_PREFIX_PATH}:/home/bhadwabhindi/panda_ws/install/panda_vision:/home/bhadwabhindi/ros2_ws/install/surgiarm_description:/home/bhadwabhindi/ros2_ws/install/my_robot_controller:/opt/ros/humble /usr/bin/cmake --build /home/bhadwabhindi/panda_ws/build/panda_description -- -j12 -l12
[0.512s] INFO:colcon.colcon_core.task.python.build:Building Python package in '/home/bhadwabhindi/panda_ws/src/panda_vision'
[0.513s] INFO:colcon.colcon_core.shell:Skip shell extension 'powershell' for command environment: Not usable outside of PowerShell
[0.513s] DEBUG:colcon.colcon_core.shell:Skip shell extension 'dsv' for command environment
[0.518s] DEBUG:colcon.colcon_core.event_handler.log_command:Invoking command in '/home/bhadwabhindi/panda_ws/build/pymoveit2': CMAKE_PREFIX_PATH=${CMAKE_PREFIX_PATH}:/home/bhadwabhindi/panda_ws/install/panda_vision:/home/bhadwabhindi/ros2_ws/install/surgiarm_description:/home/bhadwabhindi/ros2_ws/install/my_robot_controller:/opt/ros/humble /usr/bin/cmake --build /home/bhadwabhindi/panda_ws/build/pymoveit2 -- -j12 -l12
[0.519s] DEBUG:colcon.colcon_core.event_handler.log_command:Invoked command in '/home/bhadwabhindi/panda_ws/build/panda_description' returned '0': CMAKE_PREFIX_PATH=${CMAKE_PREFIX_PATH}:/home/bhadwabhindi/panda_ws/install/panda_vision:/home/bhadwabhindi/ros2_ws/install/surgiarm_description:/home/bhadwabhindi/ros2_ws/install/my_robot_controller:/opt/ros/humble /usr/bin/cmake --build /home/bhadwabhindi/panda_ws/build/panda_description -- -j12 -l12
[0.526s] DEBUG:colcon.colcon_core.event_handler.log_command:Invoking command in '/home/bhadwabhindi/panda_ws/build/panda_description': CMAKE_PREFIX_PATH=${CMAKE_PREFIX_PATH}:/home/bhadwabhindi/panda_ws/install/panda_vision:/home/bhadwabhindi/ros2_ws/install/surgiarm_description:/home/bhadwabhindi/ros2_ws/install/my_robot_controller:/opt/ros/humble /usr/bin/cmake --install /home/bhadwabhindi/panda_ws/build/panda_description
[0.536s] Level 1:colcon.colcon_core.environment:create_environment_scripts_only(panda_description)
[0.537s] DEBUG:colcon.colcon_core.event_handler.log_command:Invoked command in '/home/bhadwabhindi/panda_ws/build/panda_description' returned '0': CMAKE_PREFIX_PATH=${CMAKE_PREFIX_PATH}:/home/bhadwabhindi/panda_ws/install/panda_vision:/home/bhadwabhindi/ros2_ws/install/surgiarm_description:/home/bhadwabhindi/ros2_ws/install/my_robot_controller:/opt/ros/humble /usr/bin/cmake --install /home/bhadwabhindi/panda_ws/build/panda_description
[0.538s] Level 1:colcon.colcon_core.environment:checking '/home/bhadwabhindi/panda_ws/install/panda_description' for CMake module files
[0.539s] Level 1:colcon.colcon_core.environment:checking '/home/bhadwabhindi/panda_ws/install/panda_description' for CMake config files
[0.539s] Level 1:colcon.colcon_core.shell:create_environment_hook('panda_description', 'cmake_prefix_path')
[0.539s] INFO:colcon.colcon_core.shell:Creating environment hook '/home/bhadwabhindi/panda_ws/install/panda_description/share/panda_description/hook/cmake_prefix_path.ps1'
[0.539s] INFO:colcon.colcon_core.shell:Creating environment descriptor '/home/bhadwabhindi/panda_ws/install/panda_description/share/panda_description/hook/cmake_prefix_path.dsv'
[0.539s] INFO:colcon.colcon_core.shell:Creating environment hook '/home/bhadwabhindi/panda_ws/install/panda_description/share/panda_description/hook/cmake_prefix_path.sh'
[0.540s] Level 1:colcon.colcon_core.environment:checking '/home/bhadwabhindi/panda_ws/install/panda_description/bin'
[0.540s] Level 1:colcon.colcon_core.environment:checking '/home/bhadwabhindi/panda_ws/install/panda_description/lib/pkgconfig/panda_description.pc'
[0.540s] Level 1:colcon.colcon_core.environment:checking '/home/bhadwabhindi/panda_ws/install/panda_description/lib/python3.10/site-packages'
[0.540s] Level 1:colcon.colcon_core.environment:checking '/home/bhadwabhindi/panda_ws/install/panda_description/bin'
[0.540s] INFO:colcon.colcon_core.shell:Creating package script '/home/bhadwabhindi/panda_ws/install/panda_description/share/panda_description/package.ps1'
[0.541s] INFO:colcon.colcon_core.shell:Creating package descriptor '/home/bhadwabhindi/panda_ws/install/panda_description/share/panda_description/package.dsv'
[0.541s] INFO:colcon.colcon_core.shell:Creating package script '/home/bhadwabhindi/panda_ws/install/panda_description/share/panda_description/package.sh'
[0.542s] INFO:colcon.colcon_core.shell:Creating package script '/home/bhadwabhindi/panda_ws/install/panda_description/share/panda_description/package.bash'
[0.542s] INFO:colcon.colcon_core.shell:Creating package script '/home/bhadwabhindi/panda_ws/install/panda_description/share/panda_description/package.zsh'
[0.542s] Level 1:colcon.colcon_core.environment:create_file_with_runtime_dependencies(/home/bhadwabhindi/panda_ws/install/panda_description/share/colcon-core/packages/panda_description)
[0.543s] Level 1:colcon.colcon_core.environment:create_environment_scripts_only(panda_description)
[0.543s] Level 1:colcon.colcon_core.environment:checking '/home/bhadwabhindi/panda_ws/install/panda_description' for CMake module files
[0.543s] Level 1:colcon.colcon_core.environment:checking '/home/bhadwabhindi/panda_ws/install/panda_description' for CMake config files
[0.543s] Level 1:colcon.colcon_core.shell:create_environment_hook('panda_description', 'cmake_prefix_path')
[0.543s] INFO:colcon.colcon_core.shell:Creating environment hook '/home/bhadwabhindi/panda_ws/install/panda_description/share/panda_description/hook/cmake_prefix_path.ps1'
[0.544s] INFO:colcon.colcon_core.shell:Creating environment descriptor '/home/bhadwabhindi/panda_ws/install/panda_description/share/panda_description/hook/cmake_prefix_path.dsv'
[0.544s] INFO:colcon.colcon_core.shell:Creating environment hook '/home/bhadwabhindi/panda_ws/install/panda_description/share/panda_description/hook/cmake_prefix_path.sh'
[0.544s] Level 1:colcon.colcon_core.environment:checking '/home/bhadwabhindi/panda_ws/install/panda_description/bin'
[0.544s] Level 1:colcon.colcon_core.environment:checking '/home/bhadwabhindi/panda_ws/install/panda_description/lib/pkgconfig/panda_description.pc'
[0.544s] Level 1:colcon.colcon_core.environment:checking '/home/bhadwabhindi/panda_ws/install/panda_description/lib/python3.10/site-packages'
[0.544s] Level 1:colcon.colcon_core.environment:checking '/home/bhadwabhindi/panda_ws/install/panda_description/bin'
[0.545s] INFO:colcon.colcon_core.shell:Creating package script '/home/bhadwabhindi/panda_ws/install/panda_description/share/panda_description/package.ps1'
[0.545s] INFO:colcon.colcon_core.shell:Creating package descriptor '/home/bhadwabhindi/panda_ws/install/panda_description/share/panda_description/package.dsv'
[0.545s] INFO:colcon.colcon_core.shell:Creating package script '/home/bhadwabhindi/panda_ws/install/panda_description/share/panda_description/package.sh'
[0.545s] INFO:colcon.colcon_core.shell:Creating package script '/home/bhadwabhindi/panda_ws/install/panda_description/share/panda_description/package.bash'
[0.545s] INFO:colcon.colcon_core.shell:Creating package script '/home/bhadwabhindi/panda_ws/install/panda_description/share/panda_description/package.zsh'
[0.546s] Level 1:colcon.colcon_core.environment:create_file_with_runtime_dependencies(/home/bhadwabhindi/panda_ws/install/panda_description/share/colcon-core/packages/panda_description)
[0.546s] INFO:colcon.colcon_ros.task.ament_cmake.build:Building ROS package in '/home/bhadwabhindi/panda_ws/src/panda_controller' with build type 'ament_cmake'
[0.546s] INFO:colcon.colcon_cmake.task.cmake.build:Building CMake package in '/home/bhadwabhindi/panda_ws/src/panda_controller'
[0.546s] INFO:colcon.colcon_core.shell:Skip shell extension 'powershell' for command environment: Not usable outside of PowerShell
[0.546s] DEBUG:colcon.colcon_core.shell:Skip shell extension 'dsv' for command environment
[0.549s] INFO:colcon.colcon_ros.task.ament_cmake.build:Building ROS package in '/home/bhadwabhindi/panda_ws/src/panda_moveit' with build type 'ament_cmake'
[0.549s] INFO:colcon.colcon_cmake.task.cmake.build:Building CMake package in '/home/bhadwabhindi/panda_ws/src/panda_moveit'
[0.549s] INFO:colcon.colcon_core.shell:Skip shell extension 'powershell' for command environment: Not usable outside of PowerShell
[0.549s] DEBUG:colcon.colcon_core.shell:Skip shell extension 'dsv' for command environment
[0.554s] DEBUG:colcon.colcon_core.event_handler.log_command:Invoking command in '/home/bhadwabhindi/panda_ws/build/panda_controller': CMAKE_PREFIX_PATH=/home/bhadwabhindi/panda_ws/install/panda_description:/home/bhadwabhindi/panda_ws/install/panda_bringup:/home/bhadwabhindi/panda_ws/install/pymoveit2:/home/bhadwabhindi/panda_ws/install/panda_moveit:/home/bhadwabhindi/panda_ws/install/panda_controller:/home/bhadwabhindi/ros2_ws/install/my_robot_bringup:/home/bhadwabhindi/panda_ws/install/panda_vision:/home/bhadwabhindi/ros2_ws/install/surgiarm_description:/home/bhadwabhindi/ros2_ws/install/my_robot_controller:/opt/ros/humble /usr/bin/cmake --build /home/bhadwabhindi/panda_ws/build/panda_controller -- -j12 -l12
[0.557s] DEBUG:colcon.colcon_core.event_handler.log_command:Invoking command in '/home/bhadwabhindi/panda_ws/build/panda_moveit': CMAKE_PREFIX_PATH=/home/bhadwabhindi/panda_ws/install/panda_description:/home/bhadwabhindi/panda_ws/install/panda_bringup:/home/bhadwabhindi/panda_ws/install/pymoveit2:/home/bhadwabhindi/panda_ws/install/panda_moveit:/home/bhadwabhindi/panda_ws/install/panda_controller:/home/bhadwabhindi/ros2_ws/install/my_robot_bringup:/home/bhadwabhindi/panda_ws/install/panda_vision:/home/bhadwabhindi/ros2_ws/install/surgiarm_description:/home/bhadwabhindi/ros2_ws/install/my_robot_controller:/opt/ros/humble /usr/bin/cmake --build /home/bhadwabhindi/panda_ws/build/panda_moveit -- -j12 -l12
[0.580s] DEBUG:colcon.colcon_core.event_handler.log_command:Invoked command in '/home/bhadwabhindi/panda_ws/build/panda_moveit' returned '0': CMAKE_PREFIX_PATH=/home/bhadwabhindi/panda_ws/install/panda_description:/home/bhadwabhindi/panda_ws/install/panda_bringup:/home/bhadwabhindi/panda_ws/install/pymoveit2:/home/bhadwabhindi/panda_ws/install/panda_moveit:/home/bhadwabhindi/panda_ws/install/panda_controller:/home/bhadwabhindi/ros2_ws/install/my_robot_bringup:/home/bhadwabhindi/panda_ws/install/panda_vision:/home/bhadwabhindi/ros2_ws/install/surgiarm_description:/home/bhadwabhindi/ros2_ws/install/my_robot_controller:/opt/ros/humble /usr/bin/cmake --build /home/bhadwabhindi/panda_ws/build/panda_moveit -- -j12 -l12
[0.581s] DEBUG:colcon.colcon_core.event_handler.log_command:Invoking command in '/home/bhadwabhindi/panda_ws/build/panda_moveit': CMAKE_PREFIX_PATH=/home/bhadwabhindi/panda_ws/install/panda_description:/home/bhadwabhindi/panda_ws/install/panda_bringup:/home/bhadwabhindi/panda_ws/install/pymoveit2:/home/bhadwabhindi/panda_ws/install/panda_moveit:/home/bhadwabhindi/panda_ws/install/panda_controller:/home/bhadwabhindi/ros2_ws/install/my_robot_bringup:/home/bhadwabhindi/panda_ws/install/panda_vision:/home/bhadwabhindi/ros2_ws/install/surgiarm_description:/home/bhadwabhindi/ros2_ws/install/my_robot_controller:/opt/ros/humble /usr/bin/cmake --install /home/bhadwabhindi/panda_ws/build/panda_moveit
[0.587s] Level 1:colcon.colcon_core.environment:create_environment_scripts_only(panda_moveit)
[0.588s] Level 1:colcon.colcon_core.environment:checking '/home/bhadwabhindi/panda_ws/install/panda_moveit' for CMake module files
[0.588s] DEBUG:colcon.colcon_core.event_handler.log_command:Invoked command in '/home/bhadwabhindi/panda_ws/build/panda_moveit' returned '0': CMAKE_PREFIX_PATH=/home/bhadwabhindi/panda_ws/install/panda_description:/home/bhadwabhindi/panda_ws/install/panda_bringup:/home/bhadwabhindi/panda_ws/install/pymoveit2:/home/bhadwabhindi/panda_ws/install/panda_moveit:/home/bhadwabhindi/panda_ws/install/panda_controller:/home/bhadwabhindi/ros2_ws/install/my_robot_bringup:/home/bhadwabhindi/panda_ws/install/panda_vision:/home/bhadwabhindi/ros2_ws/install/surgiarm_description:/home/bhadwabhindi/ros2_ws/install/my_robot_controller:/opt/ros/humble /usr/bin/cmake --install /home/bhadwabhindi/panda_ws/build/panda_moveit
[0.589s] Level 1:colcon.colcon_core.environment:checking '/home/bhadwabhindi/panda_ws/install/panda_moveit' for CMake config files
[0.589s] Level 1:colcon.colcon_core.shell:create_environment_hook('panda_moveit', 'cmake_prefix_path')
[0.589s] INFO:colcon.colcon_core.shell:Creating environment hook '/home/bhadwabhindi/panda_ws/install/panda_moveit/share/panda_moveit/hook/cmake_prefix_path.ps1'
[0.589s] INFO:colcon.colcon_core.shell:Creating environment descriptor '/home/bhadwabhindi/panda_ws/install/panda_moveit/share/panda_moveit/hook/cmake_prefix_path.dsv'
[0.590s] INFO:colcon.colcon_core.shell:Creating environment hook '/home/bhadwabhindi/panda_ws/install/panda_moveit/share/panda_moveit/hook/cmake_prefix_path.sh'
[0.590s] Level 1:colcon.colcon_core.environment:checking '/home/bhadwabhindi/panda_ws/install/panda_moveit/bin'
[0.590s] Level 1:colcon.colcon_core.environment:checking '/home/bhadwabhindi/panda_ws/install/panda_moveit/lib/pkgconfig/panda_moveit.pc'
[0.591s] Level 1:colcon.colcon_core.environment:checking '/home/bhadwabhindi/panda_ws/install/panda_moveit/lib/python3.10/site-packages'
[0.591s] Level 1:colcon.colcon_core.environment:checking '/home/bhadwabhindi/panda_ws/install/panda_moveit/bin'
[0.591s] INFO:colcon.colcon_core.shell:Creating package script '/home/bhadwabhindi/panda_ws/install/panda_moveit/share/panda_moveit/package.ps1'
[0.592s] INFO:colcon.colcon_core.shell:Creating package descriptor '/home/bhadwabhindi/panda_ws/install/panda_moveit/share/panda_moveit/package.dsv'
[0.592s] INFO:colcon.colcon_core.shell:Creating package script '/home/bhadwabhindi/panda_ws/install/panda_moveit/share/panda_moveit/package.sh'
[0.593s] INFO:colcon.colcon_core.shell:Creating package script '/home/bhadwabhindi/panda_ws/install/panda_moveit/share/panda_moveit/package.bash'
[0.593s] INFO:colcon.colcon_core.shell:Creating package script '/home/bhadwabhindi/panda_ws/install/panda_moveit/share/panda_moveit/package.zsh'
[0.594s] Level 1:colcon.colcon_core.environment:create_file_with_runtime_dependencies(/home/bhadwabhindi/panda_ws/install/panda_moveit/share/colcon-core/packages/panda_moveit)
[0.594s] Level 1:colcon.colcon_core.environment:create_environment_scripts_only(panda_moveit)
[0.594s] Level 1:colcon.colcon_core.environment:checking '/home/bhadwabhindi/panda_ws/install/panda_moveit' for CMake module files
[0.595s] Level 1:colcon.colcon_core.environment:checking '/home/bhadwabhindi/panda_ws/install/panda_moveit' for CMake config files
[0.595s] Level 1:colcon.colcon_core.shell:create_environment_hook('panda_moveit', 'cmake_prefix_path')
[0.595s] INFO:colcon.colcon_core.shell:Creating environment hook '/home/bhadwabhindi/panda_ws/install/panda_moveit/share/panda_moveit/hook/cmake_prefix_path.ps1'
[0.596s] INFO:colcon.colcon_core.shell:Creating environment descriptor '/home/bhadwabhindi/panda_ws/install/panda_moveit/share/panda_moveit/hook/cmake_prefix_path.dsv'
[0.596s] INFO:colcon.colcon_core.shell:Creating environment hook '/home/bhadwabhindi/panda_ws/install/panda_moveit/share/panda_moveit/hook/cmake_prefix_path.sh'
[0.597s] Level 1:colcon.colcon_core.environment:checking '/home/bhadwabhindi/panda_ws/install/panda_moveit/bin'
[0.597s] Level 1:colcon.colcon_core.environment:checking '/home/bhadwabhindi/panda_ws/install/panda_moveit/lib/pkgconfig/panda_moveit.pc'
[0.597s] Level 1:colcon.colcon_core.environment:checking '/home/bhadwabhindi/panda_ws/install/panda_moveit/lib/python3.10/site-packages'
[0.597s] Level 1:colcon.colcon_core.environment:checking '/home/bhadwabhindi/panda_ws/install/panda_moveit/bin'
[0.598s] INFO:colcon.colcon_core.shell:Creating package script '/home/bhadwabhindi/panda_ws/install/panda_moveit/share/panda_moveit/package.ps1'
[0.598s] INFO:colcon.colcon_core.shell:Creating package descriptor '/home/bhadwabhindi/panda_ws/install/panda_moveit/share/panda_moveit/package.dsv'
[0.599s] INFO:colcon.colcon_core.shell:Creating package script '/home/bhadwabhindi/panda_ws/install/panda_moveit/share/panda_moveit/package.sh'
[0.599s] INFO:colcon.colcon_core.shell:Creating package script '/home/bhadwabhindi/panda_ws/install/panda_moveit/share/panda_moveit/package.bash'
[0.599s] INFO:colcon.colcon_core.shell:Creating package script '/home/bhadwabhindi/panda_ws/install/panda_moveit/share/panda_moveit/package.zsh'
[0.600s] Level 1:colcon.colcon_core.environment:create_file_with_runtime_dependencies(/home/bhadwabhindi/panda_ws/install/panda_moveit/share/colcon-core/packages/panda_moveit)
[0.866s] DEBUG:colcon.colcon_core.event_handler.log_command:Invoked command in '/home/bhadwabhindi/panda_ws/build/pymoveit2' returned '0': CMAKE_PREFIX_PATH=${CMAKE_PREFIX_PATH}:/home/bhadwabhindi/panda_ws/install/panda_vision:/home/bhadwabhindi/ros2_ws/install/surgiarm_description:/home/bhadwabhindi/ros2_ws/install/my_robot_controller:/opt/ros/humble /usr/bin/cmake --build /home/bhadwabhindi/panda_ws/build/pymoveit2 -- -j12 -l12
[0.866s] DEBUG:colcon.colcon_core.event_handler.log_command:Invoking command in '/home/bhadwabhindi/panda_ws/build/pymoveit2': CMAKE_PREFIX_PATH=${CMAKE_PREFIX_PATH}:/home/bhadwabhindi/panda_ws/install/panda_vision:/home/bhadwabhindi/ros2_ws/install/surgiarm_description:/home/bhadwabhindi/ros2_ws/install/my_robot_controller:/opt/ros/humble /usr/bin/cmake --install /home/bhadwabhindi/panda_ws/build/pymoveit2
[0.903s] Level 1:colcon.colcon_core.environment:create_environment_scripts_only(pymoveit2)
[0.903s] Level 1:colcon.colcon_core.environment:checking '/home/bhadwabhindi/panda_ws/install/pymoveit2' for CMake module files
[0.903s] DEBUG:colcon.colcon_core.event_handler.log_command:Invoked command in '/home/bhadwabhindi/panda_ws/build/pymoveit2' returned '0': CMAKE_PREFIX_PATH=${CMAKE_PREFIX_PATH}:/home/bhadwabhindi/panda_ws/install/panda_vision:/home/bhadwabhindi/ros2_ws/install/surgiarm_description:/home/bhadwabhindi/ros2_ws/install/my_robot_controller:/opt/ros/humble /usr/bin/cmake --install /home/bhadwabhindi/panda_ws/build/pymoveit2
[0.904s] Level 1:colcon.colcon_core.environment:checking '/home/bhadwabhindi/panda_ws/install/pymoveit2' for CMake config files
[0.904s] Level 1:colcon.colcon_core.shell:create_environment_hook('pymoveit2', 'cmake_prefix_path')
[0.904s] INFO:colcon.colcon_core.shell:Creating environment hook '/home/bhadwabhindi/panda_ws/install/pymoveit2/share/pymoveit2/hook/cmake_prefix_path.ps1'
[0.904s] INFO:colcon.colcon_core.shell:Creating environment descriptor '/home/bhadwabhindi/panda_ws/install/pymoveit2/share/pymoveit2/hook/cmake_prefix_path.dsv'
[0.904s] INFO:colcon.colcon_core.shell:Creating environment hook '/home/bhadwabhindi/panda_ws/install/pymoveit2/share/pymoveit2/hook/cmake_prefix_path.sh'
[0.905s] Level 1:colcon.colcon_core.environment:checking '/home/bhadwabhindi/panda_ws/install/pymoveit2/lib'
[0.905s] Level 1:colcon.colcon_core.environment:checking '/home/bhadwabhindi/panda_ws/install/pymoveit2/bin'
[0.905s] Level 1:colcon.colcon_core.environment:checking '/home/bhadwabhindi/panda_ws/install/pymoveit2/lib/pkgconfig/pymoveit2.pc'
[0.905s] Level 1:colcon.colcon_core.environment:checking '/home/bhadwabhindi/panda_ws/install/pymoveit2/lib/python3.10/site-packages'
[0.905s] Level 1:colcon.colcon_core.environment:checking '/home/bhadwabhindi/panda_ws/install/pymoveit2/bin'
[0.906s] INFO:colcon.colcon_core.shell:Creating package script '/home/bhadwabhindi/panda_ws/install/pymoveit2/share/pymoveit2/package.ps1'
[0.906s] INFO:colcon.colcon_core.shell:Creating package descriptor '/home/bhadwabhindi/panda_ws/install/pymoveit2/share/pymoveit2/package.dsv'
[0.906s] INFO:colcon.colcon_core.shell:Creating package script '/home/bhadwabhindi/panda_ws/install/pymoveit2/share/pymoveit2/package.sh'
[0.906s] INFO:colcon.colcon_core.shell:Creating package script '/home/bhadwabhindi/panda_ws/install/pymoveit2/share/pymoveit2/package.bash'
[0.907s] INFO:colcon.colcon_core.shell:Creating package script '/home/bhadwabhindi/panda_ws/install/pymoveit2/share/pymoveit2/package.zsh'
[0.907s] Level 1:colcon.colcon_core.environment:create_file_with_runtime_dependencies(/home/bhadwabhindi/panda_ws/install/pymoveit2/share/colcon-core/packages/pymoveit2)
[0.907s] Level 1:colcon.colcon_core.environment:create_environment_scripts_only(pymoveit2)
[0.907s] Level 1:colcon.colcon_core.environment:checking '/home/bhadwabhindi/panda_ws/install/pymoveit2' for CMake module files
[0.907s] Level 1:colcon.colcon_core.environment:checking '/home/bhadwabhindi/panda_ws/install/pymoveit2' for CMake config files
[0.908s] Level 1:colcon.colcon_core.shell:create_environment_hook('pymoveit2', 'cmake_prefix_path')
[0.908s] INFO:colcon.colcon_core.shell:Creating environment hook '/home/bhadwabhindi/panda_ws/install/pymoveit2/share/pymoveit2/hook/cmake_prefix_path.ps1'
[0.908s] INFO:colcon.colcon_core.shell:Creating environment descriptor '/home/bhadwabhindi/panda_ws/install/pymoveit2/share/pymoveit2/hook/cmake_prefix_path.dsv'
[0.908s] INFO:colcon.colcon_core.shell:Creating environment hook '/home/bhadwabhindi/panda_ws/install/pymoveit2/share/pymoveit2/hook/cmake_prefix_path.sh'
[0.908s] Level 1:colcon.colcon_core.environment:checking '/home/bhadwabhindi/panda_ws/install/pymoveit2/lib'
[0.908s] Level 1:colcon.colcon_core.environment:checking '/home/bhadwabhindi/panda_ws/install/pymoveit2/bin'
[0.909s] Level 1:colcon.colcon_core.environment:checking '/home/bhadwabhindi/panda_ws/install/pymoveit2/lib/pkgconfig/pymoveit2.pc'
[0.909s] Level 1:colcon.colcon_core.environment:checking '/home/bhadwabhindi/panda_ws/install/pymoveit2/lib/python3.10/site-packages'
[0.909s] Level 1:colcon.colcon_core.environment:checking '/home/bhadwabhindi/panda_ws/install/pymoveit2/bin'
[0.909s] INFO:colcon.colcon_core.shell:Creating package script '/home/bhadwabhindi/panda_ws/install/pymoveit2/share/pymoveit2/package.ps1'
[0.909s] INFO:colcon.colcon_core.shell:Creating package descriptor '/home/bhadwabhindi/panda_ws/install/pymoveit2/share/pymoveit2/package.dsv'
[0.910s] INFO:colcon.colcon_core.shell:Creating package script '/home/bhadwabhindi/panda_ws/install/pymoveit2/share/pymoveit2/package.sh'
[0.910s] INFO:colcon.colcon_core.shell:Creating package script '/home/bhadwabhindi/panda_ws/install/pymoveit2/share/pymoveit2/package.bash'
[0.910s] INFO:colcon.colcon_core.shell:Creating package script '/home/bhadwabhindi/panda_ws/install/pymoveit2/share/pymoveit2/package.zsh'
[0.910s] Level 1:colcon.colcon_core.environment:create_file_with_runtime_dependencies(/home/bhadwabhindi/panda_ws/install/pymoveit2/share/colcon-core/packages/pymoveit2)
[0.928s] DEBUG:colcon.colcon_core.event_handler.log_command:Invoked command in '/home/bhadwabhindi/panda_ws/build/panda_controller' returned '0': CMAKE_PREFIX_PATH=/home/bhadwabhindi/panda_ws/install/panda_description:/home/bhadwabhindi/panda_ws/install/panda_bringup:/home/bhadwabhindi/panda_ws/install/pymoveit2:/home/bhadwabhindi/panda_ws/install/panda_moveit:/home/bhadwabhindi/panda_ws/install/panda_controller:/home/bhadwabhindi/ros2_ws/install/my_robot_bringup:/home/bhadwabhindi/panda_ws/install/panda_vision:/home/bhadwabhindi/ros2_ws/install/surgiarm_description:/home/bhadwabhindi/ros2_ws/install/my_robot_controller:/opt/ros/humble /usr/bin/cmake --build /home/bhadwabhindi/panda_ws/build/panda_controller -- -j12 -l12
[0.929s] DEBUG:colcon.colcon_core.event_handler.log_command:Invoking command in '/home/bhadwabhindi/panda_ws/build/panda_controller': CMAKE_PREFIX_PATH=/home/bhadwabhindi/panda_ws/install/panda_description:/home/bhadwabhindi/panda_ws/install/panda_bringup:/home/bhadwabhindi/panda_ws/install/pymoveit2:/home/bhadwabhindi/panda_ws/install/panda_moveit:/home/bhadwabhindi/panda_ws/install/panda_controller:/home/bhadwabhindi/ros2_ws/install/my_robot_bringup:/home/bhadwabhindi/panda_ws/install/panda_vision:/home/bhadwabhindi/ros2_ws/install/surgiarm_description:/home/bhadwabhindi/ros2_ws/install/my_robot_controller:/opt/ros/humble /usr/bin/cmake --install /home/bhadwabhindi/panda_ws/build/panda_controller
[0.932s] DEBUG:colcon.colcon_core.event_handler.log_command:Invoking command in '/home/bhadwabhindi/panda_ws/src/panda_vision': PYTHONPATH=/home/bhadwabhindi/panda_ws/build/panda_vision/prefix_override:/usr/lib/python3/dist-packages/colcon_core/task/python/colcon_distutils_commands:/home/bhadwabhindi/panda_ws/install/panda_vision/lib/python3.10/site-packages:${PYTHONPATH} /usr/bin/python3 -W ignore:setup.py install is deprecated -W ignore:easy_install command is deprecated setup.py egg_info --egg-base ../../build/panda_vision build --build-base /home/bhadwabhindi/panda_ws/build/panda_vision/build install --record /home/bhadwabhindi/panda_ws/build/panda_vision/install.log --single-version-externally-managed install_data
[0.961s] Level 1:colcon.colcon_core.environment:create_environment_scripts_only(panda_controller)
[0.962s] Level 1:colcon.colcon_core.environment:checking '/home/bhadwabhindi/panda_ws/install/panda_controller' for CMake module files
[0.962s] DEBUG:colcon.colcon_core.event_handler.log_command:Invoked command in '/home/bhadwabhindi/panda_ws/build/panda_controller' returned '0': CMAKE_PREFIX_PATH=/home/bhadwabhindi/panda_ws/install/panda_description:/home/bhadwabhindi/panda_ws/install/panda_bringup:/home/bhadwabhindi/panda_ws/install/pymoveit2:/home/bhadwabhindi/panda_ws/install/panda_moveit:/home/bhadwabhindi/panda_ws/install/panda_controller:/home/bhadwabhindi/ros2_ws/install/my_robot_bringup:/home/bhadwabhindi/panda_ws/install/panda_vision:/home/bhadwabhindi/ros2_ws/install/surgiarm_description:/home/bhadwabhindi/ros2_ws/install/my_robot_controller:/opt/ros/humble /usr/bin/cmake --install /home/bhadwabhindi/panda_ws/build/panda_controller
[0.962s] Level 1:colcon.colcon_core.environment:checking '/home/bhadwabhindi/panda_ws/install/panda_controller' for CMake config files
[0.962s] Level 1:colcon.colcon_core.shell:create_environment_hook('panda_controller', 'cmake_prefix_path')
[0.962s] INFO:colcon.colcon_core.shell:Creating environment hook '/home/bhadwabhindi/panda_ws/install/panda_controller/share/panda_controller/hook/cmake_prefix_path.ps1'
[0.963s] INFO:colcon.colcon_core.shell:Creating environment descriptor '/home/bhadwabhindi/panda_ws/install/panda_controller/share/panda_controller/hook/cmake_prefix_path.dsv'
[0.963s] INFO:colcon.colcon_core.shell:Creating environment hook '/home/bhadwabhindi/panda_ws/install/panda_controller/share/panda_controller/hook/cmake_prefix_path.sh'
[0.963s] Level 1:colcon.colcon_core.environment:checking '/home/bhadwabhindi/panda_ws/install/panda_controller/lib'
[0.963s] Level 1:colcon.colcon_core.environment:checking '/home/bhadwabhindi/panda_ws/install/panda_controller/bin'
[0.963s] Level 1:colcon.colcon_core.environment:checking '/home/bhadwabhindi/panda_ws/install/panda_controller/lib/pkgconfig/panda_controller.pc'
[0.963s] Level 1:colcon.colcon_core.environment:checking '/home/bhadwabhindi/panda_ws/install/panda_controller/lib/python3.10/site-packages'
[0.964s] Level 1:colcon.colcon_core.environment:checking '/home/bhadwabhindi/panda_ws/install/panda_controller/bin'
[0.964s] INFO:colcon.colcon_core.shell:Creating package script '/home/bhadwabhindi/panda_ws/install/panda_controller/share/panda_controller/package.ps1'
[0.964s] INFO:colcon.colcon_core.shell:Creating package descriptor '/home/bhadwabhindi/panda_ws/install/panda_controller/share/panda_controller/package.dsv'
[0.964s] INFO:colcon.colcon_core.shell:Creating package script '/home/bhadwabhindi/panda_ws/install/panda_controller/share/panda_controller/package.sh'
[0.964s] INFO:colcon.colcon_core.shell:Creating package script '/home/bhadwabhindi/panda_ws/install/panda_controller/share/panda_controller/package.bash'
[0.965s] INFO:colcon.colcon_core.shell:Creating package script '/home/bhadwabhindi/panda_ws/install/panda_controller/share/panda_controller/package.zsh'
[0.965s] Level 1:colcon.colcon_core.environment:create_file_with_runtime_dependencies(/home/bhadwabhindi/panda_ws/install/panda_controller/share/colcon-core/packages/panda_controller)
[0.965s] Level 1:colcon.colcon_core.environment:create_environment_scripts_only(panda_controller)
[0.965s] Level 1:colcon.colcon_core.environment:checking '/home/bhadwabhindi/panda_ws/install/panda_controller' for CMake module files
[0.965s] Level 1:colcon.colcon_core.environment:checking '/home/bhadwabhindi/panda_ws/install/panda_controller' for CMake config files
[0.965s] Level 1:colcon.colcon_core.shell:create_environment_hook('panda_controller', 'cmake_prefix_path')
[0.965s] INFO:colcon.colcon_core.shell:Creating environment hook '/home/bhadwabhindi/panda_ws/install/panda_controller/share/panda_controller/hook/cmake_prefix_path.ps1'
[0.966s] INFO:colcon.colcon_core.shell:Creating environment descriptor '/home/bhadwabhindi/panda_ws/install/panda_controller/share/panda_controller/hook/cmake_prefix_path.dsv'
[0.966s] INFO:colcon.colcon_core.shell:Creating environment hook '/home/bhadwabhindi/panda_ws/install/panda_controller/share/panda_controller/hook/cmake_prefix_path.sh'
[0.966s] Level 1:colcon.colcon_core.environment:checking '/home/bhadwabhindi/panda_ws/install/panda_controller/lib'
[0.966s] Level 1:colcon.colcon_core.environment:checking '/home/bhadwabhindi/panda_ws/install/panda_controller/bin'
[0.966s] Level 1:colcon.colcon_core.environment:checking '/home/bhadwabhindi/panda_ws/install/panda_controller/lib/pkgconfig/panda_controller.pc'
[0.966s] Level 1:colcon.colcon_core.environment:checking '/home/bhadwabhindi/panda_ws/install/panda_controller/lib/python3.10/site-packages'
[0.966s] Level 1:colcon.colcon_core.environment:checking '/home/bhadwabhindi/panda_ws/install/panda_controller/bin'
[0.967s] INFO:colcon.colcon_core.shell:Creating package script '/home/bhadwabhindi/panda_ws/install/panda_controller/share/panda_controller/package.ps1'
[0.967s] INFO:colcon.colcon_core.shell:Creating package descriptor '/home/bhadwabhindi/panda_ws/install/panda_controller/share/panda_controller/package.dsv'
[0.967s] INFO:colcon.colcon_core.shell:Creating package script '/home/bhadwabhindi/panda_ws/install/panda_controller/share/panda_controller/package.sh'
[0.967s] INFO:colcon.colcon_core.shell:Creating package script '/home/bhadwabhindi/panda_ws/install/panda_controller/share/panda_controller/package.bash'
[0.968s] INFO:colcon.colcon_core.shell:Creating package script '/home/bhadwabhindi/panda_ws/install/panda_controller/share/panda_controller/package.zsh'
[0.968s] Level 1:colcon.colcon_core.environment:create_file_with_runtime_dependencies(/home/bhadwabhindi/panda_ws/install/panda_controller/share/colcon-core/packages/panda_controller)
[1.278s] Level 1:colcon.colcon_core.environment:checking '/home/bhadwabhindi/panda_ws/install/panda_vision' for CMake module files
[1.279s] DEBUG:colcon.colcon_core.event_handler.log_command:Invoked command in '/home/bhadwabhindi/panda_ws/src/panda_vision' returned '0': PYTHONPATH=/home/bhadwabhindi/panda_ws/build/panda_vision/prefix_override:/usr/lib/python3/dist-packages/colcon_core/task/python/colcon_distutils_commands:/home/bhadwabhindi/panda_ws/install/panda_vision/lib/python3.10/site-packages:${PYTHONPATH} /usr/bin/python3 -W ignore:setup.py install is deprecated -W ignore:easy_install command is deprecated setup.py egg_info --egg-base ../../build/panda_vision build --build-base /home/bhadwabhindi/panda_ws/build/panda_vision/build install --record /home/bhadwabhindi/panda_ws/build/panda_vision/install.log --single-version-externally-managed install_data
[1.279s] Level 1:colcon.colcon_core.environment:checking '/home/bhadwabhindi/panda_ws/install/panda_vision' for CMake config files
[1.279s] Level 1:colcon.colcon_core.environment:checking '/home/bhadwabhindi/panda_ws/install/panda_vision/lib'
[1.279s] Level 1:colcon.colcon_core.environment:checking '/home/bhadwabhindi/panda_ws/install/panda_vision/bin'
[1.279s] Level 1:colcon.colcon_core.environment:checking '/home/bhadwabhindi/panda_ws/install/panda_vision/lib/pkgconfig/panda_vision.pc'
[1.280s] Level 1:colcon.colcon_core.environment:checking '/home/bhadwabhindi/panda_ws/install/panda_vision/lib/python3.10/site-packages'
[1.280s] Level 1:colcon.colcon_core.shell:create_environment_hook('panda_vision', 'pythonpath')
[1.280s] INFO:colcon.colcon_core.shell:Creating environment hook '/home/bhadwabhindi/panda_ws/install/panda_vision/share/panda_vision/hook/pythonpath.ps1'
[1.280s] INFO:colcon.colcon_core.shell:Creating environment descriptor '/home/bhadwabhindi/panda_ws/install/panda_vision/share/panda_vision/hook/pythonpath.dsv'
[1.280s] INFO:colcon.colcon_core.shell:Creating environment hook '/home/bhadwabhindi/panda_ws/install/panda_vision/share/panda_vision/hook/pythonpath.sh'
[1.281s] Level 1:colcon.colcon_core.environment:checking '/home/bhadwabhindi/panda_ws/install/panda_vision/bin'
[1.281s] Level 1:colcon.colcon_core.environment:create_environment_scripts_only(panda_vision)
[1.281s] INFO:colcon.colcon_core.shell:Creating package script '/home/bhadwabhindi/panda_ws/install/panda_vision/share/panda_vision/package.ps1'
[1.281s] INFO:colcon.colcon_core.shell:Creating package descriptor '/home/bhadwabhindi/panda_ws/install/panda_vision/share/panda_vision/package.dsv'
[1.281s] INFO:colcon.colcon_core.shell:Creating package script '/home/bhadwabhindi/panda_ws/install/panda_vision/share/panda_vision/package.sh'
[1.282s] INFO:colcon.colcon_core.shell:Creating package script '/home/bhadwabhindi/panda_ws/install/panda_vision/share/panda_vision/package.bash'
[1.282s] INFO:colcon.colcon_core.shell:Creating package script '/home/bhadwabhindi/panda_ws/install/panda_vision/share/panda_vision/package.zsh'
[1.282s] Level 1:colcon.colcon_core.environment:create_file_with_runtime_dependencies(/home/bhadwabhindi/panda_ws/install/panda_vision/share/colcon-core/packages/panda_vision)
[1.282s] INFO:colcon.colcon_ros.task.ament_cmake.build:Building ROS package in '/home/bhadwabhindi/panda_ws/src/panda_bringup' with build type 'ament_cmake'
[1.282s] INFO:colcon.colcon_cmake.task.cmake.build:Building CMake package in '/home/bhadwabhindi/panda_ws/src/panda_bringup'
[1.282s] INFO:colcon.colcon_core.shell:Skip shell extension 'powershell' for command environment: Not usable outside of PowerShell
[1.282s] DEBUG:colcon.colcon_core.shell:Skip shell extension 'dsv' for command environment
[1.291s] DEBUG:colcon.colcon_core.event_handler.log_command:Invoking command in '/home/bhadwabhindi/panda_ws/build/panda_bringup': AMENT_PREFIX_PATH=/home/bhadwabhindi/panda_ws/install/panda_vision:/home/bhadwabhindi/panda_ws/install/panda_bringup:/home/bhadwabhindi/panda_ws/install/pymoveit2:/home/bhadwabhindi/panda_ws/install/panda_moveit:/home/bhadwabhindi/panda_ws/install/panda_controller:/home/bhadwabhindi/panda_ws/install/panda_description:/home/bhadwabhindi/ros2_ws/install/surgiarm_description:/home/bhadwabhindi/ros2_ws/install/my_robot_controller:/home/bhadwabhindi/ros2_ws/install/my_robot_bringup:/opt/ros/humble CMAKE_PREFIX_PATH=/home/bhadwabhindi/panda_ws/install/panda_moveit:/home/bhadwabhindi/panda_ws/install/panda_controller:/home/bhadwabhindi/panda_ws/install/pymoveit2:/home/bhadwabhindi/panda_ws/install/panda_description:/home/bhadwabhindi/panda_ws/install/panda_bringup:/home/bhadwabhindi/ros2_ws/install/my_robot_bringup:/home/bhadwabhindi/panda_ws/install/panda_vision:/home/bhadwabhindi/ros2_ws/install/surgiarm_description:/home/bhadwabhindi/ros2_ws/install/my_robot_controller:/opt/ros/humble PYTHONPATH=/home/bhadwabhindi/panda_ws/install/panda_vision/lib/python3.10/site-packages:/home/bhadwabhindi/panda_ws/install/pymoveit2/local/lib/python3.10/dist-packages:/home/bhadwabhindi/panda_ws/install/panda_controller/local/lib/python3.10/dist-packages:/home/bhadwabhindi/ros2_ws/install/surgiarm_description/lib/python3.10/site-packages:/home/bhadwabhindi/ros2_ws/install/my_robot_controller/lib/python3.10/site-packages:/opt/ros/humble/lib/python3.10/site-packages:/opt/ros/humble/local/lib/python3.10/dist-packages /usr/bin/cmake --build /home/bhadwabhindi/panda_ws/build/panda_bringup -- -j12 -l12
[1.317s] DEBUG:colcon.colcon_core.event_handler.log_command:Invoked command in '/home/bhadwabhindi/panda_ws/build/panda_bringup' returned '0': AMENT_PREFIX_PATH=/home/bhadwabhindi/panda_ws/install/panda_vision:/home/bhadwabhindi/panda_ws/install/panda_bringup:/home/bhadwabhindi/panda_ws/install/pymoveit2:/home/bhadwabhindi/panda_ws/install/panda_moveit:/home/bhadwabhindi/panda_ws/install/panda_controller:/home/bhadwabhindi/panda_ws/install/panda_description:/home/bhadwabhindi/ros2_ws/install/surgiarm_description:/home/bhadwabhindi/ros2_ws/install/my_robot_controller:/home/bhadwabhindi/ros2_ws/install/my_robot_bringup:/opt/ros/humble CMAKE_PREFIX_PATH=/home/bhadwabhindi/panda_ws/install/panda_moveit:/home/bhadwabhindi/panda_ws/install/panda_controller:/home/bhadwabhindi/panda_ws/install/pymoveit2:/home/bhadwabhindi/panda_ws/install/panda_description:/home/bhadwabhindi/panda_ws/install/panda_bringup:/home/bhadwabhindi/ros2_ws/install/my_robot_bringup:/home/bhadwabhindi/panda_ws/install/panda_vision:/home/bhadwabhindi/ros2_ws/install/surgiarm_description:/home/bhadwabhindi/ros2_ws/install/my_robot_controller:/opt/ros/humble PYTHONPATH=/home/bhadwabhindi/panda_ws/install/panda_vision/lib/python3.10/site-packages:/home/bhadwabhindi/panda_ws/install/pymoveit2/local/lib/python3.10/dist-packages:/home/bhadwabhindi/panda_ws/install/panda_controller/local/lib/python3.10/dist-packages:/home/bhadwabhindi/ros2_ws/install/surgiarm_description/lib/python3.10/site-packages:/home/bhadwabhindi/ros2_ws/install/my_robot_controller/lib/python3.10/site-packages:/opt/ros/humble/lib/python3.10/site-packages:/opt/ros/humble/local/lib/python3.10/dist-packages /usr/bin/cmake --build /home/bhadwabhindi/panda_ws/build/panda_bringup -- -j12 -l12
[1.319s] DEBUG:colcon.colcon_core.event_handler.log_command:Invoking command in '/home/bhadwabhindi/panda_ws/build/panda_bringup': AMENT_PREFIX_PATH=/home/bhadwabhindi/panda_ws/install/panda_vision:/home/bhadwabhindi/panda_ws/install/panda_bringup:/home/bhadwabhindi/panda_ws/install/pymoveit2:/home/bhadwabhindi/panda_ws/install/panda_moveit:/home/bhadwabhindi/panda_ws/install/panda_controller:/home/bhadwabhindi/panda_ws/install/panda_description:/home/bhadwabhindi/ros2_ws/install/surgiarm_description:/home/bhadwabhindi/ros2_ws/install/my_robot_controller:/home/bhadwabhindi/ros2_ws/install/my_robot_bringup:/opt/ros/humble CMAKE_PREFIX_PATH=/home/bhadwabhindi/panda_ws/install/panda_moveit:/home/bhadwabhindi/panda_ws/install/panda_controller:/home/bhadwabhindi/panda_ws/install/pymoveit2:/home/bhadwabhindi/panda_ws/install/panda_description:/home/bhadwabhindi/panda_ws/install/panda_bringup:/home/bhadwabhindi/ros2_ws/install/my_robot_bringup:/home/bhadwabhindi/panda_ws/install/panda_vision:/home/bhadwabhindi/ros2_ws/install/surgiarm_description:/home/bhadwabhindi/ros2_ws/install/my_robot_controller:/opt/ros/humble PYTHONPATH=/home/bhadwabhindi/panda_ws/install/panda_vision/lib/python3.10/site-packages:/home/bhadwabhindi/panda_ws/install/pymoveit2/local/lib/python3.10/dist-packages:/home/bhadwabhindi/panda_ws/install/panda_controller/local/lib/python3.10/dist-packages:/home/bhadwabhindi/ros2_ws/install/surgiarm_description/lib/python3.10/site-packages:/home/bhadwabhindi/ros2_ws/install/my_robot_controller/lib/python3.10/site-packages:/opt/ros/humble/lib/python3.10/site-packages:/opt/ros/humble/local/lib/python3.10/dist-packages /usr/bin/cmake --install /home/bhadwabhindi/panda_ws/build/panda_bringup
[1.325s] Level 1:colcon.colcon_core.environment:create_environment_scripts_only(panda_bringup)
[1.325s] Level 1:colcon.colcon_core.environment:checking '/home/bhadwabhindi/panda_ws/install/panda_bringup' for CMake module files
[1.325s] DEBUG:colcon.colcon_core.event_handler.log_command:Invoked command in '/home/bhadwabhindi/panda_ws/build/panda_bringup' returned '0': AMENT_PREFIX_PATH=/home/bhadwabhindi/panda_ws/install/panda_vision:/home/bhadwabhindi/panda_ws/install/panda_bringup:/home/bhadwabhindi/panda_ws/install/pymoveit2:/home/bhadwabhindi/panda_ws/install/panda_moveit:/home/bhadwabhindi/panda_ws/install/panda_controller:/home/bhadwabhindi/panda_ws/install/panda_description:/home/bhadwabhindi/ros2_ws/install/surgiarm_description:/home/bhadwabhindi/ros2_ws/install/my_robot_controller:/home/bhadwabhindi/ros2_ws/install/my_robot_bringup:/opt/ros/humble CMAKE_PREFIX_PATH=/home/bhadwabhindi/panda_ws/install/panda_moveit:/home/bhadwabhindi/panda_ws/install/panda_controller:/home/bhadwabhindi/panda_ws/install/pymoveit2:/home/bhadwabhindi/panda_ws/install/panda_description:/home/bhadwabhindi/panda_ws/install/panda_bringup:/home/bhadwabhindi/ros2_ws/install/my_robot_bringup:/home/bhadwabhindi/panda_ws/install/panda_vision:/home/bhadwabhindi/ros2_ws/install/surgiarm_description:/home/bhadwabhindi/ros2_ws/install/my_robot_controller:/opt/ros/humble PYTHONPATH=/home/bhadwabhindi/panda_ws/install/panda_vision/lib/python3.10/site-packages:/home/bhadwabhindi/panda_ws/install/pymoveit2/local/lib/python3.10/dist-packages:/home/bhadwabhindi/panda_ws/install/panda_controller/local/lib/python3.10/dist-packages:/home/bhadwabhindi/ros2_ws/install/surgiarm_description/lib/python3.10/site-packages:/home/bhadwabhindi/ros2_ws/install/my_robot_controller/lib/python3.10/site-packages:/opt/ros/humble/lib/python3.10/site-packages:/opt/ros/humble/local/lib/python3.10/dist-packages /usr/bin/cmake --install /home/bhadwabhindi/panda_ws/build/panda_bringup
[1.326s] Level 1:colcon.colcon_core.environment:checking '/home/bhadwabhindi/panda_ws/install/panda_bringup' for CMake config files
[1.326s] Level 1:colcon.colcon_core.shell:create_environment_hook('panda_bringup', 'cmake_prefix_path')
[1.326s] INFO:colcon.colcon_core.shell:Creating environment hook '/home/bhadwabhindi/panda_ws/install/panda_bringup/share/panda_bringup/hook/cmake_prefix_path.ps1'
[1.326s] INFO:colcon.colcon_core.shell:Creating environment descriptor '/home/bhadwabhindi/panda_ws/install/panda_bringup/share/panda_bringup/hook/cmake_prefix_path.dsv'
[1.326s] INFO:colcon.colcon_core.shell:Creating environment hook '/home/bhadwabhindi/panda_ws/install/panda_bringup/share/panda_bringup/hook/cmake_prefix_path.sh'
[1.327s] Level 1:colcon.colcon_core.environment:checking '/home/bhadwabhindi/panda_ws/install/panda_bringup/bin'
[1.327s] Level 1:colcon.colcon_core.environment:checking '/home/bhadwabhindi/panda_ws/install/panda_bringup/lib/pkgconfig/panda_bringup.pc'
[1.327s] Level 1:colcon.colcon_core.environment:checking '/home/bhadwabhindi/panda_ws/install/panda_bringup/lib/python3.10/site-packages'
[1.327s] Level 1:colcon.colcon_core.environment:checking '/home/bhadwabhindi/panda_ws/install/panda_bringup/bin'
[1.327s] INFO:colcon.colcon_core.shell:Creating package script '/home/bhadwabhindi/panda_ws/install/panda_bringup/share/panda_bringup/package.ps1'
[1.327s] INFO:colcon.colcon_core.shell:Creating package descriptor '/home/bhadwabhindi/panda_ws/install/panda_bringup/share/panda_bringup/package.dsv'
[1.328s] INFO:colcon.colcon_core.shell:Creating package script '/home/bhadwabhindi/panda_ws/install/panda_bringup/share/panda_bringup/package.sh'
[1.328s] INFO:colcon.colcon_core.shell:Creating package script '/home/bhadwabhindi/panda_ws/install/panda_bringup/share/panda_bringup/package.bash'
[1.328s] INFO:colcon.colcon_core.shell:Creating package script '/home/bhadwabhindi/panda_ws/install/panda_bringup/share/panda_bringup/package.zsh'
[1.328s] Level 1:colcon.colcon_core.environment:create_file_with_runtime_dependencies(/home/bhadwabhindi/panda_ws/install/panda_bringup/share/colcon-core/packages/panda_bringup)
[1.328s] Level 1:colcon.colcon_core.environment:create_environment_scripts_only(panda_bringup)
[1.329s] Level 1:colcon.colcon_core.environment:checking '/home/bhadwabhindi/panda_ws/install/panda_bringup' for CMake module files
[1.329s] Level 1:colcon.colcon_core.environment:checking '/home/bhadwabhindi/panda_ws/install/panda_bringup' for CMake config files
[1.329s] Level 1:colcon.colcon_core.shell:create_environment_hook('panda_bringup', 'cmake_prefix_path')
[1.329s] INFO:colcon.colcon_core.shell:Creating environment hook '/home/bhadwabhindi/panda_ws/install/panda_bringup/share/panda_bringup/hook/cmake_prefix_path.ps1'
[1.329s] INFO:colcon.colcon_core.shell:Creating environment descriptor '/home/bhadwabhindi/panda_ws/install/panda_bringup/share/panda_bringup/hook/cmake_prefix_path.dsv'
[1.329s] INFO:colcon.colcon_core.shell:Creating environment hook '/home/bhadwabhindi/panda_ws/install/panda_bringup/share/panda_bringup/hook/cmake_prefix_path.sh'
[1.330s] Level 1:colcon.colcon_core.environment:checking '/home/bhadwabhindi/panda_ws/install/panda_bringup/bin'
[1.330s] Level 1:colcon.colcon_core.environment:checking '/home/bhadwabhindi/panda_ws/install/panda_bringup/lib/pkgconfig/panda_bringup.pc'
[1.330s] Level 1:colcon.colcon_core.environment:checking '/home/bhadwabhindi/panda_ws/install/panda_bringup/lib/python3.10/site-packages'
[1.330s] Level 1:colcon.colcon_core.environment:checking '/home/bhadwabhindi/panda_ws/install/panda_bringup/bin'
[1.330s] INFO:colcon.colcon_core.shell:Creating package script '/home/bhadwabhindi/panda_ws/install/panda_bringup/share/panda_bringup/package.ps1'
[1.330s] INFO:colcon.colcon_core.shell:Creating package descriptor '/home/bhadwabhindi/panda_ws/install/panda_bringup/share/panda_bringup/package.dsv'
[1.331s] INFO:colcon.colcon_core.shell:Creating package script '/home/bhadwabhindi/panda_ws/install/panda_bringup/share/panda_bringup/package.sh'
[1.331s] INFO:colcon.colcon_core.shell:Creating package script '/home/bhadwabhindi/panda_ws/install/panda_bringup/share/panda_bringup/package.bash'
[1.331s] INFO:colcon.colcon_core.shell:Creating package script '/home/bhadwabhindi/panda_ws/install/panda_bringup/share/panda_bringup/package.zsh'
[1.331s] Level 1:colcon.colcon_core.environment:create_file_with_runtime_dependencies(/home/bhadwabhindi/panda_ws/install/panda_bringup/share/colcon-core/packages/panda_bringup)
[1.331s] DEBUG:colcon.colcon_parallel_executor.executor.parallel:closing loop
[1.332s] DEBUG:colcon.colcon_parallel_executor.executor.parallel:loop closed
[1.332s] DEBUG:colcon.colcon_parallel_executor.executor.parallel:run_until_complete finished with '0'
[1.332s] DEBUG:colcon.colcon_core.event_reactor:joining thread
[1.336s] INFO:colcon.colcon_core.plugin_system:Skipping extension 'colcon_notification.desktop_notification.terminal_notifier': Not used on non-Darwin systems
[1.336s] INFO:colcon.colcon_core.plugin_system:Skipping extension 'colcon_notification.desktop_notification.win32': Not used on non-Windows systems
[1.336s] INFO:colcon.colcon_notification.desktop_notification:Sending desktop notification using 'notify2'
[1.344s] DEBUG:colcon.colcon_core.event_reactor:joined thread
[1.344s] INFO:colcon.colcon_core.shell:Creating prefix script '/home/bhadwabhindi/panda_ws/install/local_setup.ps1'
[1.345s] INFO:colcon.colcon_core.shell:Creating prefix util module '/home/bhadwabhindi/panda_ws/install/_local_setup_util_ps1.py'
[1.345s] INFO:colcon.colcon_core.shell:Creating prefix chain script '/home/bhadwabhindi/panda_ws/install/setup.ps1'
[1.346s] INFO:colcon.colcon_core.shell:Creating prefix script '/home/bhadwabhindi/panda_ws/install/local_setup.sh'
[1.346s] INFO:colcon.colcon_core.shell:Creating prefix util module '/home/bhadwabhindi/panda_ws/install/_local_setup_util_sh.py'
[1.347s] INFO:colcon.colcon_core.shell:Creating prefix chain script '/home/bhadwabhindi/panda_ws/install/setup.sh'
[1.347s] INFO:colcon.colcon_core.shell:Creating prefix script '/home/bhadwabhindi/panda_ws/install/local_setup.bash'
[1.348s] INFO:colcon.colcon_core.shell:Creating prefix chain script '/home/bhadwabhindi/panda_ws/install/setup.bash'
[1.349s] INFO:colcon.colcon_core.shell:Creating prefix script '/home/bhadwabhindi/panda_ws/install/local_setup.zsh'
[1.349s] INFO:colcon.colcon_core.shell:Creating prefix chain script '/home/bhadwabhindi/panda_ws/install/setup.zsh'
