[0.005s] Invoking command in '/home/bhadwabhindi/panda_ws/build/panda_description': CMAKE_PREFIX_PATH=${CMAKE_PREFIX_PATH}:/home/bhadwabhindi/ros2_ws/install/surgiarm_description:/home/bhadwabhindi/ros2_ws/install/my_robot_controller:/opt/ros/humble /usr/bin/cmake /home/bhadwabhindi/panda_ws/src/panda_description -DCMAKE_INSTALL_PREFIX=/home/bhadwabhindi/panda_ws/install/panda_description
[0.098s] -- The C compiler identification is GNU 11.4.0
[0.157s] -- The CXX compiler identification is GNU 11.4.0
[0.163s] -- Detecting C compiler ABI info
[0.218s] -- Detecting C compiler ABI info - done
[0.223s] -- Check for working C compiler: /usr/bin/cc - skipped
[0.223s] -- Detecting C compile features
[0.224s] -- Detecting C compile features - done
[0.226s] -- Detecting CXX compiler ABI info
[0.289s] -- Detecting CXX compiler ABI info - done
[0.293s] -- Check for working CXX compiler: /usr/bin/c++ - skipped
[0.293s] -- Detecting CXX compile features
[0.294s] -- Detecting CXX compile features - done
[0.296s] -- Found ament_cmake: 1.3.12 (/opt/ros/humble/share/ament_cmake/cmake)
[0.724s] -- Found Python3: /usr/bin/python3 (found version "3.10.12") found components: Interpreter 
[0.801s] -- Found ament_lint_auto: 0.12.14 (/opt/ros/humble/share/ament_lint_auto/cmake)
[0.858s] -- Added test 'flake8' to check Python code syntax and style conventions
[0.858s] -- Added test 'lint_cmake' to check CMake code style
[0.858s] -- Added test 'pep257' to check Python code against some of the docstring style conventions in PEP 257
[0.860s] -- Added test 'xmllint' to check XML markup files
[0.860s] -- Configuring done
[0.862s] -- Generating done
[0.863s] -- Build files have been written to: /home/bhadwabhindi/panda_ws/build/panda_description
[0.866s] Invoked command in '/home/bhadwabhindi/panda_ws/build/panda_description' returned '0': CMAKE_PREFIX_PATH=${CMAKE_PREFIX_PATH}:/home/bhadwabhindi/ros2_ws/install/surgiarm_description:/home/bhadwabhindi/ros2_ws/install/my_robot_controller:/opt/ros/humble /usr/bin/cmake /home/bhadwabhindi/panda_ws/src/panda_description -DCMAKE_INSTALL_PREFIX=/home/bhadwabhindi/panda_ws/install/panda_description
[0.867s] Invoking command in '/home/bhadwabhindi/panda_ws/build/panda_description': CMAKE_PREFIX_PATH=${CMAKE_PREFIX_PATH}:/home/bhadwabhindi/ros2_ws/install/surgiarm_description:/home/bhadwabhindi/ros2_ws/install/my_robot_controller:/opt/ros/humble /usr/bin/cmake --build /home/bhadwabhindi/panda_ws/build/panda_description -- -j12 -l12
[0.892s] Invoked command in '/home/bhadwabhindi/panda_ws/build/panda_description' returned '0': CMAKE_PREFIX_PATH=${CMAKE_PREFIX_PATH}:/home/bhadwabhindi/ros2_ws/install/surgiarm_description:/home/bhadwabhindi/ros2_ws/install/my_robot_controller:/opt/ros/humble /usr/bin/cmake --build /home/bhadwabhindi/panda_ws/build/panda_description -- -j12 -l12
[0.897s] Invoking command in '/home/bhadwabhindi/panda_ws/build/panda_description': CMAKE_PREFIX_PATH=${CMAKE_PREFIX_PATH}:/home/bhadwabhindi/ros2_ws/install/surgiarm_description:/home/bhadwabhindi/ros2_ws/install/my_robot_controller:/opt/ros/humble /usr/bin/cmake --install /home/bhadwabhindi/panda_ws/build/panda_description
[0.902s] -- Install configuration: ""
[0.902s] -- Installing: /home/bhadwabhindi/panda_ws/install/panda_description/share/panda_description/launch
[0.902s] -- Installing: /home/bhadwabhindi/panda_ws/install/panda_description/share/panda_description/launch/display.launch.py
[0.902s] -- Installing: /home/bhadwabhindi/panda_ws/install/panda_description/share/panda_description/meshes
[0.902s] -- Installing: /home/bhadwabhindi/panda_ws/install/panda_description/share/panda_description/meshes/visual
[0.902s] -- Installing: /home/bhadwabhindi/panda_ws/install/panda_description/share/panda_description/meshes/visual/link2.dae
[0.902s] -- Installing: /home/bhadwabhindi/panda_ws/install/panda_description/share/panda_description/meshes/visual/link4.dae
[0.903s] -- Installing: /home/bhadwabhindi/panda_ws/install/panda_description/share/panda_description/meshes/visual/link6.dae
[0.904s] -- Installing: /home/bhadwabhindi/panda_ws/install/panda_description/share/panda_description/meshes/visual/link0.dae
[0.904s] -- Installing: /home/bhadwabhindi/panda_ws/install/panda_description/share/panda_description/meshes/visual/link3.dae
[0.905s] -- Installing: /home/bhadwabhindi/panda_ws/install/panda_description/share/panda_description/meshes/visual/finger.dae
[0.905s] -- Installing: /home/bhadwabhindi/panda_ws/install/panda_description/share/panda_description/meshes/visual/camera.stl
[0.905s] -- Installing: /home/bhadwabhindi/panda_ws/install/panda_description/share/panda_description/meshes/visual/link1.dae
[0.906s] -- Installing: /home/bhadwabhindi/panda_ws/install/panda_description/share/panda_description/meshes/visual/link7.dae
[0.906s] -- Installing: /home/bhadwabhindi/panda_ws/install/panda_description/share/panda_description/meshes/visual/hand.dae
[0.906s] -- Installing: /home/bhadwabhindi/panda_ws/install/panda_description/share/panda_description/meshes/visual/link5.dae
[0.907s] -- Installing: /home/bhadwabhindi/panda_ws/install/panda_description/share/panda_description/meshes/collision
[0.907s] -- Installing: /home/bhadwabhindi/panda_ws/install/panda_description/share/panda_description/meshes/collision/hand.obj
[0.907s] -- Installing: /home/bhadwabhindi/panda_ws/install/panda_description/share/panda_description/meshes/collision/link3.obj
[0.908s] -- Installing: /home/bhadwabhindi/panda_ws/install/panda_description/share/panda_description/meshes/collision/link7.obj
[0.908s] -- Installing: /home/bhadwabhindi/panda_ws/install/panda_description/share/panda_description/meshes/collision/link0.obj
[0.908s] -- Installing: /home/bhadwabhindi/panda_ws/install/panda_description/share/panda_description/meshes/collision/link6.obj
[0.910s] -- Installing: /home/bhadwabhindi/panda_ws/install/panda_description/share/panda_description/meshes/collision/link2.obj
[0.910s] -- Installing: /home/bhadwabhindi/panda_ws/install/panda_description/share/panda_description/meshes/collision/link1.obj
[0.910s] -- Installing: /home/bhadwabhindi/panda_ws/install/panda_description/share/panda_description/meshes/collision/camera.stl
[0.910s] -- Installing: /home/bhadwabhindi/panda_ws/install/panda_description/share/panda_description/meshes/collision/link4.obj
[0.910s] -- Installing: /home/bhadwabhindi/panda_ws/install/panda_description/share/panda_description/meshes/collision/finger.obj
[0.910s] -- Installing: /home/bhadwabhindi/panda_ws/install/panda_description/share/panda_description/meshes/collision/link5.obj
[0.911s] -- Installing: /home/bhadwabhindi/panda_ws/install/panda_description/share/panda_description/urdf
[0.911s] -- Installing: /home/bhadwabhindi/panda_ws/install/panda_description/share/panda_description/urdf/panda.urdf.xacro
[0.911s] -- Installing: /home/bhadwabhindi/panda_ws/install/panda_description/share/panda_description/urdf/arm.xacro
[0.911s] -- Installing: /home/bhadwabhindi/panda_ws/install/panda_description/share/panda_description/rviz
[0.911s] -- Installing: /home/bhadwabhindi/panda_ws/install/panda_description/share/panda_description/rviz/display.rviz
[0.911s] -- Installing: /home/bhadwabhindi/panda_ws/install/panda_description/share/ament_index/resource_index/package_run_dependencies/panda_description
[0.911s] -- Installing: /home/bhadwabhindi/panda_ws/install/panda_description/share/ament_index/resource_index/parent_prefix_path/panda_description
[0.911s] -- Installing: /home/bhadwabhindi/panda_ws/install/panda_description/share/panda_description/environment/ament_prefix_path.sh
[0.911s] -- Installing: /home/bhadwabhindi/panda_ws/install/panda_description/share/panda_description/environment/ament_prefix_path.dsv
[0.911s] -- Installing: /home/bhadwabhindi/panda_ws/install/panda_description/share/panda_description/environment/path.sh
[0.911s] -- Installing: /home/bhadwabhindi/panda_ws/install/panda_description/share/panda_description/environment/path.dsv
[0.911s] -- Installing: /home/bhadwabhindi/panda_ws/install/panda_description/share/panda_description/local_setup.bash
[0.911s] -- Installing: /home/bhadwabhindi/panda_ws/install/panda_description/share/panda_description/local_setup.sh
[0.911s] -- Installing: /home/bhadwabhindi/panda_ws/install/panda_description/share/panda_description/local_setup.zsh
[0.911s] -- Installing: /home/bhadwabhindi/panda_ws/install/panda_description/share/panda_description/local_setup.dsv
[0.911s] -- Installing: /home/bhadwabhindi/panda_ws/install/panda_description/share/panda_description/package.dsv
[0.911s] -- Installing: /home/bhadwabhindi/panda_ws/install/panda_description/share/ament_index/resource_index/packages/panda_description
[0.911s] -- Installing: /home/bhadwabhindi/panda_ws/install/panda_description/share/panda_description/cmake/panda_descriptionConfig.cmake
[0.911s] -- Installing: /home/bhadwabhindi/panda_ws/install/panda_description/share/panda_description/cmake/panda_descriptionConfig-version.cmake
[0.912s] -- Installing: /home/bhadwabhindi/panda_ws/install/panda_description/share/panda_description/package.xml
[0.913s] Invoked command in '/home/bhadwabhindi/panda_ws/build/panda_description' returned '0': CMAKE_PREFIX_PATH=${CMAKE_PREFIX_PATH}:/home/bhadwabhindi/ros2_ws/install/surgiarm_description:/home/bhadwabhindi/ros2_ws/install/my_robot_controller:/opt/ros/humble /usr/bin/cmake --install /home/bhadwabhindi/panda_ws/build/panda_description
